Log file open, 09/15/23 18:36:18
LogWindows: Failed to load 'aqProf.dll' (GetLastError=126)
LogWindows: File 'aqProf.dll' does not exist
LogWindows: Failed to load 'VtuneApi.dll' (GetLastError=126)
LogWindows: File 'VtuneApi.dll' does not exist
LogWindows: Failed to load 'VtuneApi32e.dll' (GetLastError=126)
LogWindows: File 'VtuneApi32e.dll' does not exist
LogConsoleResponse: Display: Failed to find resolution value strings in scalability ini. Falling back to default.
LogConsoleResponse: Display: Failed to find resolution value strings in scalability ini. Falling back to default.
LogInit: Display: Running engine for game: RPG
LogPlatformFile: Not using cached read wrapper
LogTaskGraph: Started task graph with 5 named threads and 14 total threads with 3 sets of task threads.
LogStats: Stats thread started at 0.381959
LogICUInternationalization: ICU TimeZone Detection - Raw Offset: -7:00, Platform Override: ''
LogInit: Display: Loading text-based GConfig....
LogPluginManager: Mounting plugin MeshPainting
LogPluginManager: Mounting plugin XGEController
LogPluginManager: Mounting plugin Paper2D
LogPluginManager: Mounting plugin LiveLink
LogPluginManager: Mounting plugin AISupport
LogPluginManager: Mounting plugin EnvironmentQueryEditor
LogPluginManager: Mounting plugin CameraShakePreviewer
LogPluginManager: Mounting plugin GameplayCameras
LogPluginManager: Mounting plugin AnimationSharing
LogPluginManager: Mounting plugin CLionSourceCodeAccess
LogPluginManager: Mounting plugin CodeLiteSourceCodeAccess
LogPluginManager: Mounting plugin GitSourceControl
LogPluginManager: Mounting plugin KDevelopSourceCodeAccess
LogPluginManager: Mounting plugin NullSourceCodeAccess
LogPluginManager: Mounting plugin PerforceSourceControl
LogPluginManager: Mounting plugin PixWinPlugin
LogPluginManager: Mounting plugin PlasticSourceControl
LogPluginManager: Mounting plugin PluginUtils
LogPluginManager: Mounting plugin RiderSourceCodeAccess
LogPluginManager: Mounting plugin SubversionSourceControl
LogPluginManager: Mounting plugin TextureFormatOodle
LogPluginManager: Mounting plugin PropertyAccessNode
LogPluginManager: Mounting plugin UObjectPlugin
LogPluginManager: Mounting plugin VisualStudioCodeSourceCodeAccess
LogPluginManager: Mounting plugin XCodeSourceCodeAccess
LogPluginManager: Mounting plugin VisualStudioSourceCodeAccess
LogPluginManager: Mounting plugin LightPropagationVolume
LogPluginManager: Mounting plugin DatasmithContent
LogPluginManager: Mounting plugin VariantManagerContent
LogPluginManager: Mounting plugin AssetManagerEditor
LogPluginManager: Mounting plugin CryptoKeys
LogPluginManager: Mounting plugin CurveEditorTools
LogPluginManager: Mounting plugin DataValidation
LogPluginManager: Mounting plugin FacialAnimation
LogPluginManager: Mounting plugin GameplayTagsEditor
LogPluginManager: Mounting plugin GeometryMode
LogPluginManager: Mounting plugin MacGraphicsSwitching
LogPluginManager: Mounting plugin MaterialAnalyzer
LogPluginManager: Mounting plugin MobileLauncherProfileWizard
LogPluginManager: Mounting plugin PluginBrowser
LogPluginManager: Mounting plugin SpeedTreeImporter
LogPluginManager: Mounting plugin AlembicImporter
LogPluginManager: Mounting plugin AutomationUtils
LogPluginManager: Mounting plugin BackChannel
LogPluginManager: Mounting plugin ChaosCloth
LogPluginManager: Mounting plugin ChaosNiagara
LogPluginManager: Mounting plugin ChaosEditor
LogPluginManager: Mounting plugin ChaosClothEditor
LogPluginManager: Mounting plugin ChaosSolverPlugin
LogPluginManager: Mounting plugin CharacterAI
LogPluginManager: Mounting plugin GeometryCache
LogPluginManager: Mounting plugin GeometryProcessing
LogPluginManager: Mounting plugin GeometryCollectionPlugin
LogPluginManager: Mounting plugin OpenImageDenoise
LogPluginManager: Mounting plugin MotoSynth
LogPluginManager: Mounting plugin PlatformCrypto
LogPluginManager: Mounting plugin ProxyLODPlugin
LogPluginManager: Mounting plugin PythonScriptPlugin
LogPluginManager: Mounting plugin PlanarCut
LogPluginManager: Mounting plugin SkeletalReduction
LogPluginManager: Mounting plugin Niagara
LogPluginManager: Mounting plugin OodleData
LogPluginManager: Mounting plugin OodleNetwork
LogPluginManager: Mounting plugin AutoSizeComments
LogPluginManager: Mounting plugin LuminPlatformFeatures
LogPluginManager: Mounting plugin QuestEditor
LogPluginManager: Mounting plugin MagicLeap
LogPluginManager: Mounting plugin MagicLeapLightEstimation
LogPluginManager: Mounting plugin MagicLeapMedia
LogPluginManager: Mounting plugin MagicLeapPassableWorld
LogPluginManager: Mounting plugin MLSDK
LogPluginManager: Mounting plugin AndroidMedia
LogPluginManager: Mounting plugin AvfMedia
LogPluginManager: Mounting plugin ImgMedia
LogPluginManager: Mounting plugin MediaPlayerEditor
LogPluginManager: Mounting plugin MediaCompositing
LogPluginManager: Mounting plugin WebMMedia
LogPluginManager: Mounting plugin WmfMedia
LogPluginManager: Mounting plugin TcpMessaging
LogPluginManager: Mounting plugin UdpMessaging
LogPluginManager: Mounting plugin ActorSequence
LogPluginManager: Mounting plugin LevelSequenceEditor
LogPluginManager: Mounting plugin MatineeToLevelSequence
LogPluginManager: Mounting plugin TemplateSequence
LogPluginManager: Mounting plugin OnlineSubsystem
LogPluginManager: Mounting plugin OnlineSubsystemNull
LogPluginManager: Mounting plugin OnlineSubsystemUtils
LogPluginManager: Mounting plugin LauncherChunkInstaller
LogPluginManager: Mounting plugin ActorLayerUtilities
LogPluginManager: Mounting plugin AndroidDeviceProfileSelector
LogPluginManager: Mounting plugin AndroidMoviePlayer
LogPluginManager: Mounting plugin AndroidPermission
LogPluginManager: Mounting plugin AppleImageUtils
LogPluginManager: Mounting plugin AppleMoviePlayer
LogPluginManager: Mounting plugin ArchVisCharacter
LogPluginManager: Mounting plugin AssetTags
LogPluginManager: Mounting plugin AudioCapture
LogPluginManager: Mounting plugin CableComponent
LogPluginManager: Mounting plugin AudioSynesthesia
LogPluginManager: Mounting plugin ChunkDownloader
LogPluginManager: Mounting plugin CustomMeshComponent
LogPluginManager: Mounting plugin EditableMesh
LogPluginManager: Mounting plugin ExampleDeviceProfileSelector
LogPluginManager: Mounting plugin GoogleCloudMessaging
LogPluginManager: Mounting plugin GooglePAD
LogPluginManager: Mounting plugin IOSDeviceProfileSelector
LogPluginManager: Mounting plugin LinuxDeviceProfileSelector
LogPluginManager: Mounting plugin LocationServicesBPLibrary
LogPluginManager: Mounting plugin MobilePatchingUtils
LogPluginManager: Mounting plugin OpenXR
LogPluginManager: Mounting plugin OpenXREyeTracker
LogPluginManager: Mounting plugin OpenXRHandTracking
LogPluginManager: Mounting plugin PhysXVehicles
LogPluginManager: Mounting plugin PostSplashScreen
LogPluginManager: Mounting plugin ProceduralMeshComponent
LogPluginManager: Mounting plugin PropertyAccessEditor
LogPluginManager: Mounting plugin RuntimePhysXCooking
LogPluginManager: Mounting plugin SignificanceManager
LogPluginManager: Mounting plugin SoundFields
LogPluginManager: Mounting plugin Synthesis
LogPluginManager: Mounting plugin WebMMoviePlayer
LogPluginManager: Mounting plugin WindowsMoviePlayer
LogPluginManager: Mounting plugin ScreenshotTools
LogPluginManager: Mounting plugin Takes
LogPluginManager: Mounting plugin ContentBrowserAssetDataSource
LogPluginManager: Mounting plugin ContentBrowserFileDataSource
LogPluginManager: Mounting plugin ContentBrowserClassDataSource
LogPluginManager: Mounting plugin OnlineSubsystemGooglePlay
LogPluginManager: Mounting plugin OnlineSubsystemIOS
LogPluginManager: Mounting plugin OculusVR
LogPluginManager: Mounting plugin SteamVR
PixWinPlugin: PIX capture plugin failed to initialize! Check that the process is launched from PIX.
LogInit: Using libcurl 7.55.1-DEV
LogInit:  - built for x86_64-pc-win32
LogInit:  - supports SSL with OpenSSL/1.1.1
LogInit:  - supports HTTP deflate (compression) using libz 1.2.8
LogInit:  - other features:
LogInit:      CURL_VERSION_SSL
LogInit:      CURL_VERSION_LIBZ
LogInit:      CURL_VERSION_IPV6
LogInit:      CURL_VERSION_ASYNCHDNS
LogInit:      CURL_VERSION_LARGEFILE
LogInit:      CURL_VERSION_IDN
LogInit:  CurlRequestOptions (configurable via config and command line):
LogInit:  - bVerifyPeer = true  - Libcurl will verify peer certificate
LogInit:  - bUseHttpProxy = false  - Libcurl will NOT use HTTP proxy
LogInit:  - bDontReuseConnections = false  - Libcurl will reuse connections
LogInit:  - MaxHostConnections = 16  - Libcurl will limit the number of connections to a host
LogInit:  - LocalHostAddr = Default
LogInit:  - BufferSize = 65536
LogOnline: OSS: Creating online subsystem instance for: NULL
LogInit: WinSock: version 1.1 (2.2), MaxSocks=32767, MaxUdp=65467
LogOnline: OSS: TryLoadSubsystemAndSetDefault: Loaded subsystem for module [NULL]
LogOculusPluginWrapper: OculusPlugin initialized successfully
LogHMD: Failed initializing OVRPlugin 1.59.0
LogInit: Build: ++UE4+Release-4.27-CL-18319896
LogInit: Engine Version: 4.27.2-18319896+++UE4+Release-4.27
LogInit: Compatible Engine Version: 4.27.0-17155196+++UE4+Release-4.27
LogInit: Net CL: 17155196
LogInit: OS: Windows 10 (Release 2009) (), CPU: AMD Ryzen 3 1200 Quad-Core Processor           , GPU: Radeon RX 580 Series
LogInit: Compiled (64-bit): Nov 30 2021 07:12:08
LogInit: Compiled with Visual C++: 19.24.28315.00
LogInit: Build Configuration: Development
LogInit: Branch Name: ++UE4+Release-4.27
LogInit: Command Line: 
LogInit: Base Directory: C:/Program Files/Epic Games/UE_4.27/Engine/Binaries/Win64/
LogInit: Allocator: TBB
LogInit: Installed Engine Build: 1
LogDevObjectVersion: Number of dev versions registered: 29
LogDevObjectVersion:   Dev-Blueprints (B0D832E4-1F89-4F0D-ACCF-7EB736FD4AA2): 10
LogDevObjectVersion:   Dev-Build (E1C64328-A22C-4D53-A36C-8E866417BD8C): 0
LogDevObjectVersion:   Dev-Core (375EC13C-06E4-48FB-B500-84F0262A717E): 4
LogDevObjectVersion:   Dev-Editor (E4B068ED-F494-42E9-A231-DA0B2E46BB41): 40
LogDevObjectVersion:   Dev-Framework (CFFC743F-43B0-4480-9391-14DF171D2073): 37
LogDevObjectVersion:   Dev-Mobile (B02B49B5-BB20-44E9-A304-32B752E40360): 3
LogDevObjectVersion:   Dev-Networking (A4E4105C-59A1-49B5-A7C5-40C4547EDFEE): 0
LogDevObjectVersion:   Dev-Online (39C831C9-5AE6-47DC-9A44-9C173E1C8E7C): 0
LogDevObjectVersion:   Dev-Physics (78F01B33-EBEA-4F98-B9B4-84EACCB95AA2): 14
LogDevObjectVersion:   Dev-Platform (6631380F-2D4D-43E0-8009-CF276956A95A): 0
LogDevObjectVersion:   Dev-Rendering (12F88B9F-8875-4AFC-A67C-D90C383ABD29): 45
LogDevObjectVersion:   Dev-Sequencer (7B5AE74C-D270-4C10-A958-57980B212A5A): 13
LogDevObjectVersion:   Dev-VR (D7296918-1DD6-4BDD-9DE2-64A83CC13884): 3
LogDevObjectVersion:   Dev-LoadTimes (C2A15278-BFE7-4AFE-6C17-90FF531DF755): 1
LogDevObjectVersion:   Private-Geometry (6EACA3D4-40EC-4CC1-B786-8BED09428FC5): 3
LogDevObjectVersion:   Dev-AnimPhys (29E575DD-E0A3-4627-9D10-D276232CDCEA): 17
LogDevObjectVersion:   Dev-Anim (AF43A65D-7FD3-4947-9873-3E8ED9C1BB05): 15
LogDevObjectVersion:   Dev-ReflectionCapture (6B266CEC-1EC7-4B8F-A30B-E4D90942FC07): 1
LogDevObjectVersion:   Dev-Automation (0DF73D61-A23F-47EA-B727-89E90C41499A): 1
LogDevObjectVersion:   FortniteMain (601D1886-AC64-4F84-AA16-D3DE0DEAC7D6): 47
LogDevObjectVersion:   FortniteRelease (E7086368-6B23-4C58-8439-1B7016265E91): 1
LogDevObjectVersion:   Dev-Enterprise (9DFFBCD6-494F-0158-E221-12823C92A888): 10
LogDevObjectVersion:   Dev-Niagara (F2AED0AC-9AFE-416F-8664-AA7FFA26D6FC): 1
LogDevObjectVersion:   Dev-Destruction (174F1F0B-B4C6-45A5-B13F-2EE8D0FB917D): 10
LogDevObjectVersion:   Dev-Physics-Ext (35F94A83-E258-406C-A318-09F59610247C): 41
LogDevObjectVersion:   Dev-PhysicsMaterial-Chaos (B68FC16E-8B1B-42E2-B453-215C058844FE): 1
LogDevObjectVersion:   Dev-CineCamera (B2E18506-4273-CFC2-A54E-F4BB758BBA07): 1
LogDevObjectVersion:   Dev-VirtualProduction (64F58936-FD1B-42BA-BA96-7289D5D0FA4E): 1
LogDevObjectVersion:   Dev-MediaFramework (6F0ED827-A609-4895-9C91-998D90180EA4): 2
LogInit: Presizing for max 25165824 objects, including 0 objects not considered by GC, pre-allocating 0 bytes for permanent pool.
LogConfig: Applying CVar settings from Section [/Script/Engine.StreamingSettings] File [C:/Users/Benny/Documents/Unreal Projects/N64/RPG/Saved/Config/Windows/Engine.ini]
LogConfig: Setting CVar [[s.MinBulkDataSizeForAsyncLoading:131072]]
LogConfig: Setting CVar [[s.AsyncLoadingThreadEnabled:0]]
LogConfig: Setting CVar [[s.EventDrivenLoaderEnabled:1]]
LogConfig: Setting CVar [[s.WarnIfTimeLimitExceeded:0]]
LogConfig: Setting CVar [[s.TimeLimitExceededMultiplier:1.5]]
LogConfig: Setting CVar [[s.TimeLimitExceededMinTime:0.005]]
LogConfig: Setting CVar [[s.UseBackgroundLevelStreaming:1]]
LogConfig: Setting CVar [[s.PriorityAsyncLoadingExtraTime:15.0]]
LogConfig: Setting CVar [[s.LevelStreamingActorsUpdateTimeLimit:5.0]]
LogConfig: Setting CVar [[s.PriorityLevelStreamingActorsUpdateExtraTime:5.0]]
LogConfig: Setting CVar [[s.LevelStreamingComponentsRegistrationGranularity:10]]
LogConfig: Setting CVar [[s.UnregisterComponentsTimeLimit:1.0]]
LogConfig: Setting CVar [[s.LevelStreamingComponentsUnregistrationGranularity:5]]
LogConfig: Setting CVar [[s.FlushStreamingOnExit:1]]
LogInit: Object subsystem initialized
LogConfig: Setting CVar [[con.DebugEarlyDefault:1]]
LogConfig: Setting CVar [[r.setres:1280x720]]
[2023.09.16-00.36.19:190][  0]LogConfig: Setting CVar [[r.VSync:0]]
[2023.09.16-00.36.19:190][  0]LogConfig: Setting CVar [[r.RHICmdBypass:0]]
[2023.09.16-00.36.19:190][  0]LogConfig: Applying CVar settings from Section [/Script/Engine.RendererSettings] File [C:/Users/Benny/Documents/Unreal Projects/N64/RPG/Saved/Config/Windows/Engine.ini]
[2023.09.16-00.36.19:190][  0]LogConfig: Setting CVar [[r.GPUCrashDebugging:0]]
[2023.09.16-00.36.19:190][  0]LogConfig: Setting CVar [[r.DefaultFeature.MotionBlur:0]]
[2023.09.16-00.36.19:190][  0]LogConfig: Setting CVar [[r.SSGI.Enable:0]]
[2023.09.16-00.36.19:190][  0]LogConfig: Setting CVar [[r.DefaultFeature.AutoExposure:0]]
[2023.09.16-00.36.19:190][  0]LogConfig: Setting CVar [[r.DefaultFeature.AutoExposure.Bias:-1.000000]]
[2023.09.16-00.36.19:190][  0]LogConfig: Applying CVar settings from Section [/Script/Engine.RendererOverrideSettings] File [C:/Users/Benny/Documents/Unreal Projects/N64/RPG/Saved/Config/Windows/Engine.ini]
[2023.09.16-00.36.19:190][  0]LogConfig: Applying CVar settings from Section [/Script/Engine.StreamingSettings] File [C:/Users/Benny/Documents/Unreal Projects/N64/RPG/Saved/Config/Windows/Engine.ini]
[2023.09.16-00.36.19:190][  0]LogConfig: Setting CVar [[s.MinBulkDataSizeForAsyncLoading:131072]]
[2023.09.16-00.36.19:190][  0]LogConfig: Setting CVar [[s.AsyncLoadingThreadEnabled:0]]
[2023.09.16-00.36.19:190][  0]LogConfig: Setting CVar [[s.EventDrivenLoaderEnabled:1]]
[2023.09.16-00.36.19:190][  0]LogConfig: Setting CVar [[s.WarnIfTimeLimitExceeded:0]]
[2023.09.16-00.36.19:190][  0]LogConfig: Setting CVar [[s.TimeLimitExceededMultiplier:1.5]]
[2023.09.16-00.36.19:190][  0]LogConfig: Setting CVar [[s.TimeLimitExceededMinTime:0.005]]
[2023.09.16-00.36.19:190][  0]LogConfig: Setting CVar [[s.UseBackgroundLevelStreaming:1]]
[2023.09.16-00.36.19:190][  0]LogConfig: Setting CVar [[s.PriorityAsyncLoadingExtraTime:15.0]]
[2023.09.16-00.36.19:190][  0]LogConfig: Setting CVar [[s.LevelStreamingActorsUpdateTimeLimit:5.0]]
[2023.09.16-00.36.19:190][  0]LogConfig: Setting CVar [[s.PriorityLevelStreamingActorsUpdateExtraTime:5.0]]
[2023.09.16-00.36.19:190][  0]LogConfig: Setting CVar [[s.LevelStreamingComponentsRegistrationGranularity:10]]
[2023.09.16-00.36.19:190][  0]LogConfig: Setting CVar [[s.UnregisterComponentsTimeLimit:1.0]]
[2023.09.16-00.36.19:190][  0]LogConfig: Setting CVar [[s.LevelStreamingComponentsUnregistrationGranularity:5]]
[2023.09.16-00.36.19:190][  0]LogConfig: Setting CVar [[s.FlushStreamingOnExit:1]]
[2023.09.16-00.36.19:191][  0]LogConfig: Applying CVar settings from Section [/Script/Engine.GarbageCollectionSettings] File [C:/Users/Benny/Documents/Unreal Projects/N64/RPG/Saved/Config/Windows/Engine.ini]
[2023.09.16-00.36.19:191][  0]LogConfig: Setting CVar [[gc.MaxObjectsNotConsideredByGC:1]]
[2023.09.16-00.36.19:191][  0]LogConfig: Setting CVar [[gc.SizeOfPermanentObjectPool:0]]
[2023.09.16-00.36.19:191][  0]LogConfig: Setting CVar [[gc.FlushStreamingOnGC:0]]
[2023.09.16-00.36.19:191][  0]LogConfig: Setting CVar [[gc.NumRetriesBeforeForcingGC:10]]
[2023.09.16-00.36.19:191][  0]LogConfig: Setting CVar [[gc.AllowParallelGC:1]]
[2023.09.16-00.36.19:191][  0]LogConfig: Setting CVar [[gc.TimeBetweenPurgingPendingKillObjects:61.1]]
[2023.09.16-00.36.19:191][  0]LogConfig: Setting CVar [[gc.MaxObjectsInEditor:25165824]]
[2023.09.16-00.36.19:191][  0]LogConfig: Setting CVar [[gc.IncrementalBeginDestroyEnabled:1]]
[2023.09.16-00.36.19:191][  0]LogConfig: Setting CVar [[gc.CreateGCClusters:1]]
[2023.09.16-00.36.19:191][  0]LogConfig: Setting CVar [[gc.MinGCClusterSize:5]]
[2023.09.16-00.36.19:191][  0]LogConfig: Setting CVar [[gc.ActorClusteringEnabled:0]]
[2023.09.16-00.36.19:191][  0]LogConfig: Setting CVar [[gc.BlueprintClusteringEnabled:0]]
[2023.09.16-00.36.19:191][  0]LogConfig: Setting CVar [[gc.UseDisregardForGCOnDedicatedServers:0]]
[2023.09.16-00.36.19:191][  0]LogConfig: Setting CVar [[gc.MultithreadedDestructionEnabled:1]]
[2023.09.16-00.36.19:191][  0]LogConfig: Applying CVar settings from Section [/Script/Engine.NetworkSettings] File [C:/Users/Benny/Documents/Unreal Projects/N64/RPG/Saved/Config/Windows/Engine.ini]
[2023.09.16-00.36.19:191][  0]LogConfig: Applying CVar settings from Section [/Script/UnrealEd.CookerSettings] File [C:/Users/Benny/Documents/Unreal Projects/N64/RPG/Saved/Config/Windows/Engine.ini]
[2023.09.16-00.36.19:206][  0]LogConfig: Applying CVar settings from Section [ViewDistanceQuality@3] File [C:/Users/Benny/Documents/Unreal Projects/N64/RPG/Saved/Config/Windows/Scalability.ini]
[2023.09.16-00.36.19:206][  0]LogConfig: Setting CVar [[r.SkeletalMeshLODBias:0]]
[2023.09.16-00.36.19:206][  0]LogConfig: Setting CVar [[r.ViewDistanceScale:1.0]]
[2023.09.16-00.36.19:206][  0]LogConfig: Applying CVar settings from Section [AntiAliasingQuality@3] File [C:/Users/Benny/Documents/Unreal Projects/N64/RPG/Saved/Config/Windows/Scalability.ini]
[2023.09.16-00.36.19:206][  0]LogConfig: Setting CVar [[r.PostProcessAAQuality:4]]
[2023.09.16-00.36.19:206][  0]LogConfig: Applying CVar settings from Section [ShadowQuality@3] File [C:/Users/Benny/Documents/Unreal Projects/N64/RPG/Saved/Config/Windows/Scalability.ini]
[2023.09.16-00.36.19:206][  0]LogConfig: Setting CVar [[r.LightFunctionQuality:1]]
[2023.09.16-00.36.19:206][  0]LogConfig: Setting CVar [[r.ShadowQuality:5]]
[2023.09.16-00.36.19:206][  0]LogConfig: Setting CVar [[r.Shadow.CSM.MaxCascades:10]]
[2023.09.16-00.36.19:206][  0]LogConfig: Setting CVar [[r.Shadow.MaxResolution:2048]]
[2023.09.16-00.36.19:206][  0]LogConfig: Setting CVar [[r.Shadow.MaxCSMResolution:2048]]
[2023.09.16-00.36.19:206][  0]LogConfig: Setting CVar [[r.Shadow.RadiusThreshold:0.01]]
[2023.09.16-00.36.19:206][  0]LogConfig: Setting CVar [[r.Shadow.DistanceScale:1.0]]
[2023.09.16-00.36.19:206][  0]LogConfig: Setting CVar [[r.Shadow.CSM.TransitionScale:1.0]]
[2023.09.16-00.36.19:206][  0]LogConfig: Setting CVar [[r.Shadow.PreShadowResolutionFactor:1.0]]
[2023.09.16-00.36.19:206][  0]LogConfig: Setting CVar [[r.DistanceFieldShadowing:1]]
[2023.09.16-00.36.19:206][  0]LogConfig: Setting CVar [[r.DistanceFieldAO:1]]
[2023.09.16-00.36.19:206][  0]LogConfig: Setting CVar [[r.AOQuality:2]]
[2023.09.16-00.36.19:206][  0]LogConfig: Setting CVar [[r.VolumetricFog:1]]
[2023.09.16-00.36.19:206][  0]LogConfig: Setting CVar [[r.VolumetricFog.GridPixelSize:8]]
[2023.09.16-00.36.19:206][  0]LogConfig: Setting CVar [[r.VolumetricFog.GridSizeZ:128]]
[2023.09.16-00.36.19:206][  0]LogConfig: Setting CVar [[r.VolumetricFog.HistoryMissSupersampleCount:4]]
[2023.09.16-00.36.19:206][  0]LogConfig: Setting CVar [[r.LightMaxDrawDistanceScale:1]]
[2023.09.16-00.36.19:206][  0]LogConfig: Setting CVar [[r.CapsuleShadows:1]]
[2023.09.16-00.36.19:206][  0]LogConfig: Applying CVar settings from Section [PostProcessQuality@3] File [C:/Users/Benny/Documents/Unreal Projects/N64/RPG/Saved/Config/Windows/Scalability.ini]
[2023.09.16-00.36.19:206][  0]LogConfig: Setting CVar [[r.MotionBlurQuality:4]]
[2023.09.16-00.36.19:206][  0]LogConfig: Setting CVar [[r.AmbientOcclusionMipLevelFactor:0.4]]
[2023.09.16-00.36.19:206][  0]LogConfig: Setting CVar [[r.AmbientOcclusionMaxQuality:100]]
[2023.09.16-00.36.19:206][  0]LogConfig: Setting CVar [[r.AmbientOcclusionLevels:-1]]
[2023.09.16-00.36.19:206][  0]LogConfig: Setting CVar [[r.AmbientOcclusionRadiusScale:1.0]]
[2023.09.16-00.36.19:206][  0]LogConfig: Setting CVar [[r.DepthOfFieldQuality:2]]
[2023.09.16-00.36.19:206][  0]LogConfig: Setting CVar [[r.RenderTargetPoolMin:400]]
[2023.09.16-00.36.19:206][  0]LogConfig: Setting CVar [[r.LensFlareQuality:2]]
[2023.09.16-00.36.19:206][  0]LogConfig: Setting CVar [[r.SceneColorFringeQuality:1]]
[2023.09.16-00.36.19:206][  0]LogConfig: Setting CVar [[r.EyeAdaptationQuality:2]]
[2023.09.16-00.36.19:206][  0]LogConfig: Setting CVar [[r.BloomQuality:5]]
[2023.09.16-00.36.19:206][  0]LogConfig: Setting CVar [[r.FastBlurThreshold:100]]
[2023.09.16-00.36.19:206][  0]LogConfig: Setting CVar [[r.Upscale.Quality:3]]
[2023.09.16-00.36.19:207][  0]LogConfig: Setting CVar [[r.Tonemapper.GrainQuantization:1]]
[2023.09.16-00.36.19:207][  0]LogConfig: Setting CVar [[r.LightShaftQuality:1]]
[2023.09.16-00.36.19:207][  0]LogConfig: Setting CVar [[r.Filter.SizeScale:1]]
[2023.09.16-00.36.19:207][  0]LogConfig: Setting CVar [[r.Tonemapper.Quality:5]]
[2023.09.16-00.36.19:207][  0]LogConfig: Setting CVar [[r.DOF.Gather.AccumulatorQuality:1        ; higher gathering accumulator quality]]
[2023.09.16-00.36.19:207][  0]LogConfig: Setting CVar [[r.DOF.Gather.PostfilterMethod:1          ; Median3x3 postfilering method]]
[2023.09.16-00.36.19:207][  0]LogConfig: Setting CVar [[r.DOF.Gather.EnableBokehSettings:0       ; no bokeh simulation when gathering]]
[2023.09.16-00.36.19:207][  0]LogConfig: Setting CVar [[r.DOF.Gather.RingCount:4                 ; medium number of samples when gathering]]
[2023.09.16-00.36.19:207][  0]LogConfig: Setting CVar [[r.DOF.Scatter.ForegroundCompositing:1    ; additive foreground scattering]]
[2023.09.16-00.36.19:207][  0]LogConfig: Setting CVar [[r.DOF.Scatter.BackgroundCompositing:2    ; additive background scattering]]
[2023.09.16-00.36.19:207][  0]LogConfig: Setting CVar [[r.DOF.Scatter.EnableBokehSettings:1      ; bokeh simulation when scattering]]
[2023.09.16-00.36.19:207][  0]LogConfig: Setting CVar [[r.DOF.Scatter.MaxSpriteRatio:0.1         ; only a maximum of 10% of scattered bokeh]]
[2023.09.16-00.36.19:207][  0]LogConfig: Setting CVar [[r.DOF.Recombine.Quality:1                ; cheap slight out of focus]]
[2023.09.16-00.36.19:207][  0]LogConfig: Setting CVar [[r.DOF.Recombine.EnableBokehSettings:0    ; no bokeh simulation on slight out of focus]]
[2023.09.16-00.36.19:207][  0]LogConfig: Setting CVar [[r.DOF.TemporalAAQuality:1                ; more stable temporal accumulation]]
[2023.09.16-00.36.19:207][  0]LogConfig: Setting CVar [[r.DOF.Kernel.MaxForegroundRadius:0.025]]
[2023.09.16-00.36.19:207][  0]LogConfig: Setting CVar [[r.DOF.Kernel.MaxBackgroundRadius:0.025]]
[2023.09.16-00.36.19:207][  0]LogConfig: Applying CVar settings from Section [TextureQuality@3] File [C:/Users/Benny/Documents/Unreal Projects/N64/RPG/Saved/Config/Windows/Scalability.ini]
[2023.09.16-00.36.19:207][  0]LogConfig: Setting CVar [[r.Streaming.MipBias:0]]
[2023.09.16-00.36.19:207][  0]LogConfig: Setting CVar [[r.Streaming.AmortizeCPUToGPUCopy:0]]
[2023.09.16-00.36.19:207][  0]LogConfig: Setting CVar [[r.Streaming.MaxNumTexturesToStreamPerFrame:0]]
[2023.09.16-00.36.19:207][  0]LogConfig: Setting CVar [[r.Streaming.Boost:1]]
[2023.09.16-00.36.19:207][  0]LogConfig: Setting CVar [[r.MaxAnisotropy:8]]
[2023.09.16-00.36.19:207][  0]LogConfig: Setting CVar [[r.VT.MaxAnisotropy:8]]
[2023.09.16-00.36.19:207][  0]LogConfig: Setting CVar [[r.Streaming.LimitPoolSizeToVRAM:0]]
[2023.09.16-00.36.19:207][  0]LogConfig: Setting CVar [[r.Streaming.PoolSize:1000]]
[2023.09.16-00.36.19:207][  0]LogConfig: Setting CVar [[r.Streaming.MaxEffectiveScreenSize:0]]
[2023.09.16-00.36.19:207][  0]LogConfig: Applying CVar settings from Section [EffectsQuality@3] File [C:/Users/Benny/Documents/Unreal Projects/N64/RPG/Saved/Config/Windows/Scalability.ini]
[2023.09.16-00.36.19:207][  0]LogConfig: Setting CVar [[r.TranslucencyLightingVolumeDim:64]]
[2023.09.16-00.36.19:207][  0]LogConfig: Setting CVar [[r.RefractionQuality:2]]
[2023.09.16-00.36.19:207][  0]LogConfig: Setting CVar [[r.SSR.Quality:3]]
[2023.09.16-00.36.19:207][  0]LogConfig: Setting CVar [[r.SSR.HalfResSceneColor:0]]
[2023.09.16-00.36.19:207][  0]LogConfig: Setting CVar [[r.SceneColorFormat:4]]
[2023.09.16-00.36.19:207][  0]LogConfig: Setting CVar [[r.DetailMode:2]]
[2023.09.16-00.36.19:207][  0]LogConfig: Setting CVar [[r.TranslucencyVolumeBlur:1]]
[2023.09.16-00.36.19:207][  0]LogConfig: Setting CVar [[r.MaterialQualityLevel:1 ; High quality]]
[2023.09.16-00.36.19:207][  0]LogConfig: Setting CVar [[r.AnisotropicMaterials:1]]
[2023.09.16-00.36.19:207][  0]LogConfig: Setting CVar [[r.SSS.Scale:1]]
[2023.09.16-00.36.19:207][  0]LogConfig: Setting CVar [[r.SSS.SampleSet:2]]
[2023.09.16-00.36.19:207][  0]LogConfig: Setting CVar [[r.SSS.Quality:1]]
[2023.09.16-00.36.19:207][  0]LogConfig: Setting CVar [[r.SSS.HalfRes:0]]
[2023.09.16-00.36.19:207][  0]LogConfig: Setting CVar [[r.SSGI.Quality:3]]
[2023.09.16-00.36.19:207][  0]LogConfig: Setting CVar [[r.EmitterSpawnRateScale:1.0]]
[2023.09.16-00.36.19:207][  0]LogConfig: Setting CVar [[r.ParticleLightQuality:2]]
[2023.09.16-00.36.19:207][  0]LogConfig: Setting CVar [[r.SkyAtmosphere.AerialPerspectiveLUT.FastApplyOnOpaque:1 ; Always have FastSkyLUT 1 in this case to avoid wrong sky]]
[2023.09.16-00.36.19:207][  0]LogConfig: Setting CVar [[r.SkyAtmosphere.AerialPerspectiveLUT.SampleCountMaxPerSlice:4]]
[2023.09.16-00.36.19:207][  0]LogConfig: Setting CVar [[r.SkyAtmosphere.AerialPerspectiveLUT.DepthResolution:16.0]]
[2023.09.16-00.36.19:207][  0]LogConfig: Setting CVar [[r.SkyAtmosphere.FastSkyLUT:1]]
[2023.09.16-00.36.19:207][  0]LogConfig: Setting CVar [[r.SkyAtmosphere.FastSkyLUT.SampleCountMin:4.0]]
[2023.09.16-00.36.19:207][  0]LogConfig: Setting CVar [[r.SkyAtmosphere.FastSkyLUT.SampleCountMax:128.0]]
[2023.09.16-00.36.19:207][  0]LogConfig: Setting CVar [[r.SkyAtmosphere.SampleCountMin:4.0]]
[2023.09.16-00.36.19:207][  0]LogConfig: Setting CVar [[r.SkyAtmosphere.SampleCountMax:128.0]]
[2023.09.16-00.36.19:207][  0]LogConfig: Setting CVar [[r.SkyAtmosphere.TransmittanceLUT.UseSmallFormat:0]]
[2023.09.16-00.36.19:207][  0]LogConfig: Setting CVar [[r.SkyAtmosphere.TransmittanceLUT.SampleCount:10.0]]
[2023.09.16-00.36.19:207][  0]LogConfig: Setting CVar [[r.SkyAtmosphere.MultiScatteringLUT.SampleCount:15.0]]
[2023.09.16-00.36.19:207][  0]LogConfig: Setting CVar [[r.SkyLight.RealTimeReflectionCapture:1]]
[2023.09.16-00.36.19:207][  0]LogConfig: Applying CVar settings from Section [FoliageQuality@3] File [C:/Users/Benny/Documents/Unreal Projects/N64/RPG/Saved/Config/Windows/Scalability.ini]
[2023.09.16-00.36.19:207][  0]LogConfig: Setting CVar [[foliage.DensityScale:1.0]]
[2023.09.16-00.36.19:207][  0]LogConfig: Setting CVar [[grass.DensityScale:1.0]]
[2023.09.16-00.36.19:207][  0]LogConfig: Applying CVar settings from Section [ShadingQuality@3] File [C:/Users/Benny/Documents/Unreal Projects/N64/RPG/Saved/Config/Windows/Scalability.ini]
[2023.09.16-00.36.19:207][  0]LogConfig: Setting CVar [[r.HairStrands.SkyLighting.IntegrationType:2]]
[2023.09.16-00.36.19:207][  0]LogConfig: Setting CVar [[r.HairStrands.SkyAO.SampleCount:4]]
[2023.09.16-00.36.19:207][  0]LogConfig: Setting CVar [[r.HairStrands.Visibility.MSAA.SamplePerPixel:4]]
[2023.09.16-00.36.19:208][  0]LogInit: Selected Device Profile: [Windows]
[2023.09.16-00.36.19:208][  0]LogInit: Applying CVar settings loaded from the selected device profile: [Windows]
[2023.09.16-00.36.19:208][  0]LogHAL: Display: Platform has ~ 16 GB [17126322176 / 17179869184 / 16], which maps to Larger [LargestMinGB=32, LargerMinGB=12, DefaultMinGB=8, SmallerMinGB=6, SmallestMinGB=0)
[2023.09.16-00.36.19:208][  0]LogInit: Going up to parent DeviceProfile []
[2023.09.16-00.36.19:208][  0]LogConfig: Applying CVar settings from Section [ViewDistanceQuality@3] File [C:/Users/Benny/Documents/Unreal Projects/N64/RPG/Saved/Config/Windows/Scalability.ini]
[2023.09.16-00.36.19:208][  0]LogConfig: Setting CVar [[r.SkeletalMeshLODBias:0]]
[2023.09.16-00.36.19:208][  0]LogConfig: Setting CVar [[r.ViewDistanceScale:1.0]]
[2023.09.16-00.36.19:208][  0]LogConfig: Applying CVar settings from Section [AntiAliasingQuality@3] File [C:/Users/Benny/Documents/Unreal Projects/N64/RPG/Saved/Config/Windows/Scalability.ini]
[2023.09.16-00.36.19:208][  0]LogConfig: Setting CVar [[r.PostProcessAAQuality:4]]
[2023.09.16-00.36.19:208][  0]LogConfig: Applying CVar settings from Section [ShadowQuality@3] File [C:/Users/Benny/Documents/Unreal Projects/N64/RPG/Saved/Config/Windows/Scalability.ini]
[2023.09.16-00.36.19:208][  0]LogConfig: Setting CVar [[r.LightFunctionQuality:1]]
[2023.09.16-00.36.19:208][  0]LogConfig: Setting CVar [[r.ShadowQuality:5]]
[2023.09.16-00.36.19:208][  0]LogConfig: Setting CVar [[r.Shadow.CSM.MaxCascades:10]]
[2023.09.16-00.36.19:208][  0]LogConfig: Setting CVar [[r.Shadow.MaxResolution:2048]]
[2023.09.16-00.36.19:208][  0]LogConfig: Setting CVar [[r.Shadow.MaxCSMResolution:2048]]
[2023.09.16-00.36.19:208][  0]LogConfig: Setting CVar [[r.Shadow.RadiusThreshold:0.01]]
[2023.09.16-00.36.19:208][  0]LogConfig: Setting CVar [[r.Shadow.DistanceScale:1.0]]
[2023.09.16-00.36.19:208][  0]LogConfig: Setting CVar [[r.Shadow.CSM.TransitionScale:1.0]]
[2023.09.16-00.36.19:208][  0]LogConfig: Setting CVar [[r.Shadow.PreShadowResolutionFactor:1.0]]
[2023.09.16-00.36.19:208][  0]LogConfig: Setting CVar [[r.DistanceFieldShadowing:1]]
[2023.09.16-00.36.19:208][  0]LogConfig: Setting CVar [[r.DistanceFieldAO:1]]
[2023.09.16-00.36.19:208][  0]LogConfig: Setting CVar [[r.AOQuality:2]]
[2023.09.16-00.36.19:208][  0]LogConfig: Setting CVar [[r.VolumetricFog:1]]
[2023.09.16-00.36.19:208][  0]LogConfig: Setting CVar [[r.VolumetricFog.GridPixelSize:8]]
[2023.09.16-00.36.19:208][  0]LogConfig: Setting CVar [[r.VolumetricFog.GridSizeZ:128]]
[2023.09.16-00.36.19:208][  0]LogConfig: Setting CVar [[r.VolumetricFog.HistoryMissSupersampleCount:4]]
[2023.09.16-00.36.19:208][  0]LogConfig: Setting CVar [[r.LightMaxDrawDistanceScale:1]]
[2023.09.16-00.36.19:208][  0]LogConfig: Setting CVar [[r.CapsuleShadows:1]]
[2023.09.16-00.36.19:208][  0]LogConfig: Applying CVar settings from Section [PostProcessQuality@3] File [C:/Users/Benny/Documents/Unreal Projects/N64/RPG/Saved/Config/Windows/Scalability.ini]
[2023.09.16-00.36.19:208][  0]LogConfig: Setting CVar [[r.MotionBlurQuality:4]]
[2023.09.16-00.36.19:208][  0]LogConfig: Setting CVar [[r.AmbientOcclusionMipLevelFactor:0.4]]
[2023.09.16-00.36.19:208][  0]LogConfig: Setting CVar [[r.AmbientOcclusionMaxQuality:100]]
[2023.09.16-00.36.19:208][  0]LogConfig: Setting CVar [[r.AmbientOcclusionLevels:-1]]
[2023.09.16-00.36.19:208][  0]LogConfig: Setting CVar [[r.AmbientOcclusionRadiusScale:1.0]]
[2023.09.16-00.36.19:208][  0]LogConfig: Setting CVar [[r.DepthOfFieldQuality:2]]
[2023.09.16-00.36.19:208][  0]LogConfig: Setting CVar [[r.RenderTargetPoolMin:400]]
[2023.09.16-00.36.19:208][  0]LogConfig: Setting CVar [[r.LensFlareQuality:2]]
[2023.09.16-00.36.19:208][  0]LogConfig: Setting CVar [[r.SceneColorFringeQuality:1]]
[2023.09.16-00.36.19:208][  0]LogConfig: Setting CVar [[r.EyeAdaptationQuality:2]]
[2023.09.16-00.36.19:208][  0]LogConfig: Setting CVar [[r.BloomQuality:5]]
[2023.09.16-00.36.19:208][  0]LogConfig: Setting CVar [[r.FastBlurThreshold:100]]
[2023.09.16-00.36.19:208][  0]LogConfig: Setting CVar [[r.Upscale.Quality:3]]
[2023.09.16-00.36.19:208][  0]LogConfig: Setting CVar [[r.Tonemapper.GrainQuantization:1]]
[2023.09.16-00.36.19:208][  0]LogConfig: Setting CVar [[r.LightShaftQuality:1]]
[2023.09.16-00.36.19:208][  0]LogConfig: Setting CVar [[r.Filter.SizeScale:1]]
[2023.09.16-00.36.19:208][  0]LogConfig: Setting CVar [[r.Tonemapper.Quality:5]]
[2023.09.16-00.36.19:208][  0]LogConfig: Setting CVar [[r.DOF.Gather.AccumulatorQuality:1        ; higher gathering accumulator quality]]
[2023.09.16-00.36.19:208][  0]LogConfig: Setting CVar [[r.DOF.Gather.PostfilterMethod:1          ; Median3x3 postfilering method]]
[2023.09.16-00.36.19:208][  0]LogConfig: Setting CVar [[r.DOF.Gather.EnableBokehSettings:0       ; no bokeh simulation when gathering]]
[2023.09.16-00.36.19:208][  0]LogConfig: Setting CVar [[r.DOF.Gather.RingCount:4                 ; medium number of samples when gathering]]
[2023.09.16-00.36.19:208][  0]LogConfig: Setting CVar [[r.DOF.Scatter.ForegroundCompositing:1    ; additive foreground scattering]]
[2023.09.16-00.36.19:208][  0]LogConfig: Setting CVar [[r.DOF.Scatter.BackgroundCompositing:2    ; additive background scattering]]
[2023.09.16-00.36.19:208][  0]LogConfig: Setting CVar [[r.DOF.Scatter.EnableBokehSettings:1      ; bokeh simulation when scattering]]
[2023.09.16-00.36.19:208][  0]LogConfig: Setting CVar [[r.DOF.Scatter.MaxSpriteRatio:0.1         ; only a maximum of 10% of scattered bokeh]]
[2023.09.16-00.36.19:208][  0]LogConfig: Setting CVar [[r.DOF.Recombine.Quality:1                ; cheap slight out of focus]]
[2023.09.16-00.36.19:209][  0]LogConfig: Setting CVar [[r.DOF.Recombine.EnableBokehSettings:0    ; no bokeh simulation on slight out of focus]]
[2023.09.16-00.36.19:209][  0]LogConfig: Setting CVar [[r.DOF.TemporalAAQuality:1                ; more stable temporal accumulation]]
[2023.09.16-00.36.19:209][  0]LogConfig: Setting CVar [[r.DOF.Kernel.MaxForegroundRadius:0.025]]
[2023.09.16-00.36.19:209][  0]LogConfig: Setting CVar [[r.DOF.Kernel.MaxBackgroundRadius:0.025]]
[2023.09.16-00.36.19:209][  0]LogConfig: Applying CVar settings from Section [TextureQuality@3] File [C:/Users/Benny/Documents/Unreal Projects/N64/RPG/Saved/Config/Windows/Scalability.ini]
[2023.09.16-00.36.19:209][  0]LogConfig: Setting CVar [[r.Streaming.MipBias:0]]
[2023.09.16-00.36.19:209][  0]LogConfig: Setting CVar [[r.Streaming.AmortizeCPUToGPUCopy:0]]
[2023.09.16-00.36.19:209][  0]LogConfig: Setting CVar [[r.Streaming.MaxNumTexturesToStreamPerFrame:0]]
[2023.09.16-00.36.19:209][  0]LogConfig: Setting CVar [[r.Streaming.Boost:1]]
[2023.09.16-00.36.19:209][  0]LogConfig: Setting CVar [[r.MaxAnisotropy:8]]
[2023.09.16-00.36.19:209][  0]LogConfig: Setting CVar [[r.VT.MaxAnisotropy:8]]
[2023.09.16-00.36.19:209][  0]LogConfig: Setting CVar [[r.Streaming.LimitPoolSizeToVRAM:0]]
[2023.09.16-00.36.19:209][  0]LogConfig: Setting CVar [[r.Streaming.PoolSize:1000]]
[2023.09.16-00.36.19:209][  0]LogConfig: Setting CVar [[r.Streaming.MaxEffectiveScreenSize:0]]
[2023.09.16-00.36.19:209][  0]LogConfig: Applying CVar settings from Section [EffectsQuality@3] File [C:/Users/Benny/Documents/Unreal Projects/N64/RPG/Saved/Config/Windows/Scalability.ini]
[2023.09.16-00.36.19:209][  0]LogConfig: Setting CVar [[r.TranslucencyLightingVolumeDim:64]]
[2023.09.16-00.36.19:209][  0]LogConfig: Setting CVar [[r.RefractionQuality:2]]
[2023.09.16-00.36.19:209][  0]LogConfig: Setting CVar [[r.SSR.Quality:3]]
[2023.09.16-00.36.19:209][  0]LogConfig: Setting CVar [[r.SSR.HalfResSceneColor:0]]
[2023.09.16-00.36.19:209][  0]LogConfig: Setting CVar [[r.SceneColorFormat:4]]
[2023.09.16-00.36.19:209][  0]LogConfig: Setting CVar [[r.DetailMode:2]]
[2023.09.16-00.36.19:209][  0]LogConfig: Setting CVar [[r.TranslucencyVolumeBlur:1]]
[2023.09.16-00.36.19:209][  0]LogConfig: Setting CVar [[r.MaterialQualityLevel:1 ; High quality]]
[2023.09.16-00.36.19:209][  0]LogConfig: Setting CVar [[r.AnisotropicMaterials:1]]
[2023.09.16-00.36.19:209][  0]LogConfig: Setting CVar [[r.SSS.Scale:1]]
[2023.09.16-00.36.19:209][  0]LogConfig: Setting CVar [[r.SSS.SampleSet:2]]
[2023.09.16-00.36.19:209][  0]LogConfig: Setting CVar [[r.SSS.Quality:1]]
[2023.09.16-00.36.19:209][  0]LogConfig: Setting CVar [[r.SSS.HalfRes:0]]
[2023.09.16-00.36.19:209][  0]LogConfig: Setting CVar [[r.SSGI.Quality:3]]
[2023.09.16-00.36.19:209][  0]LogConfig: Setting CVar [[r.EmitterSpawnRateScale:1.0]]
[2023.09.16-00.36.19:209][  0]LogConfig: Setting CVar [[r.ParticleLightQuality:2]]
[2023.09.16-00.36.19:209][  0]LogConfig: Setting CVar [[r.SkyAtmosphere.AerialPerspectiveLUT.FastApplyOnOpaque:1 ; Always have FastSkyLUT 1 in this case to avoid wrong sky]]
[2023.09.16-00.36.19:209][  0]LogConfig: Setting CVar [[r.SkyAtmosphere.AerialPerspectiveLUT.SampleCountMaxPerSlice:4]]
[2023.09.16-00.36.19:209][  0]LogConfig: Setting CVar [[r.SkyAtmosphere.AerialPerspectiveLUT.DepthResolution:16.0]]
[2023.09.16-00.36.19:209][  0]LogConfig: Setting CVar [[r.SkyAtmosphere.FastSkyLUT:1]]
[2023.09.16-00.36.19:209][  0]LogConfig: Setting CVar [[r.SkyAtmosphere.FastSkyLUT.SampleCountMin:4.0]]
[2023.09.16-00.36.19:209][  0]LogConfig: Setting CVar [[r.SkyAtmosphere.FastSkyLUT.SampleCountMax:128.0]]
[2023.09.16-00.36.19:209][  0]LogConfig: Setting CVar [[r.SkyAtmosphere.SampleCountMin:4.0]]
[2023.09.16-00.36.19:209][  0]LogConfig: Setting CVar [[r.SkyAtmosphere.SampleCountMax:128.0]]
[2023.09.16-00.36.19:209][  0]LogConfig: Setting CVar [[r.SkyAtmosphere.TransmittanceLUT.UseSmallFormat:0]]
[2023.09.16-00.36.19:209][  0]LogConfig: Setting CVar [[r.SkyAtmosphere.TransmittanceLUT.SampleCount:10.0]]
[2023.09.16-00.36.19:209][  0]LogConfig: Setting CVar [[r.SkyAtmosphere.MultiScatteringLUT.SampleCount:15.0]]
[2023.09.16-00.36.19:209][  0]LogConfig: Setting CVar [[r.SkyLight.RealTimeReflectionCapture:1]]
[2023.09.16-00.36.19:209][  0]LogConfig: Applying CVar settings from Section [FoliageQuality@3] File [C:/Users/Benny/Documents/Unreal Projects/N64/RPG/Saved/Config/Windows/Scalability.ini]
[2023.09.16-00.36.19:209][  0]LogConfig: Setting CVar [[foliage.DensityScale:1.0]]
[2023.09.16-00.36.19:209][  0]LogConfig: Setting CVar [[grass.DensityScale:1.0]]
[2023.09.16-00.36.19:209][  0]LogConfig: Applying CVar settings from Section [ShadingQuality@3] File [C:/Users/Benny/Documents/Unreal Projects/N64/RPG/Saved/Config/Windows/Scalability.ini]
[2023.09.16-00.36.19:209][  0]LogConfig: Setting CVar [[r.HairStrands.SkyLighting.IntegrationType:2]]
[2023.09.16-00.36.19:209][  0]LogConfig: Setting CVar [[r.HairStrands.SkyAO.SampleCount:4]]
[2023.09.16-00.36.19:209][  0]LogConfig: Setting CVar [[r.HairStrands.Visibility.MSAA.SamplePerPixel:4]]
[2023.09.16-00.36.19:209][  0]LogConfig: Applying CVar settings from Section [Startup] File [../../../Engine/Config/ConsoleVariables.ini]
[2023.09.16-00.36.19:210][  0]LogConfig: Setting CVar [[net.UseAdaptiveNetUpdateFrequency:0]]
[2023.09.16-00.36.19:210][  0]LogConfig: Setting CVar [[p.chaos.AllowCreatePhysxBodies:1]]
[2023.09.16-00.36.19:210][  0]LogConfig: Setting CVar [[fx.SkipVectorVMBackendOptimizations:1]]
[2023.09.16-00.36.19:210][  0]LogConfig: Applying CVar settings from Section [ConsoleVariables] File [C:/Users/Benny/Documents/Unreal Projects/N64/RPG/Saved/Config/Windows/Engine.ini]
[2023.09.16-00.36.19:210][  0]LogConfig: Applying CVar settings from Section [ConsoleVariables] File [C:/Users/Benny/Documents/Unreal Projects/N64/RPG/Saved/Config/Windows/Editor.ini]
[2023.09.16-00.36.19:210][  0]LogInit: Computer: DESKTOP-C13FAE9
[2023.09.16-00.36.19:210][  0]LogInit: User: Benny
[2023.09.16-00.36.19:210][  0]LogInit: CPU Page size=4096, Cores=4
[2023.09.16-00.36.19:210][  0]LogInit: High frequency timer resolution =10.000000 MHz
[2023.09.16-00.36.19:210][  0]LogMemory: Memory total: Physical=16.0GB (16GB approx)
[2023.09.16-00.36.19:210][  0]LogMemory: Platform Memory Stats for Windows
[2023.09.16-00.36.19:210][  0]LogMemory: Process Physical Memory: 138.71 MB used, 138.71 MB peak
[2023.09.16-00.36.19:210][  0]LogMemory: Process Virtual Memory: 123.31 MB used, 123.31 MB peak
[2023.09.16-00.36.19:210][  0]LogMemory: Physical Memory: 9018.15 MB used,  7314.79 MB free, 16332.93 MB total
[2023.09.16-00.36.19:210][  0]LogMemory: Virtual Memory: 134204928.00 MB used,  12796.80 MB free, 134217728.00 MB total
[2023.09.16-00.36.19:217][  0]LogWindows: WindowsPlatformFeatures enabled
[2023.09.16-00.36.19:252][  0]LogInit: Physics initialised using underlying interface: PhysX
[2023.09.16-00.36.19:252][  0]LogInit: Using OS detected language (en-US).
[2023.09.16-00.36.19:253][  0]LogInit: Using OS detected locale (en-US).
[2023.09.16-00.36.19:260][  0]LogTextLocalizationManager: No specific localization for 'en-US' exists, so the 'en' localization will be used.
[2023.09.16-00.36.19:575][  0]LogInit: Setting process to per monitor DPI aware
[2023.09.16-00.36.19:591][  0]LogWindowsTextInputMethodSystem: Display: IME system deactivated.
[2023.09.16-00.36.19:614][  0]LogSlate: New Slate User Created.  User Index 0, Is Virtual User: 0
[2023.09.16-00.36.19:614][  0]LogSlate: Slate User Registered.  User Index 0, Is Virtual User: 0
[2023.09.16-00.36.19:865][  0]LogD3D11RHI: Loaded GFSDK_Aftermath_Lib.x64.dll
[2023.09.16-00.36.19:869][  0]LogHMD: Failed to initialize OpenVR with code 110
[2023.09.16-00.36.19:869][  0]LogD3D11RHI: D3D11 min allowed feature level: 11_0
[2023.09.16-00.36.19:869][  0]LogD3D11RHI: D3D11 max allowed feature level: 11_0
[2023.09.16-00.36.19:869][  0]LogD3D11RHI: D3D11 adapters:
[2023.09.16-00.36.19:935][  0]LogD3D11RHI:    0. 'Radeon RX 580 Series' (Feature Level 11_0)
[2023.09.16-00.36.19:935][  0]LogD3D11RHI:       8170/0/8166 MB DedicatedVideo/DedicatedSystem/SharedSystem, Outputs:2, VendorId:0x1002
[2023.09.16-00.36.19:938][  0]LogD3D11RHI:    1. 'Microsoft Basic Render Driver' (Feature Level 11_0)
[2023.09.16-00.36.19:938][  0]LogD3D11RHI:       0/0/8166 MB DedicatedVideo/DedicatedSystem/SharedSystem, Outputs:0, VendorId:0x1414
[2023.09.16-00.36.19:938][  0]LogD3D11RHI: Chosen D3D11 Adapter:
[2023.09.16-00.36.19:938][  0]LogD3D11RHI:     Description : Radeon RX 580 Series
[2023.09.16-00.36.19:938][  0]LogD3D11RHI:     VendorId    : 1002
[2023.09.16-00.36.19:938][  0]LogD3D11RHI:     DeviceId    : 67df
[2023.09.16-00.36.19:938][  0]LogD3D11RHI:     SubSysId    : c5801682
[2023.09.16-00.36.19:938][  0]LogD3D11RHI:     Revision    : 00e7
[2023.09.16-00.36.19:938][  0]LogD3D11RHI:     DedicatedVideoMemory : 8567902208 bytes
[2023.09.16-00.36.19:938][  0]LogD3D11RHI:     DedicatedSystemMemory : 0 bytes
[2023.09.16-00.36.19:938][  0]LogD3D11RHI:     SharedSystemMemory : 8563161088 bytes
[2023.09.16-00.36.19:938][  0]LogD3D11RHI:     AdapterLuid : 0 59044
[2023.09.16-00.36.19:947][  0]LogD3D11RHI: Creating new Direct3DDevice
[2023.09.16-00.36.19:947][  0]LogD3D11RHI:     GPU DeviceId: 0x67df (for the marketing name, search the web for "GPU Device Id")
[2023.09.16-00.36.19:947][  0]LogWindows: EnumDisplayDevices:
[2023.09.16-00.36.19:947][  0]LogWindows:    0. 'Radeon RX 580 Series' (P:1 D:1)
[2023.09.16-00.36.19:947][  0]LogWindows:    1. 'Radeon RX 580 Series' (P:0 D:1)
[2023.09.16-00.36.19:948][  0]LogWindows:    2. 'Radeon RX 580 Series' (P:0 D:0)
[2023.09.16-00.36.19:948][  0]LogWindows:    3. 'Radeon RX 580 Series' (P:0 D:0)
[2023.09.16-00.36.19:949][  0]LogWindows:    4. 'Radeon RX 580 Series' (P:0 D:0)
[2023.09.16-00.36.19:949][  0]LogWindows:    5. 'Radeon RX 580 Series' (P:0 D:0)
[2023.09.16-00.36.19:950][  0]LogWindows:    6. 'Radeon RX 580 Series' (P:0 D:0)
[2023.09.16-00.36.19:950][  0]LogWindows: DebugString: FoundDriverCount:7 
[2023.09.16-00.36.19:950][  0]LogD3D11RHI:     Adapter Name: Radeon RX 580 Series
[2023.09.16-00.36.19:950][  0]LogD3D11RHI:   Driver Version: AMD Software: Adrenalin Edition 23.8.1 (internal:31.0.21029.1006, unified:31.0.21029.1006)
[2023.09.16-00.36.19:950][  0]LogD3D11RHI:      Driver Date: 8-14-2023
[2023.09.16-00.36.19:950][  0]LogRHI: Texture pool is 5182 MB (70% of 7402 MB)
[2023.09.16-00.36.19:992][  0]LogD3D11RHI: Creating D3DDevice with AMD AGS, using adapter:
[2023.09.16-00.36.19:992][  0]LogD3D11RHI:     Description : Radeon RX 580 Series
[2023.09.16-00.36.19:992][  0]LogD3D11RHI:     VendorId    : 1002
[2023.09.16-00.36.19:992][  0]LogD3D11RHI:     DeviceId    : 67df
[2023.09.16-00.36.19:992][  0]LogD3D11RHI:     SubSysId    : c5801682
[2023.09.16-00.36.19:992][  0]LogD3D11RHI:     Revision    : 00e7
[2023.09.16-00.36.19:992][  0]LogD3D11RHI:     DedicatedVideoMemory : 8567902208 bytes
[2023.09.16-00.36.19:992][  0]LogD3D11RHI:     DedicatedSystemMemory : 0 bytes
[2023.09.16-00.36.19:992][  0]LogD3D11RHI:     SharedSystemMemory : 8563161088 bytes
[2023.09.16-00.36.19:992][  0]LogD3D11RHI:     AdapterLuid : 0 59044
[2023.09.16-00.36.20:043][  0]LogD3D11RHI: Created device via AGS, feature level 11_0, supported extensions 1fffffbf.
[2023.09.16-00.36.20:043][  0]LogD3D11RHI: RHI has support for 64 bit atomics
[2023.09.16-00.36.20:043][  0]LogD3D11RHI: Async texture creation enabled
[2023.09.16-00.36.20:043][  0]LogD3D11RHI: Array index from any shader is supported
[2023.09.16-00.36.20:057][  0]LogD3D11RHI: GPU Timing Frequency: 25.000000 (Debug: 2 1)
[2023.09.16-00.36.20:564][  0]LogTargetPlatformManager: Display: Loaded TargetPlatform 'AllDesktop'
[2023.09.16-00.36.20:597][  0]LogTargetPlatformManager: Display: Loaded TargetPlatform 'Android'
[2023.09.16-00.36.20:597][  0]LogTargetPlatformManager: Display: Loaded TargetPlatform 'Android_ASTC'
[2023.09.16-00.36.20:597][  0]LogTargetPlatformManager: Display: Loaded TargetPlatform 'Android_DXT'
[2023.09.16-00.36.20:597][  0]LogTargetPlatformManager: Display: Loaded TargetPlatform 'Android_ETC2'
[2023.09.16-00.36.20:597][  0]LogTargetPlatformManager: Display: Loaded TargetPlatform 'AndroidClient'
[2023.09.16-00.36.20:597][  0]LogTargetPlatformManager: Display: Loaded TargetPlatform 'Android_ASTCClient'
[2023.09.16-00.36.20:597][  0]LogTargetPlatformManager: Display: Loaded TargetPlatform 'Android_DXTClient'
[2023.09.16-00.36.20:597][  0]LogTargetPlatformManager: Display: Loaded TargetPlatform 'Android_ETC2Client'
[2023.09.16-00.36.20:597][  0]LogTargetPlatformManager: Display: Loaded TargetPlatform 'Android_Multi'
[2023.09.16-00.36.20:597][  0]LogTargetPlatformManager: Display: Loaded TargetPlatform 'Android_MultiClient'
[2023.09.16-00.36.20:624][  0]LogTargetPlatformManager: Display: Loaded TargetPlatform 'IOSClient'
[2023.09.16-00.36.20:624][  0]LogTargetPlatformManager: Display: Loaded TargetPlatform 'IOS'
[2023.09.16-00.36.20:639][  0]LogTargetPlatformManager: Display: Loaded TargetPlatform 'Linux'
[2023.09.16-00.36.20:645][  0]LogTargetPlatformManager: Display: Loaded TargetPlatform 'LinuxNoEditor'
[2023.09.16-00.36.20:650][  0]LogTargetPlatformManager: Display: Loaded TargetPlatform 'LinuxClient'
[2023.09.16-00.36.20:657][  0]LogTargetPlatformManager: Display: Loaded TargetPlatform 'LinuxServer'
[2023.09.16-00.36.20:671][  0]LogTargetPlatformManager: Display: Loaded TargetPlatform 'LinuxAArch64NoEditor'
[2023.09.16-00.36.20:678][  0]LogTargetPlatformManager: Display: Loaded TargetPlatform 'LinuxAArch64Client'
[2023.09.16-00.36.20:684][  0]LogTargetPlatformManager: Display: Loaded TargetPlatform 'LinuxAArch64Server'
[2023.09.16-00.36.20:724][  0]LogTargetPlatformManager: Display: Loaded TargetPlatform 'Lumin'
[2023.09.16-00.36.20:724][  0]LogTargetPlatformManager: Display: Loaded TargetPlatform 'LuminClient'
[2023.09.16-00.36.20:737][  0]LogTargetPlatformManager: Display: Loaded TargetPlatform 'MacNoEditor'
[2023.09.16-00.36.20:743][  0]LogTargetPlatformManager: Display: Loaded TargetPlatform 'Mac'
[2023.09.16-00.36.20:750][  0]LogTargetPlatformManager: Display: Loaded TargetPlatform 'MacClient'
[2023.09.16-00.36.20:756][  0]LogTargetPlatformManager: Display: Loaded TargetPlatform 'MacServer'
[2023.09.16-00.36.20:772][  0]LogTargetPlatformManager: Display: Loaded TargetPlatform 'TVOSClient'
[2023.09.16-00.36.20:772][  0]LogTargetPlatformManager: Display: Loaded TargetPlatform 'TVOS'
[2023.09.16-00.36.20:785][  0]LogTargetPlatformManager: Display: Loaded TargetPlatform 'WindowsNoEditor'
[2023.09.16-00.36.20:791][  0]LogTargetPlatformManager: Display: Loaded TargetPlatform 'Windows'
[2023.09.16-00.36.20:797][  0]LogTargetPlatformManager: Display: Loaded TargetPlatform 'WindowsClient'
[2023.09.16-00.36.20:803][  0]LogTargetPlatformManager: Display: Loaded TargetPlatform 'WindowsServer'
[2023.09.16-00.36.20:804][  0]LogTargetPlatformManager: Display: Building Assets For Windows
[2023.09.16-00.36.20:814][  0]LogAudioDebug: Display: Lib vorbis DLL was dynamically loaded.
[2023.09.16-00.36.20:865][  0]LogTextureFormatOodle: Display: Oodle Texture 2.9.0 init RDO Off
[2023.09.16-00.36.20:911][  0]LogRendererCore: Ray tracing is disabled. Reason: r.RayTracing=0.
[2023.09.16-00.36.20:912][  0]LogShaderCompilers: Guid format shader working directory is -18 characters bigger than the processId version (../../../../../../Users/Benny/Documents/Unreal Projects/N64/RPG/Intermediate/Shaders/WorkingDirectory/11600/).
[2023.09.16-00.36.20:912][  0]LogShaderCompilers: Cleaned the shader compiler working directory 'C:/Users/Benny/AppData/Local/Temp/UnrealShaderWorkingDir/D5DE4B234AC4BCEAD913628834F147FE/'.
[2023.09.16-00.36.20:912][  0]LogXGEController: Cannot use XGE Controller as Incredibuild is not installed on this machine.
[2023.09.16-00.36.20:912][  0]LogShaderCompilers: Cannot use XGE Shader Compiler as Incredibuild is not installed on this machine.
[2023.09.16-00.36.20:912][  0]LogShaderCompilers: Display: Using Local Shader Compiler.
[2023.09.16-00.36.22:015][  0]LogDerivedDataCache: Display: Max Cache Size: 512 MB
[2023.09.16-00.36.22:090][  0]LogDerivedDataCache: Loaded boot cache 0.07s 94MB C:/Users/Benny/AppData/Local/UnrealEngine/4.27/DerivedDataCache/Boot.ddc.
[2023.09.16-00.36.22:090][  0]LogDerivedDataCache: Display: Loaded Boot cache: C:/Users/Benny/AppData/Local/UnrealEngine/4.27/DerivedDataCache/Boot.ddc
[2023.09.16-00.36.22:090][  0]LogDerivedDataCache: FDerivedDataBackendGraph:  Pak pak cache file ../../../../../../Users/Benny/Documents/Unreal Projects/N64/RPG/DerivedDataCache/DDC.ddp not found, will not use a pak cache.
[2023.09.16-00.36.22:090][  0]LogDerivedDataCache: Unable to find inner node Pak for hierarchical cache Hierarchy.
[2023.09.16-00.36.22:090][  0]LogDerivedDataCache: FDerivedDataBackendGraph:  CompressedPak pak cache file ../../../../../../Users/Benny/Documents/Unreal Projects/N64/RPG/DerivedDataCache/Compressed.ddp not found, will not use a pak cache.
[2023.09.16-00.36.22:090][  0]LogDerivedDataCache: Unable to find inner node CompressedPak for hierarchical cache Hierarchy.
[2023.09.16-00.36.22:114][  0]LogDerivedDataCache: Display: Pak cache opened for reading ../../../Engine/DerivedDataCache/Compressed.ddp.
[2023.09.16-00.36.22:115][  0]LogDerivedDataCache: FDerivedDataBackendGraph:  EnterprisePak pak cache file ../../../Enterprise/DerivedDataCache/Compressed.ddp not found, will not use a pak cache.
[2023.09.16-00.36.22:115][  0]LogDerivedDataCache: Unable to find inner node EnterprisePak for hierarchical cache Hierarchy.
[2023.09.16-00.36.22:127][  0]LogDerivedDataCache: Speed tests for C:/Users/Benny/AppData/Local/UnrealEngine/Common/DerivedDataCache took 0.01 seconds
[2023.09.16-00.36.22:127][  0]LogDerivedDataCache: Display: Performance to C:/Users/Benny/AppData/Local/UnrealEngine/Common/DerivedDataCache: Latency=0.06ms. RandomReadSpeed=667.30MBs, RandomWriteSpeed=90.61MBs. Assigned SpeedClass 'Local'
[2023.09.16-00.36.22:128][  0]LogDerivedDataCache: Using Local data cache path C:/Users/Benny/AppData/Local/UnrealEngine/Common/DerivedDataCache: Writable
[2023.09.16-00.36.22:128][  0]LogDerivedDataCache: Shared data cache path not found in *engine.ini, will not use an Shared cache.
[2023.09.16-00.36.22:128][  0]LogDerivedDataCache: Unable to find inner node Shared for hierarchical cache Hierarchy.
[2023.09.16-00.36.22:192][  0]LogSlate: Using FreeType 2.10.0
[2023.09.16-00.36.22:193][  0]LogSlate: SlateFontServices - WITH_FREETYPE: 1, WITH_HARFBUZZ: 1
[2023.09.16-00.36.22:225][  0]LogAssetRegistry: FAssetRegistry took 0.0041 seconds to start up
[2023.09.16-00.36.22:583][  0]LogInit: Selected Device Profile: [Windows]
[2023.09.16-00.36.22:583][  0]LogInit: Active device profile: [00000212AA178700][00000212A2506D00 49] Windows
[2023.09.16-00.36.22:583][  0]LogInit: Profiles: [00000212AA178700][00000212A2506D00 49] Windows, [00000212AA133700][00000212A250AE40 49] WindowsNoEditor, [00000212AA17B300][00000212A250EF80 49] WindowsServer, [00000212AA130F00][00000212A9B59100 49] WindowsClient, [00000212AA17B500][00000212A9B5D280 49] IOS, [00000212AA123F00][00000212A9B61400 49] iPadAir, [00000212AA133B00][00000212A9B65580 49] iPadAir2, [00000212AA0A0500][00000212A9B6D840 49] IPadPro, [00000212AA0A0600][00000212A9B69880 49] iPadAir3, [00000212AA120100][00000212A9B71A00 49] iPadAir4, [00000212AA0A2C00][00000212A9B75B80 49] iPadMini2, [00000212AA122500][00000212A9B7C180 49] iPadMini3, [00000212AA0A3400][00000212A9B84300 49] iPadMini4, [00000212AA120F00][00000212A9B88480 49] iPadMini5, [00000212AA09BE00][00000212A259C740 49] iPhone6, [00000212AA09BF00][00000212A9B8C780 49] iPodTouch6, [00000212AA17B900][00000212A25A4A40 49] iPhone7, [00000212AA17A100][00000212A25A0A80 49] iPodTouch7, [00000212AA098400][00000212A25A8C00 49] iPhone5S, [00000212AA0A3D00][00000212A2512D40 49] iPhone6Plus, [00000212AA17B400][00000212A25ACE80 49] iPhone6S, [00000212AA0A2000][00000212A25B0FC0 49] iPhone6SPlus, [00000212AA178900][00000212A25B9100 49] iPhone7Plus, [00000212AA0A0E00][00000212AAD4F280 49] iPhoneSE, [00000212AA178200][00000212AAD57400 49] iPhone8, [00000212AA0A2400][00000212AAE13580 49] iPhone8Plus, [00000212AA179E00][00000212AAE27700 49] iPhoneX, [00000212AA0A3E00][00000212AAE2B880 49] iPhoneXS, [00000212AA179600][00000212AAE2FA00 49] iPhoneXSMax, [00000212AA0A2500][00000212AAE33B80 49] iPhoneXR, [00000212AA17AA00][00000212AAE36180 49] iPhone11, [00000212AA0A3A00][00000212AAE3A300 49] iPhone11Pro, [00000212AA178F00][00000212AAE3E480 49] iPhone11ProMax, [00000212AA0A2300][00000212AAE42600 49] iPhoneSE2, [00000212AA17A700][00000212AAE46780 49] iPhone12Mini, [00000212AA0A0700][00000212AAE4A900 49] iPhone12, [00000212AA17B100][00000212AAE4EA80 49] iPhone12Pro, [00000212AA0A3500][00000212AAE52C00 49] iPhone12ProMax, [00000212AA178800][00000212AAF16D80 49] iPadPro105, [00000212AA0A1C00][00000212A98D2F00 49] iPadPro129, [00000212AA178300][00000212AAD4B040 49] iPadPro97, [00000212AA0A1D00][00000212A98D7180 49] iPadPro2_129, [00000212AA178C00][00000212A98DB2C0 49] iPad5, [00000212AA0A3000][00000212A98E3440 49] iPad6, [00000212AA17AC00][00000212A98E75C0 49] iPad7, [00000212AA0A2E00][00000212A98EB740 49] iPad8, [00000212AA179800][00000212A98EF8C0 49] iPadPro11, [00000212AA0A1B00][00000212A98F3A40 49] iPadPro2_11, [00000212AA179500][00000212A98F7BC0 49] iPadPro3_129, [00000212AA0A2700][00000212A98FA1C0 49] iPadPro4_129, [00000212AA178100][00000212A98FE340 49] AppleTV, [00000212AA0A2B00][00000212A99024C0 49] AppleTV4K, [00000212AA179B00][00000212A9906640 49] TVOS, [00000212AA0A0900][00000212A990A7C0 49] Mac, [00000212AA179700][00000212A990E940 49] MacClient, [00000212AA0A2F00][00000212A9912AC0 49] MacNoEditor, [00000212AA178D00][00000212A9916C40 49] MacServer, [00000212AA0A0300][00000212A991ADC0 49] Linux, [00000212AA17AE00][00000212A991EF40 49] LinuxAArch64, [00000212AA0A1500][00000212A99230C0 49] LinuxNoEditor, [00000212AA17A400][00000212A98DF200 49] LinuxAArch64NoEditor, [00000212AA0A0200][00000212A9927340 49] LinuxClient, [00000212AA17AD00][00000212A992B480 49] LinuxAArch64Client, [00000212AA0A0C00][00000212A99EB5C0 49] LinuxServer, [00000212AA178400][00000212A99F3740 49] LinuxAArch64Server, [00000212AA0A1000][00000212A99F78C0 49] Android, [00000212AA123900][00000212A99FBA40 49] Android_Low, [00000212AA099B00][00000212A99FFBC0 49] Android_Mid, [00000212AA123000][00000212A9A021C0 49] Android_High, [00000212AA09A300][00000212A9A06340 49] Android_Default, [00000212AA122000][00000212A9A0A4C0 49] Android_Adreno4xx, [00000212AA098100][00000212A9A0E640 49] Android_Adreno5xx_Low, [00000212AA120B00][00000212A9A127C0 49] Android_Adreno5xx, [00000212AA099800][00000212A9A16940 49] Android_Adreno6xx, [00000212AA121100][00000212A9A1AAC0 49] Android_Adreno6xx_Vulkan, [00000212AA098800][00000212A9A1EC40 49] Android_Mali_T6xx, [00000212AA123600][00000212A9A22DC0 49] Android_Mali_T7xx, [00000212AA098D00][00000212A9A26F40 49] Android_Mali_T8xx, [00000212AA123C00][00000212A9A2B0C0 49] Android_Mali_G71, [00000212AA099500][00000212A9A2F240 49] Android_Mali_G72, [00000212AA123E00][00000212A99EF380 49] Android_Mali_G72_Vulkan, [00000212AA09BD00][00000212A9A334C0 49] Android_Mali_G76, [00000212AA123A00][00000212A9A37600 49] Android_Mali_G76_Vulkan, [00000212AA09B600][00000212A9A3B740 49] Android_Mali_G77, [00000212AA122200][00000212A9A438C0 49] Android_Mali_G77_Vulkan, [00000212AA099200][00000212A9A47A40 49] Android_Mali_G78, [00000212AA120A00][00000212A9A4BBC0 49] Android_Mali_G78_Vulkan, [00000212AA09B000][00000212A9A4E1C0 49] Android_Mali_G710, [00000212AA121400][00000212A9A52340 49] Android_Mali_G710_Vulkan, [00000212AA098700][00000212AC33A4C0 49] Android_Vulkan_SM5, [00000212AA121800][00000212AC33E640 49] Android_PowerVR_G6xxx, [00000212AA098E00][00000212AC3427C0 49] Android_PowerVR_GT7xxx, [00000212AA120200][00000212AC346940 49] Android_PowerVR_GE8xxx, [00000212AA098600][00000212AC34AAC0 49] Android_PowerVR_GM9xxx, [00000212AA122600][00000212AC34EC40 49] Android_PowerVR_GM9xxx_Vulkan, [00000212AA0A0F00][00000212AC352DC0 49] Android_TegraK1, [00000212AA122A00][00000212AC356F40 49] Android_Unknown_Vulkan, [00000212AA0A0D00][00000212AC35B0C0 49] Lumin, [00000212AA121200][00000212AC35F240 49] Lumin_Desktop, [00000212AA0A0B00][00000212AC3633C0 49] HoloLens, 
[2023.09.16-00.36.22:755][  0]LogMeshReduction: Using QuadricMeshReduction for automatic static mesh reduction
[2023.09.16-00.36.22:755][  0]LogMeshReduction: Using SimplygonMeshReduction for automatic skeletal mesh reduction
[2023.09.16-00.36.22:755][  0]LogMeshReduction: Using ProxyLODMeshReduction for automatic mesh merging
[2023.09.16-00.36.22:755][  0]LogMeshReduction: No distributed automatic mesh merging module available
[2023.09.16-00.36.22:755][  0]LogMeshMerging: No distributed automatic mesh merging module available
[2023.09.16-00.36.22:779][  0]LogNetVersion: RPG 1.0.0, NetCL: 17155196, EngineNetVer: 17, GameNetVer: 0 (Checksum: 2978941836)
[2023.09.16-00.36.23:365][  0]LogTexture: Default maximum texture size for cubemaps generated from long-lat sources has been changed from 512 to unlimited. In order to preserve old behaiour for '/Engine/MapTemplates/Sky/DaylightAmbientCubemap.DaylightAmbientCubemap', its maximum texture size has been explicitly set to 512.
[2023.09.16-00.36.23:432][  0]LogHMD: PokeAHoleMaterial loaded successfully
[2023.09.16-00.36.23:441][  0]LogUObjectArray: 17178 objects as part of root set at end of initial load.
[2023.09.16-00.36.23:441][  0]LogUObjectAllocator: 4302048 out of 0 bytes used by permanent object pool.
[2023.09.16-00.36.23:441][  0]LogUObjectArray: CloseDisregardForGC: 0/0 objects in disregard for GC pool
[2023.09.16-00.36.23:828][  0]LogPython: Using Python 3.7.7
[2023.09.16-00.36.24:575][  0]LogNiagaraDebuggerClient: Niagara Debugger Client Initialized | Session: 5C8760DE45D6255DE50B2F9DC006D0AC | Instance: F6C6F39849CC612292AF149F5447C891 (DESKTOP-C13FAE9-11600).
[2023.09.16-00.36.24:888][  0]LogTcpMessaging: Initializing TcpMessaging bridge
[2023.09.16-00.36.24:894][  0]LogUdpMessaging: Initializing bridge on interface 0.0.0.0:0 to multicast group 230.0.0.1:6666.
[2023.09.16-00.36.25:106][  0]SourceControl: Source control is disabled
[2023.09.16-00.36.25:106][  0]SourceControl: Source control is disabled
[2023.09.16-00.36.25:110][  0]SourceControl: Source control is disabled
[2023.09.16-00.36.25:114][  0]SourceControl: Source control is disabled
[2023.09.16-00.36.25:127][  0]SourceControl: Source control is disabled
[2023.09.16-00.36.25:135][  0]LogUProjectInfo: Found projects:
[2023.09.16-00.36.25:423][  0]LogOpenImageDenoise: OIDN starting up
[2023.09.16-00.36.25:563][  0]LogAndroidPermission: UAndroidPermissionCallbackProxy::GetInstance
[2023.09.16-00.36.25:600][  0]LogAudioCaptureCore: Display: No Audio Capture implementations found. Audio input will be silent.
[2023.09.16-00.36.25:600][  0]LogAudioCaptureCore: Display: No Audio Capture implementations found. Audio input will be silent.
[2023.09.16-00.36.25:779][  0]LogCollectionManager: Loaded 0 collections in 0.002819 seconds
[2023.09.16-00.36.25:816][  0]LogFileCache: Scanning file cache for directory 'C:/Users/Benny/Documents/Unreal Projects/N64/RPG/Saved/Collections/' took 0.00s
[2023.09.16-00.36.25:816][  0]LogFileCache: Scanning file cache for directory 'C:/Users/Benny/Documents/Unreal Projects/N64/RPG/Content/Developers/Benny/Collections/' took 0.00s
[2023.09.16-00.36.25:816][  0]LogFileCache: Scanning file cache for directory 'C:/Users/Benny/Documents/Unreal Projects/N64/RPG/Content/Collections/' took 0.00s
[2023.09.16-00.36.25:816][  0]LogOcInput: OculusInput pre-init called
[2023.09.16-00.36.26:183][  0]LogEngine: Initializing Engine...
[2023.09.16-00.36.26:262][  0]LogHMD: Failed to enumerate extensions. Please check that you have a valid OpenXR runtime installed.
[2023.09.16-00.36.26:262][  0]LogHMD: Failed to initialize OpenVR with code 110
[2023.09.16-00.36.26:262][  0]LogMagicLeap: Warning: VR disabled because ZI is not enabled.  To enable, in the editor, Edit -> Project Settings -> Plugins -> Magic Leap Plugin -> Enable Zero Iteration
[2023.09.16-00.36.26:263][  0]LogStats: UGameplayTagsManager::InitializeManager -  0.000 s
[2023.09.16-00.36.26:435][  0]LogInit: Initializing FReadOnlyCVARCache
[2023.09.16-00.36.26:449][  0]LogAIModule: Creating AISystem for world Untitled
[2023.09.16-00.36.26:464][  0]LogAudio: Display: Initializing Audio Device Manager...
[2023.09.16-00.36.26:469][  0]LogAudio: Display: Loading Default Audio Settings Objects...
[2023.09.16-00.36.26:470][  0]LogAudio: Display: No default SoundConcurrencyObject specified (or failed to load).
[2023.09.16-00.36.26:471][  0]LogAudio: Display: Audio Device Manager Initialized
[2023.09.16-00.36.26:471][  0]LogAudio: Display: Creating Audio Device:                 Id: 1, Scope: Shared, Realtime: True
[2023.09.16-00.36.26:471][  0]LogAudioMixer: Display: Audio Mixer Platform Settings:
[2023.09.16-00.36.26:471][  0]LogAudioMixer: Display: 	Sample Rate:						  48000
[2023.09.16-00.36.26:471][  0]LogAudioMixer: Display: 	Callback Buffer Frame Size Requested: 1024
[2023.09.16-00.36.26:471][  0]LogAudioMixer: Display: 	Callback Buffer Frame Size To Use:	  1024
[2023.09.16-00.36.26:471][  0]LogAudioMixer: Display: 	Number of buffers to queue:			  2
[2023.09.16-00.36.26:471][  0]LogAudioMixer: Display: 	Max Channels (voices):				  32
[2023.09.16-00.36.26:471][  0]LogAudioMixer: Display: 	Number of Async Source Workers:		  0
[2023.09.16-00.36.26:471][  0]LogAudio: Display: AudioDevice MaxSources: 32
[2023.09.16-00.36.26:471][  0]LogAudio: Display: Audio Spatialization Plugin: None (built-in).
[2023.09.16-00.36.26:471][  0]LogAudio: Display: Audio Reverb Plugin: None (built-in).
[2023.09.16-00.36.26:471][  0]LogAudio: Display: Audio Occlusion Plugin: None (built-in).
[2023.09.16-00.36.26:471][  0]LogAudioMixer: Display: Initializing audio mixer.
[2023.09.16-00.36.26:497][  0]LogAudioMixer: Display: 0: FrontLeft
[2023.09.16-00.36.26:497][  0]LogAudioMixer: Display: 1: FrontRight
[2023.09.16-00.36.26:525][  0]LogAudioMixer: Display: Using Audio Device Speakers (Mpow HC)
[2023.09.16-00.36.26:528][  0]LogAudioMixer: Display: Initializing Sound Submixes...
[2023.09.16-00.36.26:532][  0]LogAudioMixer: Display: Creating Master Submix 'MasterSubmixDefault'
[2023.09.16-00.36.26:532][  0]LogAudioMixer: Display: Creating Master Submix 'MasterReverbSubmixDefault'
[2023.09.16-00.36.26:534][  0]LogAudioMixer: Display: Creating Master Submix 'MasterEQSubmixDefault'
[2023.09.16-00.36.26:534][  0]LogAudioMixer: FMixerPlatformXAudio2::StartAudioStream() called
[2023.09.16-00.36.26:534][  0]LogAudioMixer: Display: Output buffers initialized: Frames=1024, Channels=2, Samples=2048
[2023.09.16-00.36.26:535][  0]LogAudioMixer: Display: Starting AudioMixerPlatformInterface::RunInternal()
[2023.09.16-00.36.26:535][  0]LogAudioMixer: Display: FMixerPlatformXAudio2::SubmitBuffer() called for the first time
[2023.09.16-00.36.26:535][  0]LogInit: FAudioDevice initialized.
[2023.09.16-00.36.26:535][  0]LogAudio: Display: Audio Device (ID: 1) registered with world 'Untitled'.
[2023.09.16-00.36.26:535][  0]LogNetVersion: Set ProjectVersion to 1.0.0.0. Version Checksum will be recalculated on next use.
[2023.09.16-00.36.26:651][  0]LogDerivedDataCache: Saved boot cache 0.12s 94MB C:/Users/Benny/AppData/Local/UnrealEngine/4.27/DerivedDataCache/Boot.ddc.
[2023.09.16-00.36.26:656][  0]LogInit: Texture streaming: Enabled
[2023.09.16-00.36.26:672][  0]LogAnalytics: Display: [UEEditor.Rocket.Release] APIServer = https://datarouter.ol.epicgames.com/. AppVersion = 4.27.2-18319896+++UE4+Release-4.27
[2023.09.16-00.36.26:677][  0]LogEngineSessionManager: EngineSessionManager initialized
[2023.09.16-00.36.26:678][  0]LogEditorSessionSummary: Verbose: Initializing EditorSessionSummaryWriter for editor session tracking
[2023.09.16-00.36.26:680][  0]LogEditorSessionSummary: EditorSessionSummaryWriter initialized
[2023.09.16-00.36.26:720][  0]LogInit: Transaction tracking system initialized
[2023.09.16-00.36.26:750][  0]BlueprintLog: New page: Editor Load
[2023.09.16-00.36.26:835][  0]LocalizationService: Localization service is disabled
[2023.09.16-00.36.26:868][  0]TimingProfiler: Initialize
[2023.09.16-00.36.26:868][  0]TimingProfiler: OnSessionChanged
[2023.09.16-00.36.26:868][  0]LoadingProfiler: Initialize
[2023.09.16-00.36.26:868][  0]LoadingProfiler: OnSessionChanged
[2023.09.16-00.36.26:868][  0]NetworkingProfiler: Initialize
[2023.09.16-00.36.26:868][  0]NetworkingProfiler: OnSessionChanged
[2023.09.16-00.36.26:868][  0]MemoryProfiler: Initialize
[2023.09.16-00.36.26:868][  0]MemoryProfiler: OnSessionChanged
[2023.09.16-00.36.27:136][  0]LogCook: Display: CookSettings for Memory: MemoryMaxUsedVirtual 0MiB, MemoryMaxUsedPhysical 16384MiB, MemoryMinFreeVirtual 0MiB, MemoryMinFreePhysical 1024MiB
[2023.09.16-00.36.27:136][  0]LogCook: Display: Mobile HDR setting 1
[2023.09.16-00.36.27:180][  0]LogFileCache: Scanning file cache for directory 'C:/Users/Benny/Documents/Unreal Projects/N64/RPG/Content/' took 0.04s
[2023.09.16-00.36.27:180][  0]LogAutoSizeComments: Startup AutoSizeComments
[2023.09.16-00.36.27:842][  0]LogInit: Display: Engine is initialized. Leaving FEngineLoop::Init()
[2023.09.16-00.36.27:846][  0]SourceControl: Source control is disabled
[2023.09.16-00.36.27:846][  0]LogUnrealEdMisc: Loading editor; pre map load, took 10.966
[2023.09.16-00.36.27:846][  0]Cmd: MAP LOAD FILE="../../../../../../Users/Benny/Documents/Unreal Projects/N64/RPG/Content/ThirdPersonBP/Maps/ThirdPersonExampleMap.umap" TEMPLATE=0 SHOWPROGRESS=1 FEATURELEVEL=3
[2023.09.16-00.36.27:858][  0]LightingResults: New page: Lighting Build
[2023.09.16-00.36.27:860][  0]LogWorld: UWorld::CleanupWorld for Untitled, bSessionEnded=true, bCleanupResources=true
[2023.09.16-00.36.27:860][  0]LogSlate: InvalidateAllWidgets triggered.  All widgets were invalidated
[2023.09.16-00.36.27:860][  0]MapCheck: New page: Map Check
[2023.09.16-00.36.27:860][  0]LightingResults: New page: Lighting Build
[2023.09.16-00.36.27:867][  0]LogAudio: Display: Audio Device unregistered from world 'None'.
[2023.09.16-00.36.27:871][  0]LogUObjectHash: Compacting FUObjectHashTables data took   1.29ms
[2023.09.16-00.36.28:599][  0]LogAudio: Display: Audio Device (ID: 1) registered with world 'ThirdPersonExampleMap'.
[2023.09.16-00.36.28:601][  0]LogAIModule: Creating AISystem for world ThirdPersonExampleMap
[2023.09.16-00.36.28:609][  0]LogEditorServer: Finished looking for orphan Actors (0.000 secs)
[2023.09.16-00.36.28:627][  0]LogUObjectHash: Compacting FUObjectHashTables data took   1.22ms
[2023.09.16-00.36.28:628][  0]Cmd: MAP CHECKDEP NOCLEARLOG
[2023.09.16-00.36.28:628][  0]MapCheck: Map check complete: 0 Error(s), 0 Warning(s), took 0.34ms to complete.
[2023.09.16-00.36.28:628][  0]LogFileHelpers: Loading map 'ThirdPersonExampleMap' took 0.782
[2023.09.16-00.36.28:631][  0]LogUnrealEdMisc: Total Editor Startup Time, took 11.751
[2023.09.16-00.36.33:144][  0]LogSlate: Updating window title bar state: overlay mode, drag disabled, window buttons hidden, title bar hidden
[2023.09.16-00.36.33:152][  0]LogSlate: Updating window title bar state: overlay mode, drag disabled, window buttons hidden, title bar hidden
[2023.09.16-00.36.33:161][  0]LogSlate: Updating window title bar state: overlay mode, drag disabled, window buttons hidden, title bar hidden
[2023.09.16-00.36.33:169][  0]LogSlate: Updating window title bar state: overlay mode, drag disabled, window buttons hidden, title bar hidden
[2023.09.16-00.36.33:207][  0]LogNativeClassHierarchy: Verbose: Native class hierarchy populated in 0.0170 seconds. Added 3901 classes and 953 folders.
[2023.09.16-00.36.33:218][  0]LogNativeClassHierarchy: Verbose: Native class hierarchy updated for 'WidgetCarousel' in 0.0003 seconds. Added 0 classes and 0 folders.
[2023.09.16-00.36.33:235][  0]LogPakFile: PakFile PrimaryIndexSize=187
[2023.09.16-00.36.33:235][  0]LogPakFile: PakFile PathHashIndexSize=101
[2023.09.16-00.36.33:235][  0]LogPakFile: PakFile FullDirectoryIndexSize=148
[2023.09.16-00.36.33:235][  0]LogShaderLibrary: Display: ShaderCodeLibraryPakFileMountedCallback: PakFile 'C:/Program Files/Epic Games/UE_4.27/FeaturePacks/FP_FirstPerson.upack' (chunk index -1, root 'root:/') mounted
[2023.09.16-00.36.33:235][  0]LogShaderLibrary: Display: ShaderCodeLibraryPakFileMountedCallback: pending pak file info (ChunkID:-1 Root:root:/ File:C:/Program Files/Epic Games/UE_4.27/FeaturePacks/FP_FirstPerson.upack)
[2023.09.16-00.36.33:236][  0]LogPakFile: OnPakFileMounted2Time == 0.000093
[2023.09.16-00.36.33:251][  0]LogPakFile: PakFile PrimaryIndexSize=189
[2023.09.16-00.36.33:251][  0]LogPakFile: PakFile PathHashIndexSize=101
[2023.09.16-00.36.33:251][  0]LogPakFile: PakFile FullDirectoryIndexSize=152
[2023.09.16-00.36.33:251][  0]LogShaderLibrary: Display: ShaderCodeLibraryPakFileMountedCallback: PakFile 'C:/Program Files/Epic Games/UE_4.27/FeaturePacks/FP_FirstPersonBP.upack' (chunk index -1, root 'root:/') mounted
[2023.09.16-00.36.33:251][  0]LogShaderLibrary: Display: ShaderCodeLibraryPakFileMountedCallback: pending pak file info (ChunkID:-1 Root:root:/ File:C:/Program Files/Epic Games/UE_4.27/FeaturePacks/FP_FirstPersonBP.upack)
[2023.09.16-00.36.33:251][  0]LogPakFile: OnPakFileMounted2Time == 0.000069
[2023.09.16-00.36.33:262][  0]LogPakFile: PakFile PrimaryIndexSize=191
[2023.09.16-00.36.33:262][  0]LogPakFile: PakFile PathHashIndexSize=101
[2023.09.16-00.36.33:262][  0]LogPakFile: PakFile FullDirectoryIndexSize=160
[2023.09.16-00.36.33:262][  0]LogShaderLibrary: Display: ShaderCodeLibraryPakFileMountedCallback: PakFile 'C:/Program Files/Epic Games/UE_4.27/FeaturePacks/MobileStarterContent.upack' (chunk index -1, root 'root:/') mounted
[2023.09.16-00.36.33:262][  0]LogShaderLibrary: Display: ShaderCodeLibraryPakFileMountedCallback: pending pak file info (ChunkID:-1 Root:root:/ File:C:/Program Files/Epic Games/UE_4.27/FeaturePacks/MobileStarterContent.upack)
[2023.09.16-00.36.33:262][  0]LogPakFile: OnPakFileMounted2Time == 0.000057
[2023.09.16-00.36.33:273][  0]LogPakFile: PakFile PrimaryIndexSize=185
[2023.09.16-00.36.33:273][  0]LogPakFile: PakFile PathHashIndexSize=101
[2023.09.16-00.36.33:273][  0]LogPakFile: PakFile FullDirectoryIndexSize=148
[2023.09.16-00.36.33:273][  0]LogShaderLibrary: Display: ShaderCodeLibraryPakFileMountedCallback: PakFile 'C:/Program Files/Epic Games/UE_4.27/FeaturePacks/StarterContent.upack' (chunk index -1, root 'root:/') mounted
[2023.09.16-00.36.33:273][  0]LogShaderLibrary: Display: ShaderCodeLibraryPakFileMountedCallback: pending pak file info (ChunkID:-1 Root:root:/ File:C:/Program Files/Epic Games/UE_4.27/FeaturePacks/StarterContent.upack)
[2023.09.16-00.36.33:274][  0]LogPakFile: OnPakFileMounted2Time == 0.000058
[2023.09.16-00.36.33:283][  0]LogPakFile: PakFile PrimaryIndexSize=190
[2023.09.16-00.36.33:283][  0]LogPakFile: PakFile PathHashIndexSize=101
[2023.09.16-00.36.33:283][  0]LogPakFile: PakFile FullDirectoryIndexSize=154
[2023.09.16-00.36.33:283][  0]LogShaderLibrary: Display: ShaderCodeLibraryPakFileMountedCallback: PakFile 'C:/Program Files/Epic Games/UE_4.27/FeaturePacks/TP_2DSideScroller.upack' (chunk index -1, root 'root:/') mounted
[2023.09.16-00.36.33:283][  0]LogShaderLibrary: Display: ShaderCodeLibraryPakFileMountedCallback: pending pak file info (ChunkID:-1 Root:root:/ File:C:/Program Files/Epic Games/UE_4.27/FeaturePacks/TP_2DSideScroller.upack)
[2023.09.16-00.36.33:283][  0]LogPakFile: OnPakFileMounted2Time == 0.000055
[2023.09.16-00.36.33:293][  0]LogPakFile: PakFile PrimaryIndexSize=192
[2023.09.16-00.36.33:293][  0]LogPakFile: PakFile PathHashIndexSize=101
[2023.09.16-00.36.33:293][  0]LogPakFile: PakFile FullDirectoryIndexSize=158
[2023.09.16-00.36.33:293][  0]LogShaderLibrary: Display: ShaderCodeLibraryPakFileMountedCallback: PakFile 'C:/Program Files/Epic Games/UE_4.27/FeaturePacks/TP_2DSideScrollerBP.upack' (chunk index -1, root 'root:/') mounted
[2023.09.16-00.36.33:293][  0]LogShaderLibrary: Display: ShaderCodeLibraryPakFileMountedCallback: pending pak file info (ChunkID:-1 Root:root:/ File:C:/Program Files/Epic Games/UE_4.27/FeaturePacks/TP_2DSideScrollerBP.upack)
[2023.09.16-00.36.33:293][  0]LogPakFile: OnPakFileMounted2Time == 0.000054
[2023.09.16-00.36.33:302][  0]LogPakFile: PakFile PrimaryIndexSize=182
[2023.09.16-00.36.33:302][  0]LogPakFile: PakFile PathHashIndexSize=101
[2023.09.16-00.36.33:302][  0]LogPakFile: PakFile FullDirectoryIndexSize=138
[2023.09.16-00.36.33:302][  0]LogShaderLibrary: Display: ShaderCodeLibraryPakFileMountedCallback: PakFile 'C:/Program Files/Epic Games/UE_4.27/FeaturePacks/TP_Flying.upack' (chunk index -1, root 'root:/') mounted
[2023.09.16-00.36.33:302][  0]LogShaderLibrary: Display: ShaderCodeLibraryPakFileMountedCallback: pending pak file info (ChunkID:-1 Root:root:/ File:C:/Program Files/Epic Games/UE_4.27/FeaturePacks/TP_Flying.upack)
[2023.09.16-00.36.33:302][  0]LogPakFile: OnPakFileMounted2Time == 0.000057
[2023.09.16-00.36.33:313][  0]LogPakFile: PakFile PrimaryIndexSize=184
[2023.09.16-00.36.33:313][  0]LogPakFile: PakFile PathHashIndexSize=101
[2023.09.16-00.36.33:313][  0]LogPakFile: PakFile FullDirectoryIndexSize=142
[2023.09.16-00.36.33:313][  0]LogShaderLibrary: Display: ShaderCodeLibraryPakFileMountedCallback: PakFile 'C:/Program Files/Epic Games/UE_4.27/FeaturePacks/TP_FlyingBP.upack' (chunk index -1, root 'root:/') mounted
[2023.09.16-00.36.33:313][  0]LogShaderLibrary: Display: ShaderCodeLibraryPakFileMountedCallback: pending pak file info (ChunkID:-1 Root:root:/ File:C:/Program Files/Epic Games/UE_4.27/FeaturePacks/TP_FlyingBP.upack)
[2023.09.16-00.36.33:313][  0]LogPakFile: OnPakFileMounted2Time == 0.000053
[2023.09.16-00.36.33:325][  0]LogPakFile: PakFile PrimaryIndexSize=188
[2023.09.16-00.36.33:325][  0]LogPakFile: PakFile PathHashIndexSize=101
[2023.09.16-00.36.33:325][  0]LogPakFile: PakFile FullDirectoryIndexSize=150
[2023.09.16-00.36.33:325][  0]LogShaderLibrary: Display: ShaderCodeLibraryPakFileMountedCallback: PakFile 'C:/Program Files/Epic Games/UE_4.27/FeaturePacks/TP_HandheldARBP.upack' (chunk index -1, root 'root:/') mounted
[2023.09.16-00.36.33:325][  0]LogShaderLibrary: Display: ShaderCodeLibraryPakFileMountedCallback: pending pak file info (ChunkID:-1 Root:root:/ File:C:/Program Files/Epic Games/UE_4.27/FeaturePacks/TP_HandheldARBP.upack)
[2023.09.16-00.36.33:325][  0]LogPakFile: OnPakFileMounted2Time == 0.000054
[2023.09.16-00.36.33:340][  0]LogPakFile: PakFile PrimaryIndexSize=182
[2023.09.16-00.36.33:340][  0]LogPakFile: PakFile PathHashIndexSize=101
[2023.09.16-00.36.33:340][  0]LogPakFile: PakFile FullDirectoryIndexSize=138
[2023.09.16-00.36.33:340][  0]LogShaderLibrary: Display: ShaderCodeLibraryPakFileMountedCallback: PakFile 'C:/Program Files/Epic Games/UE_4.27/FeaturePacks/TP_Puzzle.upack' (chunk index -1, root 'root:/') mounted
[2023.09.16-00.36.33:341][  0]LogShaderLibrary: Display: ShaderCodeLibraryPakFileMountedCallback: pending pak file info (ChunkID:-1 Root:root:/ File:C:/Program Files/Epic Games/UE_4.27/FeaturePacks/TP_Puzzle.upack)
[2023.09.16-00.36.33:341][  0]LogPakFile: OnPakFileMounted2Time == 0.000058
[2023.09.16-00.36.33:350][  0]LogPakFile: PakFile PrimaryIndexSize=184
[2023.09.16-00.36.33:350][  0]LogPakFile: PakFile PathHashIndexSize=101
[2023.09.16-00.36.33:350][  0]LogPakFile: PakFile FullDirectoryIndexSize=142
[2023.09.16-00.36.33:350][  0]LogShaderLibrary: Display: ShaderCodeLibraryPakFileMountedCallback: PakFile 'C:/Program Files/Epic Games/UE_4.27/FeaturePacks/TP_PuzzleBP.upack' (chunk index -1, root 'root:/') mounted
[2023.09.16-00.36.33:350][  0]LogShaderLibrary: Display: ShaderCodeLibraryPakFileMountedCallback: pending pak file info (ChunkID:-1 Root:root:/ File:C:/Program Files/Epic Games/UE_4.27/FeaturePacks/TP_PuzzleBP.upack)
[2023.09.16-00.36.33:350][  0]LogPakFile: OnPakFileMounted2Time == 0.000054
[2023.09.16-00.36.33:361][  0]LogPakFile: PakFile PrimaryIndexSize=183
[2023.09.16-00.36.33:361][  0]LogPakFile: PakFile PathHashIndexSize=101
[2023.09.16-00.36.33:361][  0]LogPakFile: PakFile FullDirectoryIndexSize=140
[2023.09.16-00.36.33:361][  0]LogShaderLibrary: Display: ShaderCodeLibraryPakFileMountedCallback: PakFile 'C:/Program Files/Epic Games/UE_4.27/FeaturePacks/TP_Rolling.upack' (chunk index -1, root 'root:/') mounted
[2023.09.16-00.36.33:361][  0]LogShaderLibrary: Display: ShaderCodeLibraryPakFileMountedCallback: pending pak file info (ChunkID:-1 Root:root:/ File:C:/Program Files/Epic Games/UE_4.27/FeaturePacks/TP_Rolling.upack)
[2023.09.16-00.36.33:361][  0]LogPakFile: OnPakFileMounted2Time == 0.000070
[2023.09.16-00.36.33:372][  0]LogPakFile: PakFile PrimaryIndexSize=185
[2023.09.16-00.36.33:372][  0]LogPakFile: PakFile PathHashIndexSize=101
[2023.09.16-00.36.33:372][  0]LogPakFile: PakFile FullDirectoryIndexSize=144
[2023.09.16-00.36.33:372][  0]LogShaderLibrary: Display: ShaderCodeLibraryPakFileMountedCallback: PakFile 'C:/Program Files/Epic Games/UE_4.27/FeaturePacks/TP_RollingBP.upack' (chunk index -1, root 'root:/') mounted
[2023.09.16-00.36.33:372][  0]LogShaderLibrary: Display: ShaderCodeLibraryPakFileMountedCallback: pending pak file info (ChunkID:-1 Root:root:/ File:C:/Program Files/Epic Games/UE_4.27/FeaturePacks/TP_RollingBP.upack)
[2023.09.16-00.36.33:372][  0]LogPakFile: OnPakFileMounted2Time == 0.000062
[2023.09.16-00.36.33:381][  0]LogPakFile: PakFile PrimaryIndexSize=188
[2023.09.16-00.36.33:381][  0]LogPakFile: PakFile PathHashIndexSize=101
[2023.09.16-00.36.33:381][  0]LogPakFile: PakFile FullDirectoryIndexSize=150
[2023.09.16-00.36.33:381][  0]LogShaderLibrary: Display: ShaderCodeLibraryPakFileMountedCallback: PakFile 'C:/Program Files/Epic Games/UE_4.27/FeaturePacks/TP_SideScroller.upack' (chunk index -1, root 'root:/') mounted
[2023.09.16-00.36.33:381][  0]LogShaderLibrary: Display: ShaderCodeLibraryPakFileMountedCallback: pending pak file info (ChunkID:-1 Root:root:/ File:C:/Program Files/Epic Games/UE_4.27/FeaturePacks/TP_SideScroller.upack)
[2023.09.16-00.36.33:381][  0]LogPakFile: OnPakFileMounted2Time == 0.000071
[2023.09.16-00.36.33:391][  0]LogPakFile: PakFile PrimaryIndexSize=190
[2023.09.16-00.36.33:391][  0]LogPakFile: PakFile PathHashIndexSize=101
[2023.09.16-00.36.33:391][  0]LogPakFile: PakFile FullDirectoryIndexSize=154
[2023.09.16-00.36.33:391][  0]LogShaderLibrary: Display: ShaderCodeLibraryPakFileMountedCallback: PakFile 'C:/Program Files/Epic Games/UE_4.27/FeaturePacks/TP_SideScrollerBP.upack' (chunk index -1, root 'root:/') mounted
[2023.09.16-00.36.33:391][  0]LogShaderLibrary: Display: ShaderCodeLibraryPakFileMountedCallback: pending pak file info (ChunkID:-1 Root:root:/ File:C:/Program Files/Epic Games/UE_4.27/FeaturePacks/TP_SideScrollerBP.upack)
[2023.09.16-00.36.33:391][  0]LogPakFile: OnPakFileMounted2Time == 0.000054
[2023.09.16-00.36.33:401][  0]LogPakFile: PakFile PrimaryIndexSize=187
[2023.09.16-00.36.33:401][  0]LogPakFile: PakFile PathHashIndexSize=101
[2023.09.16-00.36.33:401][  0]LogPakFile: PakFile FullDirectoryIndexSize=148
[2023.09.16-00.36.33:401][  0]LogShaderLibrary: Display: ShaderCodeLibraryPakFileMountedCallback: PakFile 'C:/Program Files/Epic Games/UE_4.27/FeaturePacks/TP_ThirdPerson.upack' (chunk index -1, root 'root:/') mounted
[2023.09.16-00.36.33:401][  0]LogShaderLibrary: Display: ShaderCodeLibraryPakFileMountedCallback: pending pak file info (ChunkID:-1 Root:root:/ File:C:/Program Files/Epic Games/UE_4.27/FeaturePacks/TP_ThirdPerson.upack)
[2023.09.16-00.36.33:401][  0]LogPakFile: OnPakFileMounted2Time == 0.000063
[2023.09.16-00.36.33:412][  0]LogPakFile: PakFile PrimaryIndexSize=189
[2023.09.16-00.36.33:412][  0]LogPakFile: PakFile PathHashIndexSize=101
[2023.09.16-00.36.33:412][  0]LogPakFile: PakFile FullDirectoryIndexSize=152
[2023.09.16-00.36.33:412][  0]LogShaderLibrary: Display: ShaderCodeLibraryPakFileMountedCallback: PakFile 'C:/Program Files/Epic Games/UE_4.27/FeaturePacks/TP_ThirdPersonBP.upack' (chunk index -1, root 'root:/') mounted
[2023.09.16-00.36.33:412][  0]LogShaderLibrary: Display: ShaderCodeLibraryPakFileMountedCallback: pending pak file info (ChunkID:-1 Root:root:/ File:C:/Program Files/Epic Games/UE_4.27/FeaturePacks/TP_ThirdPersonBP.upack)
[2023.09.16-00.36.33:412][  0]LogPakFile: OnPakFileMounted2Time == 0.000055
[2023.09.16-00.36.33:424][  0]LogPakFile: PakFile PrimaryIndexSize=183
[2023.09.16-00.36.33:424][  0]LogPakFile: PakFile PathHashIndexSize=101
[2023.09.16-00.36.33:424][  0]LogPakFile: PakFile FullDirectoryIndexSize=140
[2023.09.16-00.36.33:424][  0]LogShaderLibrary: Display: ShaderCodeLibraryPakFileMountedCallback: PakFile 'C:/Program Files/Epic Games/UE_4.27/FeaturePacks/TP_TopDown.upack' (chunk index -1, root 'root:/') mounted
[2023.09.16-00.36.33:424][  0]LogShaderLibrary: Display: ShaderCodeLibraryPakFileMountedCallback: pending pak file info (ChunkID:-1 Root:root:/ File:C:/Program Files/Epic Games/UE_4.27/FeaturePacks/TP_TopDown.upack)
[2023.09.16-00.36.33:424][  0]LogPakFile: OnPakFileMounted2Time == 0.000070
[2023.09.16-00.36.33:434][  0]LogPakFile: PakFile PrimaryIndexSize=185
[2023.09.16-00.36.33:434][  0]LogPakFile: PakFile PathHashIndexSize=101
[2023.09.16-00.36.33:434][  0]LogPakFile: PakFile FullDirectoryIndexSize=144
[2023.09.16-00.36.33:434][  0]LogShaderLibrary: Display: ShaderCodeLibraryPakFileMountedCallback: PakFile 'C:/Program Files/Epic Games/UE_4.27/FeaturePacks/TP_TopDownBP.upack' (chunk index -1, root 'root:/') mounted
[2023.09.16-00.36.33:434][  0]LogShaderLibrary: Display: ShaderCodeLibraryPakFileMountedCallback: pending pak file info (ChunkID:-1 Root:root:/ File:C:/Program Files/Epic Games/UE_4.27/FeaturePacks/TP_TopDownBP.upack)
[2023.09.16-00.36.33:434][  0]LogPakFile: OnPakFileMounted2Time == 0.000074
[2023.09.16-00.36.33:450][  0]LogPakFile: PakFile PrimaryIndexSize=185
[2023.09.16-00.36.33:450][  0]LogPakFile: PakFile PathHashIndexSize=101
[2023.09.16-00.36.33:450][  0]LogPakFile: PakFile FullDirectoryIndexSize=144
[2023.09.16-00.36.33:450][  0]LogShaderLibrary: Display: ShaderCodeLibraryPakFileMountedCallback: PakFile 'C:/Program Files/Epic Games/UE_4.27/FeaturePacks/TP_TwinStick.upack' (chunk index -1, root 'root:/') mounted
[2023.09.16-00.36.33:451][  0]LogShaderLibrary: Display: ShaderCodeLibraryPakFileMountedCallback: pending pak file info (ChunkID:-1 Root:root:/ File:C:/Program Files/Epic Games/UE_4.27/FeaturePacks/TP_TwinStick.upack)
[2023.09.16-00.36.33:451][  0]LogPakFile: OnPakFileMounted2Time == 0.000058
[2023.09.16-00.36.33:460][  0]LogPakFile: PakFile PrimaryIndexSize=187
[2023.09.16-00.36.33:460][  0]LogPakFile: PakFile PathHashIndexSize=101
[2023.09.16-00.36.33:460][  0]LogPakFile: PakFile FullDirectoryIndexSize=148
[2023.09.16-00.36.33:460][  0]LogShaderLibrary: Display: ShaderCodeLibraryPakFileMountedCallback: PakFile 'C:/Program Files/Epic Games/UE_4.27/FeaturePacks/TP_TwinStickBP.upack' (chunk index -1, root 'root:/') mounted
[2023.09.16-00.36.33:460][  0]LogShaderLibrary: Display: ShaderCodeLibraryPakFileMountedCallback: pending pak file info (ChunkID:-1 Root:root:/ File:C:/Program Files/Epic Games/UE_4.27/FeaturePacks/TP_TwinStickBP.upack)
[2023.09.16-00.36.33:460][  0]LogPakFile: OnPakFileMounted2Time == 0.000054
[2023.09.16-00.36.33:470][  0]LogPakFile: PakFile PrimaryIndexSize=183
[2023.09.16-00.36.33:470][  0]LogPakFile: PakFile PathHashIndexSize=101
[2023.09.16-00.36.33:470][  0]LogPakFile: PakFile FullDirectoryIndexSize=140
[2023.09.16-00.36.33:470][  0]LogShaderLibrary: Display: ShaderCodeLibraryPakFileMountedCallback: PakFile 'C:/Program Files/Epic Games/UE_4.27/FeaturePacks/TP_Vehicle.upack' (chunk index -1, root 'root:/') mounted
[2023.09.16-00.36.33:470][  0]LogShaderLibrary: Display: ShaderCodeLibraryPakFileMountedCallback: pending pak file info (ChunkID:-1 Root:root:/ File:C:/Program Files/Epic Games/UE_4.27/FeaturePacks/TP_Vehicle.upack)
[2023.09.16-00.36.33:470][  0]LogPakFile: OnPakFileMounted2Time == 0.000058
[2023.09.16-00.36.33:480][  0]LogPakFile: PakFile PrimaryIndexSize=186
[2023.09.16-00.36.33:480][  0]LogPakFile: PakFile PathHashIndexSize=101
[2023.09.16-00.36.33:480][  0]LogPakFile: PakFile FullDirectoryIndexSize=146
[2023.09.16-00.36.33:480][  0]LogShaderLibrary: Display: ShaderCodeLibraryPakFileMountedCallback: PakFile 'C:/Program Files/Epic Games/UE_4.27/FeaturePacks/TP_VehicleAdv.upack' (chunk index -1, root 'root:/') mounted
[2023.09.16-00.36.33:480][  0]LogShaderLibrary: Display: ShaderCodeLibraryPakFileMountedCallback: pending pak file info (ChunkID:-1 Root:root:/ File:C:/Program Files/Epic Games/UE_4.27/FeaturePacks/TP_VehicleAdv.upack)
[2023.09.16-00.36.33:480][  0]LogPakFile: OnPakFileMounted2Time == 0.000057
[2023.09.16-00.36.33:491][  0]LogPakFile: PakFile PrimaryIndexSize=188
[2023.09.16-00.36.33:491][  0]LogPakFile: PakFile PathHashIndexSize=101
[2023.09.16-00.36.33:491][  0]LogPakFile: PakFile FullDirectoryIndexSize=150
[2023.09.16-00.36.33:491][  0]LogShaderLibrary: Display: ShaderCodeLibraryPakFileMountedCallback: PakFile 'C:/Program Files/Epic Games/UE_4.27/FeaturePacks/TP_VehicleAdvBP.upack' (chunk index -1, root 'root:/') mounted
[2023.09.16-00.36.33:491][  0]LogShaderLibrary: Display: ShaderCodeLibraryPakFileMountedCallback: pending pak file info (ChunkID:-1 Root:root:/ File:C:/Program Files/Epic Games/UE_4.27/FeaturePacks/TP_VehicleAdvBP.upack)
[2023.09.16-00.36.33:491][  0]LogPakFile: OnPakFileMounted2Time == 0.000063
[2023.09.16-00.36.33:501][  0]LogPakFile: PakFile PrimaryIndexSize=185
[2023.09.16-00.36.33:501][  0]LogPakFile: PakFile PathHashIndexSize=101
[2023.09.16-00.36.33:501][  0]LogPakFile: PakFile FullDirectoryIndexSize=144
[2023.09.16-00.36.33:501][  0]LogShaderLibrary: Display: ShaderCodeLibraryPakFileMountedCallback: PakFile 'C:/Program Files/Epic Games/UE_4.27/FeaturePacks/TP_VehicleBP.upack' (chunk index -1, root 'root:/') mounted
[2023.09.16-00.36.33:501][  0]LogShaderLibrary: Display: ShaderCodeLibraryPakFileMountedCallback: pending pak file info (ChunkID:-1 Root:root:/ File:C:/Program Files/Epic Games/UE_4.27/FeaturePacks/TP_VehicleBP.upack)
[2023.09.16-00.36.33:501][  0]LogPakFile: OnPakFileMounted2Time == 0.000055
[2023.09.16-00.36.33:511][  0]LogPakFile: PakFile PrimaryIndexSize=192
[2023.09.16-00.36.33:512][  0]LogPakFile: PakFile PathHashIndexSize=101
[2023.09.16-00.36.33:512][  0]LogPakFile: PakFile FullDirectoryIndexSize=158
[2023.09.16-00.36.33:512][  0]LogShaderLibrary: Display: ShaderCodeLibraryPakFileMountedCallback: PakFile 'C:/Program Files/Epic Games/UE_4.27/FeaturePacks/TP_VirtualRealityBP.upack' (chunk index -1, root 'root:/') mounted
[2023.09.16-00.36.33:512][  0]LogShaderLibrary: Display: ShaderCodeLibraryPakFileMountedCallback: pending pak file info (ChunkID:-1 Root:root:/ File:C:/Program Files/Epic Games/UE_4.27/FeaturePacks/TP_VirtualRealityBP.upack)
[2023.09.16-00.36.33:512][  0]LogPakFile: OnPakFileMounted2Time == 0.000054
[2023.09.16-00.36.33:896][  0]LogNativeClassHierarchy: Verbose: Native class hierarchy updated for 'AddContentDialog' in 0.0004 seconds. Added 0 classes and 0 folders.
[2023.09.16-00.36.33:904][  0]LogNativeClassHierarchy: Verbose: Native class hierarchy updated for 'SceneOutliner' in 0.0005 seconds. Added 2 classes and 0 folders.
[2023.09.16-00.36.34:695][  0]LogSlate: Only BGRA pngs, bmps or icos are supported in by External Image Picker
[2023.09.16-00.36.34:854][  0]LogSlate: Took 0.000303 seconds to synchronously load lazily loaded font '../../../Engine/Content/Slate/Fonts/Roboto-Regular.ttf' (155K)
[2023.09.16-00.36.34:865][  0]LogSlate: Took 0.009094 seconds to synchronously load lazily loaded font '../../../Engine/Content/Editor/Slate/Fonts/FontAwesome.ttf' (139K)
[2023.09.16-00.36.34:866][  0]LogSlate: Took 0.000222 seconds to synchronously load lazily loaded font '../../../Engine/Content/Slate/Fonts/Roboto-Bold.ttf' (160K)
[2023.09.16-00.36.35:097][  0]LogRenderer: Reallocating scene render targets to support 1244x652 Format 10 NumSamples 1 (Frame:1).
[2023.09.16-00.36.35:273][  0]LogNativeClassHierarchy: Verbose: Native class hierarchy updated for 'HierarchicalLODOutliner' in 0.0004 seconds. Added 0 classes and 0 folders.
[2023.09.16-00.36.35:273][  0]LogInput: Warning: Action Jump uses invalid key OculusGo_Left_Trigger_Click.
[2023.09.16-00.36.35:273][  0]LogInput: Warning: Action ResetVR uses invalid key OculusGo_Left_Trackpad_Click.
[2023.09.16-00.36.35:273][  0]LogInput: Warning: Use -RemoveInvalidKeys to remove instances of these keys from the action mapping.
[2023.09.16-00.36.35:273][  0]LogLoad: (Engine Initialization) Total time: 18.39 seconds
[2023.09.16-00.36.35:273][  0]LogLoad: (Engine Initialization) Total Blueprint compile time: 0.00 seconds
[2023.09.16-00.36.35:344][  0]LogContentStreaming: Texture pool size now 1000 MB
[2023.09.16-00.36.35:425][  1]LogAssetRegistry: Asset discovery search completed in 13.2013 seconds
[2023.09.16-00.36.35:446][  1]LogAutoSizeComments: Loaded auto size comments cache: C:/Program Files/Epic Games/UE_4.27/Engine/Plugins/Marketplace/AutoSizeComments/ASCCache/006A9E1A457542E3F2708588860BD81B.json
[2023.09.16-00.36.35:448][  1]LogCollectionManager: Fixed up redirectors for 0 collections in 0.000005 seconds (updated 0 objects)
[2023.09.16-00.36.35:527][  2]LogSlate: Took 0.018427 seconds to synchronously load lazily loaded font '../../../Engine/Content/Slate/Fonts/Roboto-Light.ttf' (167K)
