Log file open, 10/10/23 20:30:04
LogWindows: Failed to load 'aqProf.dll' (GetLastError=126)
LogWindows: File 'aqProf.dll' does not exist
LogWindows: Failed to load 'VtuneApi.dll' (GetLastError=126)
LogWindows: File 'VtuneApi.dll' does not exist
LogWindows: Failed to load 'VtuneApi32e.dll' (GetLastError=126)
LogWindows: File 'VtuneApi32e.dll' does not exist
LogConsoleResponse: Display: Failed to find resolution value strings in scalability ini. Falling back to default.
LogConsoleResponse: Display: Failed to find resolution value strings in scalability ini. Falling back to default.
LogInit: Display: Running engine for game: RPG
LogPlatformFile: Not using cached read wrapper
LogTaskGraph: Started task graph with 5 named threads and 14 total threads with 3 sets of task threads.
LogStats: Stats thread started at 0.445873
LogICUInternationalization: ICU TimeZone Detection - Raw Offset: -7:00, Platform Override: ''
LogInit: Display: Loading text-based GConfig....
LogPluginManager: Mounting plugin MeshPainting
LogPluginManager: Mounting plugin XGEController
LogPluginManager: Mounting plugin Paper2D
LogPluginManager: Mounting plugin AISupport
LogPluginManager: Mounting plugin EnvironmentQueryEditor
LogPluginManager: Mounting plugin LightPropagationVolume
LogPluginManager: Mounting plugin GameplayCameras
LogPluginManager: Mounting plugin CameraShakePreviewer
LogPluginManager: Mounting plugin LiveLink
LogPluginManager: Mounting plugin OodleData
LogPluginManager: Mounting plugin OodleNetwork
LogPluginManager: Mounting plugin AssetManagerEditor
LogPluginManager: Mounting plugin AnimationSharing
LogPluginManager: Mounting plugin CLionSourceCodeAccess
LogPluginManager: Mounting plugin CodeLiteSourceCodeAccess
LogPluginManager: Mounting plugin GitSourceControl
LogPluginManager: Mounting plugin CryptoKeys
LogPluginManager: Mounting plugin KDevelopSourceCodeAccess
LogPluginManager: Mounting plugin CurveEditorTools
LogPluginManager: Mounting plugin NullSourceCodeAccess
LogPluginManager: Mounting plugin DataValidation
LogPluginManager: Mounting plugin PerforceSourceControl
LogPluginManager: Mounting plugin FacialAnimation
LogPluginManager: Mounting plugin PixWinPlugin
LogPluginManager: Mounting plugin GameplayTagsEditor
LogPluginManager: Mounting plugin PluginUtils
LogPluginManager: Mounting plugin GeometryMode
LogPluginManager: Mounting plugin PlasticSourceControl
LogPluginManager: Mounting plugin PropertyAccessNode
LogPluginManager: Mounting plugin MacGraphicsSwitching
LogPluginManager: Mounting plugin MaterialAnalyzer
LogPluginManager: Mounting plugin MobileLauncherProfileWizard
LogPluginManager: Mounting plugin SpeedTreeImporter
LogPluginManager: Mounting plugin RiderSourceCodeAccess
LogPluginManager: Mounting plugin SubversionSourceControl
LogPluginManager: Mounting plugin TextureFormatOodle
LogPluginManager: Mounting plugin UObjectPlugin
LogPluginManager: Mounting plugin VisualStudioSourceCodeAccess
LogPluginManager: Mounting plugin VisualStudioCodeSourceCodeAccess
LogPluginManager: Mounting plugin DatasmithContent
LogPluginManager: Mounting plugin VariantManagerContent
LogPluginManager: Mounting plugin XCodeSourceCodeAccess
LogPluginManager: Mounting plugin AlembicImporter
LogPluginManager: Mounting plugin AutomationUtils
LogPluginManager: Mounting plugin BackChannel
LogPluginManager: Mounting plugin ChaosCloth
LogPluginManager: Mounting plugin ChaosClothEditor
LogPluginManager: Mounting plugin ChaosEditor
LogPluginManager: Mounting plugin ChaosNiagara
LogPluginManager: Mounting plugin ChaosSolverPlugin
LogPluginManager: Mounting plugin CharacterAI
LogPluginManager: Mounting plugin GeometryCache
LogPluginManager: Mounting plugin GeometryCollectionPlugin
LogPluginManager: Mounting plugin GeometryProcessing
LogPluginManager: Mounting plugin MotoSynth
LogPluginManager: Mounting plugin OpenImageDenoise
LogPluginManager: Mounting plugin PlanarCut
LogPluginManager: Mounting plugin PlatformCrypto
LogPluginManager: Mounting plugin ProxyLODPlugin
LogPluginManager: Mounting plugin PythonScriptPlugin
LogPluginManager: Mounting plugin SkeletalReduction
LogPluginManager: Mounting plugin Niagara
LogPluginManager: Mounting plugin LuminPlatformFeatures
LogPluginManager: Mounting plugin MagicLeap
LogPluginManager: Mounting plugin MagicLeapLightEstimation
LogPluginManager: Mounting plugin MagicLeapMedia
LogPluginManager: Mounting plugin MagicLeapPassableWorld
LogPluginManager: Mounting plugin MLSDK
LogPluginManager: Mounting plugin AutoSizeComments
LogPluginManager: Mounting plugin QuestEditor
LogPluginManager: Mounting plugin AndroidMedia
LogPluginManager: Mounting plugin AvfMedia
LogPluginManager: Mounting plugin PluginBrowser
LogPluginManager: Mounting plugin ImgMedia
LogPluginManager: Mounting plugin MediaCompositing
LogPluginManager: Mounting plugin MediaPlayerEditor
LogPluginManager: Mounting plugin WmfMedia
LogPluginManager: Mounting plugin WebMMedia
LogPluginManager: Mounting plugin TcpMessaging
LogPluginManager: Mounting plugin UdpMessaging
LogPluginManager: Mounting plugin LevelSequenceEditor
LogPluginManager: Mounting plugin MatineeToLevelSequence
LogPluginManager: Mounting plugin TemplateSequence
LogPluginManager: Mounting plugin OnlineSubsystem
LogPluginManager: Mounting plugin OnlineSubsystemNull
LogPluginManager: Mounting plugin OnlineSubsystemUtils
LogPluginManager: Mounting plugin LauncherChunkInstaller
LogPluginManager: Mounting plugin ScreenshotTools
LogPluginManager: Mounting plugin Takes
LogPluginManager: Mounting plugin ActorLayerUtilities
LogPluginManager: Mounting plugin AndroidDeviceProfileSelector
LogPluginManager: Mounting plugin AndroidMoviePlayer
LogPluginManager: Mounting plugin AndroidPermission
LogPluginManager: Mounting plugin AppleImageUtils
LogPluginManager: Mounting plugin AppleMoviePlayer
LogPluginManager: Mounting plugin ArchVisCharacter
LogPluginManager: Mounting plugin AssetTags
LogPluginManager: Mounting plugin AudioCapture
LogPluginManager: Mounting plugin AudioSynesthesia
LogPluginManager: Mounting plugin CableComponent
LogPluginManager: Mounting plugin ChunkDownloader
LogPluginManager: Mounting plugin CustomMeshComponent
LogPluginManager: Mounting plugin EditableMesh
LogPluginManager: Mounting plugin ExampleDeviceProfileSelector
LogPluginManager: Mounting plugin GoogleCloudMessaging
LogPluginManager: Mounting plugin GooglePAD
LogPluginManager: Mounting plugin IOSDeviceProfileSelector
LogPluginManager: Mounting plugin LinuxDeviceProfileSelector
LogPluginManager: Mounting plugin LocationServicesBPLibrary
LogPluginManager: Mounting plugin MobilePatchingUtils
LogPluginManager: Mounting plugin ActorSequence
LogPluginManager: Mounting plugin OpenXREyeTracker
LogPluginManager: Mounting plugin OpenXR
LogPluginManager: Mounting plugin OpenXRHandTracking
LogPluginManager: Mounting plugin PhysXVehicles
LogPluginManager: Mounting plugin PostSplashScreen
LogPluginManager: Mounting plugin ProceduralMeshComponent
LogPluginManager: Mounting plugin PropertyAccessEditor
LogPluginManager: Mounting plugin RuntimePhysXCooking
LogPluginManager: Mounting plugin SignificanceManager
LogPluginManager: Mounting plugin SoundFields
LogPluginManager: Mounting plugin Synthesis
LogPluginManager: Mounting plugin WebMMoviePlayer
LogPluginManager: Mounting plugin WindowsMoviePlayer
LogPluginManager: Mounting plugin ContentBrowserAssetDataSource
LogPluginManager: Mounting plugin ContentBrowserClassDataSource
LogPluginManager: Mounting plugin ContentBrowserFileDataSource
LogPluginManager: Mounting plugin OnlineSubsystemGooglePlay
LogPluginManager: Mounting plugin OnlineSubsystemIOS
LogPluginManager: Mounting plugin OculusVR
LogPluginManager: Mounting plugin SteamVR
PixWinPlugin: PIX capture plugin failed to initialize! Check that the process is launched from PIX.
LogInit: Using libcurl 7.55.1-DEV
LogInit:  - built for x86_64-pc-win32
LogInit:  - supports SSL with OpenSSL/1.1.1
LogInit:  - supports HTTP deflate (compression) using libz 1.2.8
LogInit:  - other features:
LogInit:      CURL_VERSION_SSL
LogInit:      CURL_VERSION_LIBZ
LogInit:      CURL_VERSION_IPV6
LogInit:      CURL_VERSION_ASYNCHDNS
LogInit:      CURL_VERSION_LARGEFILE
LogInit:      CURL_VERSION_IDN
LogInit:  CurlRequestOptions (configurable via config and command line):
LogInit:  - bVerifyPeer = true  - Libcurl will verify peer certificate
LogInit:  - bUseHttpProxy = false  - Libcurl will NOT use HTTP proxy
LogInit:  - bDontReuseConnections = false  - Libcurl will reuse connections
LogInit:  - MaxHostConnections = 16  - Libcurl will limit the number of connections to a host
LogInit:  - LocalHostAddr = Default
LogInit:  - BufferSize = 65536
LogOnline: OSS: Creating online subsystem instance for: NULL
LogInit: WinSock: version 1.1 (2.2), MaxSocks=32767, MaxUdp=65467
LogOnline: OSS: TryLoadSubsystemAndSetDefault: Loaded subsystem for module [NULL]
LogOculusPluginWrapper: OculusPlugin initialized successfully
LogHMD: Failed initializing OVRPlugin 1.59.0
LogInit: Build: ++UE4+Release-4.27-CL-18319896
LogInit: Engine Version: 4.27.2-18319896+++UE4+Release-4.27
LogInit: Compatible Engine Version: 4.27.0-17155196+++UE4+Release-4.27
LogInit: Net CL: 17155196
LogInit: OS: Windows 10 (Release 2009) (), CPU: AMD Ryzen 3 1200 Quad-Core Processor           , GPU: Radeon RX 580 Series
LogInit: Compiled (64-bit): Nov 30 2021 07:12:08
LogInit: Compiled with Visual C++: 19.24.28315.00
LogInit: Build Configuration: Development
LogInit: Branch Name: ++UE4+Release-4.27
LogInit: Command Line:  /Game/Levels/Dev/Dev -game -PIEVIACONSOLE -Multiprocess "GameUserSettingsINI=C:/Users/Benny/Documents/Unreal Projects/N64/RPG/Saved/Config/Windows/PIEGameUserSettings0.ini" -MultiprocessSaveConfig -forcepassthrough -messaging -SessionName="Play in Standalone Game" -windowed -WinX=0 -WinY=24 SAVEWINPOS=1 -ResX=1910 -ResY=1006
LogInit: Base Directory: C:/Program Files/Epic Games/UE_4.27/Engine/Binaries/Win64/
LogInit: Allocator: TBB
LogInit: Installed Engine Build: 1
LogDevObjectVersion: Number of dev versions registered: 29
LogDevObjectVersion:   Dev-Blueprints (B0D832E4-1F89-4F0D-ACCF-7EB736FD4AA2): 10
LogDevObjectVersion:   Dev-Build (E1C64328-A22C-4D53-A36C-8E866417BD8C): 0
LogDevObjectVersion:   Dev-Core (375EC13C-06E4-48FB-B500-84F0262A717E): 4
LogDevObjectVersion:   Dev-Editor (E4B068ED-F494-42E9-A231-DA0B2E46BB41): 40
LogDevObjectVersion:   Dev-Framework (CFFC743F-43B0-4480-9391-14DF171D2073): 37
LogDevObjectVersion:   Dev-Mobile (B02B49B5-BB20-44E9-A304-32B752E40360): 3
LogDevObjectVersion:   Dev-Networking (A4E4105C-59A1-49B5-A7C5-40C4547EDFEE): 0
LogDevObjectVersion:   Dev-Online (39C831C9-5AE6-47DC-9A44-9C173E1C8E7C): 0
LogDevObjectVersion:   Dev-Physics (78F01B33-EBEA-4F98-B9B4-84EACCB95AA2): 14
LogDevObjectVersion:   Dev-Platform (6631380F-2D4D-43E0-8009-CF276956A95A): 0
LogDevObjectVersion:   Dev-Rendering (12F88B9F-8875-4AFC-A67C-D90C383ABD29): 45
LogDevObjectVersion:   Dev-Sequencer (7B5AE74C-D270-4C10-A958-57980B212A5A): 13
LogDevObjectVersion:   Dev-VR (D7296918-1DD6-4BDD-9DE2-64A83CC13884): 3
LogDevObjectVersion:   Dev-LoadTimes (C2A15278-BFE7-4AFE-6C17-90FF531DF755): 1
LogDevObjectVersion:   Private-Geometry (6EACA3D4-40EC-4CC1-B786-8BED09428FC5): 3
LogDevObjectVersion:   Dev-AnimPhys (29E575DD-E0A3-4627-9D10-D276232CDCEA): 17
LogDevObjectVersion:   Dev-Anim (AF43A65D-7FD3-4947-9873-3E8ED9C1BB05): 15
LogDevObjectVersion:   Dev-ReflectionCapture (6B266CEC-1EC7-4B8F-A30B-E4D90942FC07): 1
LogDevObjectVersion:   Dev-Automation (0DF73D61-A23F-47EA-B727-89E90C41499A): 1
LogDevObjectVersion:   FortniteMain (601D1886-AC64-4F84-AA16-D3DE0DEAC7D6): 47
LogDevObjectVersion:   FortniteRelease (E7086368-6B23-4C58-8439-1B7016265E91): 1
LogDevObjectVersion:   Dev-Enterprise (9DFFBCD6-494F-0158-E221-12823C92A888): 10
LogDevObjectVersion:   Dev-Niagara (F2AED0AC-9AFE-416F-8664-AA7FFA26D6FC): 1
LogDevObjectVersion:   Dev-Destruction (174F1F0B-B4C6-45A5-B13F-2EE8D0FB917D): 10
LogDevObjectVersion:   Dev-Physics-Ext (35F94A83-E258-406C-A318-09F59610247C): 41
LogDevObjectVersion:   Dev-PhysicsMaterial-Chaos (B68FC16E-8B1B-42E2-B453-215C058844FE): 1
LogDevObjectVersion:   Dev-CineCamera (B2E18506-4273-CFC2-A54E-F4BB758BBA07): 1
LogDevObjectVersion:   Dev-VirtualProduction (64F58936-FD1B-42BA-BA96-7289D5D0FA4E): 1
LogDevObjectVersion:   Dev-MediaFramework (6F0ED827-A609-4895-9C91-998D90180EA4): 2
LogInit: Presizing for max 25165824 objects, including 0 objects not considered by GC, pre-allocating 0 bytes for permanent pool.
LogConfig: Applying CVar settings from Section [/Script/Engine.StreamingSettings] File [C:/Users/Benny/Documents/Unreal Projects/N64/RPG/Saved/Config/Windows/Engine.ini]
LogConfig: Setting CVar [[s.MinBulkDataSizeForAsyncLoading:131072]]
LogConfig: Setting CVar [[s.AsyncLoadingThreadEnabled:0]]
LogConfig: Setting CVar [[s.EventDrivenLoaderEnabled:1]]
LogConfig: Setting CVar [[s.WarnIfTimeLimitExceeded:0]]
LogConfig: Setting CVar [[s.TimeLimitExceededMultiplier:1.5]]
LogConfig: Setting CVar [[s.TimeLimitExceededMinTime:0.005]]
LogConfig: Setting CVar [[s.UseBackgroundLevelStreaming:1]]
LogConfig: Setting CVar [[s.PriorityAsyncLoadingExtraTime:15.0]]
LogConfig: Setting CVar [[s.LevelStreamingActorsUpdateTimeLimit:5.0]]
LogConfig: Setting CVar [[s.PriorityLevelStreamingActorsUpdateExtraTime:5.0]]
LogConfig: Setting CVar [[s.LevelStreamingComponentsRegistrationGranularity:10]]
LogConfig: Setting CVar [[s.UnregisterComponentsTimeLimit:1.0]]
LogConfig: Setting CVar [[s.LevelStreamingComponentsUnregistrationGranularity:5]]
LogConfig: Setting CVar [[s.FlushStreamingOnExit:1]]
LogInit: Object subsystem initialized
LogConfig: Setting CVar [[con.DebugEarlyDefault:1]]
LogConfig: Setting CVar [[r.setres:1280x720]]
[2023.10.11-02.30.05:552][  0]LogConfig: Setting CVar [[con.DebugEarlyDefault:1]]
[2023.10.11-02.30.05:552][  0]LogConfig: Setting CVar [[r.setres:1280x720]]
[2023.10.11-02.30.05:552][  0]LogConfig: Applying CVar settings from Section [/Script/Engine.RendererSettings] File [C:/Users/Benny/Documents/Unreal Projects/N64/RPG/Saved/Config/Windows/Engine.ini]
[2023.10.11-02.30.05:552][  0]LogConfig: Setting CVar [[r.GPUCrashDebugging:0]]
[2023.10.11-02.30.05:553][  0]LogConfig: Setting CVar [[r.DefaultFeature.MotionBlur:0]]
[2023.10.11-02.30.05:553][  0]LogConfig: Setting CVar [[r.SSGI.Enable:0]]
[2023.10.11-02.30.05:553][  0]LogConfig: Setting CVar [[r.DefaultFeature.AutoExposure:0]]
[2023.10.11-02.30.05:553][  0]LogConfig: Setting CVar [[r.DefaultFeature.AutoExposure.Bias:-1.000000]]
[2023.10.11-02.30.05:553][  0]LogConfig: Setting CVar [[r.EarlyZPass:2]]
[2023.10.11-02.30.05:553][  0]LogConfig: Setting CVar [[r.EarlyZPassOnlyMaterialMasking:1]]
[2023.10.11-02.30.05:553][  0]LogConfig: Setting CVar [[r.VirtualTextures:1]]
[2023.10.11-02.30.05:553][  0]LogConfig: Setting CVar [[r.GenerateMeshDistanceFields:1]]
[2023.10.11-02.30.05:553][  0]LogConfig: Applying CVar settings from Section [/Script/Engine.RendererOverrideSettings] File [C:/Users/Benny/Documents/Unreal Projects/N64/RPG/Saved/Config/Windows/Engine.ini]
[2023.10.11-02.30.05:553][  0]LogConfig: Applying CVar settings from Section [/Script/Engine.StreamingSettings] File [C:/Users/Benny/Documents/Unreal Projects/N64/RPG/Saved/Config/Windows/Engine.ini]
[2023.10.11-02.30.05:553][  0]LogConfig: Setting CVar [[s.MinBulkDataSizeForAsyncLoading:131072]]
[2023.10.11-02.30.05:553][  0]LogConfig: Setting CVar [[s.AsyncLoadingThreadEnabled:0]]
[2023.10.11-02.30.05:553][  0]LogConfig: Setting CVar [[s.EventDrivenLoaderEnabled:1]]
[2023.10.11-02.30.05:553][  0]LogConfig: Setting CVar [[s.WarnIfTimeLimitExceeded:0]]
[2023.10.11-02.30.05:553][  0]LogConfig: Setting CVar [[s.TimeLimitExceededMultiplier:1.5]]
[2023.10.11-02.30.05:553][  0]LogConfig: Setting CVar [[s.TimeLimitExceededMinTime:0.005]]
[2023.10.11-02.30.05:553][  0]LogConfig: Setting CVar [[s.UseBackgroundLevelStreaming:1]]
[2023.10.11-02.30.05:553][  0]LogConfig: Setting CVar [[s.PriorityAsyncLoadingExtraTime:15.0]]
[2023.10.11-02.30.05:553][  0]LogConfig: Setting CVar [[s.LevelStreamingActorsUpdateTimeLimit:5.0]]
[2023.10.11-02.30.05:553][  0]LogConfig: Setting CVar [[s.PriorityLevelStreamingActorsUpdateExtraTime:5.0]]
[2023.10.11-02.30.05:553][  0]LogConfig: Setting CVar [[s.LevelStreamingComponentsRegistrationGranularity:10]]
[2023.10.11-02.30.05:553][  0]LogConfig: Setting CVar [[s.UnregisterComponentsTimeLimit:1.0]]
[2023.10.11-02.30.05:553][  0]LogConfig: Setting CVar [[s.LevelStreamingComponentsUnregistrationGranularity:5]]
[2023.10.11-02.30.05:553][  0]LogConfig: Setting CVar [[s.FlushStreamingOnExit:1]]
[2023.10.11-02.30.05:553][  0]LogConfig: Applying CVar settings from Section [/Script/Engine.GarbageCollectionSettings] File [C:/Users/Benny/Documents/Unreal Projects/N64/RPG/Saved/Config/Windows/Engine.ini]
[2023.10.11-02.30.05:553][  0]LogConfig: Setting CVar [[gc.MaxObjectsNotConsideredByGC:1]]
[2023.10.11-02.30.05:553][  0]LogConfig: Setting CVar [[gc.SizeOfPermanentObjectPool:0]]
[2023.10.11-02.30.05:553][  0]LogConfig: Setting CVar [[gc.FlushStreamingOnGC:0]]
[2023.10.11-02.30.05:553][  0]LogConfig: Setting CVar [[gc.NumRetriesBeforeForcingGC:10]]
[2023.10.11-02.30.05:553][  0]LogConfig: Setting CVar [[gc.AllowParallelGC:1]]
[2023.10.11-02.30.05:553][  0]LogConfig: Setting CVar [[gc.TimeBetweenPurgingPendingKillObjects:61.1]]
[2023.10.11-02.30.05:553][  0]LogConfig: Setting CVar [[gc.MaxObjectsInEditor:25165824]]
[2023.10.11-02.30.05:553][  0]LogConfig: Setting CVar [[gc.IncrementalBeginDestroyEnabled:1]]
[2023.10.11-02.30.05:553][  0]LogConfig: Setting CVar [[gc.CreateGCClusters:1]]
[2023.10.11-02.30.05:553][  0]LogConfig: Setting CVar [[gc.MinGCClusterSize:5]]
[2023.10.11-02.30.05:553][  0]LogConfig: Setting CVar [[gc.ActorClusteringEnabled:0]]
[2023.10.11-02.30.05:553][  0]LogConfig: Setting CVar [[gc.BlueprintClusteringEnabled:0]]
[2023.10.11-02.30.05:553][  0]LogConfig: Setting CVar [[gc.UseDisregardForGCOnDedicatedServers:0]]
[2023.10.11-02.30.05:553][  0]LogConfig: Setting CVar [[gc.MultithreadedDestructionEnabled:1]]
[2023.10.11-02.30.05:553][  0]LogConfig: Applying CVar settings from Section [/Script/Engine.NetworkSettings] File [C:/Users/Benny/Documents/Unreal Projects/N64/RPG/Saved/Config/Windows/Engine.ini]
[2023.10.11-02.30.05:553][  0]LogConfig: Applying CVar settings from Section [/Script/UnrealEd.CookerSettings] File [C:/Users/Benny/Documents/Unreal Projects/N64/RPG/Saved/Config/Windows/Engine.ini]
[2023.10.11-02.30.05:569][  0]LogConfig: Applying CVar settings from Section [ViewDistanceQuality@3] File [C:/Users/Benny/Documents/Unreal Projects/N64/RPG/Saved/Config/Windows/Scalability.ini]
[2023.10.11-02.30.05:569][  0]LogConfig: Setting CVar [[r.SkeletalMeshLODBias:0]]
[2023.10.11-02.30.05:569][  0]LogConfig: Setting CVar [[r.ViewDistanceScale:1.0]]
[2023.10.11-02.30.05:569][  0]LogConfig: Applying CVar settings from Section [AntiAliasingQuality@3] File [C:/Users/Benny/Documents/Unreal Projects/N64/RPG/Saved/Config/Windows/Scalability.ini]
[2023.10.11-02.30.05:569][  0]LogConfig: Setting CVar [[r.PostProcessAAQuality:4]]
[2023.10.11-02.30.05:569][  0]LogConfig: Applying CVar settings from Section [ShadowQuality@3] File [C:/Users/Benny/Documents/Unreal Projects/N64/RPG/Saved/Config/Windows/Scalability.ini]
[2023.10.11-02.30.05:569][  0]LogConfig: Setting CVar [[r.LightFunctionQuality:1]]
[2023.10.11-02.30.05:569][  0]LogConfig: Setting CVar [[r.ShadowQuality:5]]
[2023.10.11-02.30.05:569][  0]LogConfig: Setting CVar [[r.Shadow.CSM.MaxCascades:10]]
[2023.10.11-02.30.05:569][  0]LogConfig: Setting CVar [[r.Shadow.MaxResolution:2048]]
[2023.10.11-02.30.05:569][  0]LogConfig: Setting CVar [[r.Shadow.MaxCSMResolution:2048]]
[2023.10.11-02.30.05:569][  0]LogConfig: Setting CVar [[r.Shadow.RadiusThreshold:0.01]]
[2023.10.11-02.30.05:569][  0]LogConfig: Setting CVar [[r.Shadow.DistanceScale:1.0]]
[2023.10.11-02.30.05:569][  0]LogConfig: Setting CVar [[r.Shadow.CSM.TransitionScale:1.0]]
[2023.10.11-02.30.05:569][  0]LogConfig: Setting CVar [[r.Shadow.PreShadowResolutionFactor:1.0]]
[2023.10.11-02.30.05:569][  0]LogConfig: Setting CVar [[r.DistanceFieldShadowing:1]]
[2023.10.11-02.30.05:569][  0]LogConfig: Setting CVar [[r.DistanceFieldAO:1]]
[2023.10.11-02.30.05:569][  0]LogConfig: Setting CVar [[r.AOQuality:2]]
[2023.10.11-02.30.05:569][  0]LogConfig: Setting CVar [[r.VolumetricFog:1]]
[2023.10.11-02.30.05:569][  0]LogConfig: Setting CVar [[r.VolumetricFog.GridPixelSize:8]]
[2023.10.11-02.30.05:569][  0]LogConfig: Setting CVar [[r.VolumetricFog.GridSizeZ:128]]
[2023.10.11-02.30.05:569][  0]LogConfig: Setting CVar [[r.VolumetricFog.HistoryMissSupersampleCount:4]]
[2023.10.11-02.30.05:569][  0]LogConfig: Setting CVar [[r.LightMaxDrawDistanceScale:1]]
[2023.10.11-02.30.05:569][  0]LogConfig: Setting CVar [[r.CapsuleShadows:1]]
[2023.10.11-02.30.05:569][  0]LogConfig: Applying CVar settings from Section [PostProcessQuality@3] File [C:/Users/Benny/Documents/Unreal Projects/N64/RPG/Saved/Config/Windows/Scalability.ini]
[2023.10.11-02.30.05:569][  0]LogConfig: Setting CVar [[r.MotionBlurQuality:4]]
[2023.10.11-02.30.05:569][  0]LogConfig: Setting CVar [[r.AmbientOcclusionMipLevelFactor:0.4]]
[2023.10.11-02.30.05:569][  0]LogConfig: Setting CVar [[r.AmbientOcclusionMaxQuality:100]]
[2023.10.11-02.30.05:569][  0]LogConfig: Setting CVar [[r.AmbientOcclusionLevels:-1]]
[2023.10.11-02.30.05:570][  0]LogConfig: Setting CVar [[r.AmbientOcclusionRadiusScale:1.0]]
[2023.10.11-02.30.05:570][  0]LogConfig: Setting CVar [[r.DepthOfFieldQuality:2]]
[2023.10.11-02.30.05:570][  0]LogConfig: Setting CVar [[r.RenderTargetPoolMin:400]]
[2023.10.11-02.30.05:570][  0]LogConfig: Setting CVar [[r.LensFlareQuality:2]]
[2023.10.11-02.30.05:570][  0]LogConfig: Setting CVar [[r.SceneColorFringeQuality:1]]
[2023.10.11-02.30.05:570][  0]LogConfig: Setting CVar [[r.EyeAdaptationQuality:2]]
[2023.10.11-02.30.05:570][  0]LogConfig: Setting CVar [[r.BloomQuality:5]]
[2023.10.11-02.30.05:570][  0]LogConfig: Setting CVar [[r.FastBlurThreshold:100]]
[2023.10.11-02.30.05:570][  0]LogConfig: Setting CVar [[r.Upscale.Quality:3]]
[2023.10.11-02.30.05:570][  0]LogConfig: Setting CVar [[r.Tonemapper.GrainQuantization:1]]
[2023.10.11-02.30.05:570][  0]LogConfig: Setting CVar [[r.LightShaftQuality:1]]
[2023.10.11-02.30.05:570][  0]LogConfig: Setting CVar [[r.Filter.SizeScale:1]]
[2023.10.11-02.30.05:570][  0]LogConfig: Setting CVar [[r.Tonemapper.Quality:5]]
[2023.10.11-02.30.05:570][  0]LogConfig: Setting CVar [[r.DOF.Gather.AccumulatorQuality:1        ; higher gathering accumulator quality]]
[2023.10.11-02.30.05:570][  0]LogConfig: Setting CVar [[r.DOF.Gather.PostfilterMethod:1          ; Median3x3 postfilering method]]
[2023.10.11-02.30.05:570][  0]LogConfig: Setting CVar [[r.DOF.Gather.EnableBokehSettings:0       ; no bokeh simulation when gathering]]
[2023.10.11-02.30.05:570][  0]LogConfig: Setting CVar [[r.DOF.Gather.RingCount:4                 ; medium number of samples when gathering]]
[2023.10.11-02.30.05:570][  0]LogConfig: Setting CVar [[r.DOF.Scatter.ForegroundCompositing:1    ; additive foreground scattering]]
[2023.10.11-02.30.05:570][  0]LogConfig: Setting CVar [[r.DOF.Scatter.BackgroundCompositing:2    ; additive background scattering]]
[2023.10.11-02.30.05:570][  0]LogConfig: Setting CVar [[r.DOF.Scatter.EnableBokehSettings:1      ; bokeh simulation when scattering]]
[2023.10.11-02.30.05:570][  0]LogConfig: Setting CVar [[r.DOF.Scatter.MaxSpriteRatio:0.1         ; only a maximum of 10% of scattered bokeh]]
[2023.10.11-02.30.05:570][  0]LogConfig: Setting CVar [[r.DOF.Recombine.Quality:1                ; cheap slight out of focus]]
[2023.10.11-02.30.05:570][  0]LogConfig: Setting CVar [[r.DOF.Recombine.EnableBokehSettings:0    ; no bokeh simulation on slight out of focus]]
[2023.10.11-02.30.05:570][  0]LogConfig: Setting CVar [[r.DOF.TemporalAAQuality:1                ; more stable temporal accumulation]]
[2023.10.11-02.30.05:570][  0]LogConfig: Setting CVar [[r.DOF.Kernel.MaxForegroundRadius:0.025]]
[2023.10.11-02.30.05:570][  0]LogConfig: Setting CVar [[r.DOF.Kernel.MaxBackgroundRadius:0.025]]
[2023.10.11-02.30.05:570][  0]LogConfig: Applying CVar settings from Section [TextureQuality@3] File [C:/Users/Benny/Documents/Unreal Projects/N64/RPG/Saved/Config/Windows/Scalability.ini]
[2023.10.11-02.30.05:570][  0]LogConfig: Setting CVar [[r.Streaming.MipBias:0]]
[2023.10.11-02.30.05:570][  0]LogConfig: Setting CVar [[r.Streaming.AmortizeCPUToGPUCopy:0]]
[2023.10.11-02.30.05:570][  0]LogConfig: Setting CVar [[r.Streaming.MaxNumTexturesToStreamPerFrame:0]]
[2023.10.11-02.30.05:570][  0]LogConfig: Setting CVar [[r.Streaming.Boost:1]]
[2023.10.11-02.30.05:570][  0]LogConfig: Setting CVar [[r.MaxAnisotropy:8]]
[2023.10.11-02.30.05:570][  0]LogConfig: Setting CVar [[r.VT.MaxAnisotropy:8]]
[2023.10.11-02.30.05:570][  0]LogConfig: Setting CVar [[r.Streaming.LimitPoolSizeToVRAM:0]]
[2023.10.11-02.30.05:570][  0]LogConfig: Setting CVar [[r.Streaming.PoolSize:1000]]
[2023.10.11-02.30.05:570][  0]LogConfig: Setting CVar [[r.Streaming.MaxEffectiveScreenSize:0]]
[2023.10.11-02.30.05:570][  0]LogConfig: Applying CVar settings from Section [EffectsQuality@3] File [C:/Users/Benny/Documents/Unreal Projects/N64/RPG/Saved/Config/Windows/Scalability.ini]
[2023.10.11-02.30.05:570][  0]LogConfig: Setting CVar [[r.TranslucencyLightingVolumeDim:64]]
[2023.10.11-02.30.05:570][  0]LogConfig: Setting CVar [[r.RefractionQuality:2]]
[2023.10.11-02.30.05:570][  0]LogConfig: Setting CVar [[r.SSR.Quality:3]]
[2023.10.11-02.30.05:570][  0]LogConfig: Setting CVar [[r.SSR.HalfResSceneColor:0]]
[2023.10.11-02.30.05:570][  0]LogConfig: Setting CVar [[r.SceneColorFormat:4]]
[2023.10.11-02.30.05:570][  0]LogConfig: Setting CVar [[r.DetailMode:2]]
[2023.10.11-02.30.05:570][  0]LogConfig: Setting CVar [[r.TranslucencyVolumeBlur:1]]
[2023.10.11-02.30.05:570][  0]LogConfig: Setting CVar [[r.MaterialQualityLevel:1 ; High quality]]
[2023.10.11-02.30.05:570][  0]LogConfig: Setting CVar [[r.AnisotropicMaterials:1]]
[2023.10.11-02.30.05:570][  0]LogConfig: Setting CVar [[r.SSS.Scale:1]]
[2023.10.11-02.30.05:570][  0]LogConfig: Setting CVar [[r.SSS.SampleSet:2]]
[2023.10.11-02.30.05:570][  0]LogConfig: Setting CVar [[r.SSS.Quality:1]]
[2023.10.11-02.30.05:570][  0]LogConfig: Setting CVar [[r.SSS.HalfRes:0]]
[2023.10.11-02.30.05:570][  0]LogConfig: Setting CVar [[r.SSGI.Quality:3]]
[2023.10.11-02.30.05:570][  0]LogConfig: Setting CVar [[r.EmitterSpawnRateScale:1.0]]
[2023.10.11-02.30.05:570][  0]LogConfig: Setting CVar [[r.ParticleLightQuality:2]]
[2023.10.11-02.30.05:570][  0]LogConfig: Setting CVar [[r.SkyAtmosphere.AerialPerspectiveLUT.FastApplyOnOpaque:1 ; Always have FastSkyLUT 1 in this case to avoid wrong sky]]
[2023.10.11-02.30.05:570][  0]LogConfig: Setting CVar [[r.SkyAtmosphere.AerialPerspectiveLUT.SampleCountMaxPerSlice:4]]
[2023.10.11-02.30.05:570][  0]LogConfig: Setting CVar [[r.SkyAtmosphere.AerialPerspectiveLUT.DepthResolution:16.0]]
[2023.10.11-02.30.05:570][  0]LogConfig: Setting CVar [[r.SkyAtmosphere.FastSkyLUT:1]]
[2023.10.11-02.30.05:570][  0]LogConfig: Setting CVar [[r.SkyAtmosphere.FastSkyLUT.SampleCountMin:4.0]]
[2023.10.11-02.30.05:570][  0]LogConfig: Setting CVar [[r.SkyAtmosphere.FastSkyLUT.SampleCountMax:128.0]]
[2023.10.11-02.30.05:570][  0]LogConfig: Setting CVar [[r.SkyAtmosphere.SampleCountMin:4.0]]
[2023.10.11-02.30.05:571][  0]LogConfig: Setting CVar [[r.SkyAtmosphere.SampleCountMax:128.0]]
[2023.10.11-02.30.05:571][  0]LogConfig: Setting CVar [[r.SkyAtmosphere.TransmittanceLUT.UseSmallFormat:0]]
[2023.10.11-02.30.05:571][  0]LogConfig: Setting CVar [[r.SkyAtmosphere.TransmittanceLUT.SampleCount:10.0]]
[2023.10.11-02.30.05:571][  0]LogConfig: Setting CVar [[r.SkyAtmosphere.MultiScatteringLUT.SampleCount:15.0]]
[2023.10.11-02.30.05:571][  0]LogConfig: Setting CVar [[r.SkyLight.RealTimeReflectionCapture:1]]
[2023.10.11-02.30.05:571][  0]LogConfig: Applying CVar settings from Section [FoliageQuality@3] File [C:/Users/Benny/Documents/Unreal Projects/N64/RPG/Saved/Config/Windows/Scalability.ini]
[2023.10.11-02.30.05:571][  0]LogConfig: Setting CVar [[foliage.DensityScale:1.0]]
[2023.10.11-02.30.05:571][  0]LogConfig: Setting CVar [[grass.DensityScale:1.0]]
[2023.10.11-02.30.05:571][  0]LogConfig: Applying CVar settings from Section [ShadingQuality@3] File [C:/Users/Benny/Documents/Unreal Projects/N64/RPG/Saved/Config/Windows/Scalability.ini]
[2023.10.11-02.30.05:571][  0]LogConfig: Setting CVar [[r.HairStrands.SkyLighting.IntegrationType:2]]
[2023.10.11-02.30.05:571][  0]LogConfig: Setting CVar [[r.HairStrands.SkyAO.SampleCount:4]]
[2023.10.11-02.30.05:571][  0]LogConfig: Setting CVar [[r.HairStrands.Visibility.MSAA.SamplePerPixel:4]]
[2023.10.11-02.30.05:571][  0]LogInit: Selected Device Profile: [Windows]
[2023.10.11-02.30.05:571][  0]LogInit: Applying CVar settings loaded from the selected device profile: [Windows]
[2023.10.11-02.30.05:571][  0]LogHAL: Display: Platform has ~ 16 GB [17126322176 / 17179869184 / 16], which maps to Larger [LargestMinGB=32, LargerMinGB=12, DefaultMinGB=8, SmallerMinGB=6, SmallestMinGB=0)
[2023.10.11-02.30.05:571][  0]LogInit: Going up to parent DeviceProfile []
[2023.10.11-02.30.05:571][  0]LogConfig: Applying CVar settings from Section [ViewDistanceQuality@3] File [C:/Users/Benny/Documents/Unreal Projects/N64/RPG/Saved/Config/Windows/Scalability.ini]
[2023.10.11-02.30.05:571][  0]LogConfig: Setting CVar [[r.SkeletalMeshLODBias:0]]
[2023.10.11-02.30.05:571][  0]LogConfig: Setting CVar [[r.ViewDistanceScale:1.0]]
[2023.10.11-02.30.05:571][  0]LogConfig: Applying CVar settings from Section [AntiAliasingQuality@3] File [C:/Users/Benny/Documents/Unreal Projects/N64/RPG/Saved/Config/Windows/Scalability.ini]
[2023.10.11-02.30.05:571][  0]LogConfig: Setting CVar [[r.PostProcessAAQuality:4]]
[2023.10.11-02.30.05:571][  0]LogConfig: Applying CVar settings from Section [ShadowQuality@3] File [C:/Users/Benny/Documents/Unreal Projects/N64/RPG/Saved/Config/Windows/Scalability.ini]
[2023.10.11-02.30.05:571][  0]LogConfig: Setting CVar [[r.LightFunctionQuality:1]]
[2023.10.11-02.30.05:571][  0]LogConfig: Setting CVar [[r.ShadowQuality:5]]
[2023.10.11-02.30.05:571][  0]LogConfig: Setting CVar [[r.Shadow.CSM.MaxCascades:10]]
[2023.10.11-02.30.05:571][  0]LogConfig: Setting CVar [[r.Shadow.MaxResolution:2048]]
[2023.10.11-02.30.05:571][  0]LogConfig: Setting CVar [[r.Shadow.MaxCSMResolution:2048]]
[2023.10.11-02.30.05:571][  0]LogConfig: Setting CVar [[r.Shadow.RadiusThreshold:0.01]]
[2023.10.11-02.30.05:571][  0]LogConfig: Setting CVar [[r.Shadow.DistanceScale:1.0]]
[2023.10.11-02.30.05:571][  0]LogConfig: Setting CVar [[r.Shadow.CSM.TransitionScale:1.0]]
[2023.10.11-02.30.05:571][  0]LogConfig: Setting CVar [[r.Shadow.PreShadowResolutionFactor:1.0]]
[2023.10.11-02.30.05:571][  0]LogConfig: Setting CVar [[r.DistanceFieldShadowing:1]]
[2023.10.11-02.30.05:571][  0]LogConfig: Setting CVar [[r.DistanceFieldAO:1]]
[2023.10.11-02.30.05:571][  0]LogConfig: Setting CVar [[r.AOQuality:2]]
[2023.10.11-02.30.05:571][  0]LogConfig: Setting CVar [[r.VolumetricFog:1]]
[2023.10.11-02.30.05:571][  0]LogConfig: Setting CVar [[r.VolumetricFog.GridPixelSize:8]]
[2023.10.11-02.30.05:571][  0]LogConfig: Setting CVar [[r.VolumetricFog.GridSizeZ:128]]
[2023.10.11-02.30.05:571][  0]LogConfig: Setting CVar [[r.VolumetricFog.HistoryMissSupersampleCount:4]]
[2023.10.11-02.30.05:571][  0]LogConfig: Setting CVar [[r.LightMaxDrawDistanceScale:1]]
[2023.10.11-02.30.05:571][  0]LogConfig: Setting CVar [[r.CapsuleShadows:1]]
[2023.10.11-02.30.05:571][  0]LogConfig: Applying CVar settings from Section [PostProcessQuality@3] File [C:/Users/Benny/Documents/Unreal Projects/N64/RPG/Saved/Config/Windows/Scalability.ini]
[2023.10.11-02.30.05:571][  0]LogConfig: Setting CVar [[r.MotionBlurQuality:4]]
[2023.10.11-02.30.05:571][  0]LogConfig: Setting CVar [[r.AmbientOcclusionMipLevelFactor:0.4]]
[2023.10.11-02.30.05:571][  0]LogConfig: Setting CVar [[r.AmbientOcclusionMaxQuality:100]]
[2023.10.11-02.30.05:571][  0]LogConfig: Setting CVar [[r.AmbientOcclusionLevels:-1]]
[2023.10.11-02.30.05:571][  0]LogConfig: Setting CVar [[r.AmbientOcclusionRadiusScale:1.0]]
[2023.10.11-02.30.05:571][  0]LogConfig: Setting CVar [[r.DepthOfFieldQuality:2]]
[2023.10.11-02.30.05:571][  0]LogConfig: Setting CVar [[r.RenderTargetPoolMin:400]]
[2023.10.11-02.30.05:571][  0]LogConfig: Setting CVar [[r.LensFlareQuality:2]]
[2023.10.11-02.30.05:571][  0]LogConfig: Setting CVar [[r.SceneColorFringeQuality:1]]
[2023.10.11-02.30.05:571][  0]LogConfig: Setting CVar [[r.EyeAdaptationQuality:2]]
[2023.10.11-02.30.05:571][  0]LogConfig: Setting CVar [[r.BloomQuality:5]]
[2023.10.11-02.30.05:571][  0]LogConfig: Setting CVar [[r.FastBlurThreshold:100]]
[2023.10.11-02.30.05:571][  0]LogConfig: Setting CVar [[r.Upscale.Quality:3]]
[2023.10.11-02.30.05:571][  0]LogConfig: Setting CVar [[r.Tonemapper.GrainQuantization:1]]
[2023.10.11-02.30.05:572][  0]LogConfig: Setting CVar [[r.LightShaftQuality:1]]
[2023.10.11-02.30.05:572][  0]LogConfig: Setting CVar [[r.Filter.SizeScale:1]]
[2023.10.11-02.30.05:572][  0]LogConfig: Setting CVar [[r.Tonemapper.Quality:5]]
[2023.10.11-02.30.05:572][  0]LogConfig: Setting CVar [[r.DOF.Gather.AccumulatorQuality:1        ; higher gathering accumulator quality]]
[2023.10.11-02.30.05:572][  0]LogConfig: Setting CVar [[r.DOF.Gather.PostfilterMethod:1          ; Median3x3 postfilering method]]
[2023.10.11-02.30.05:572][  0]LogConfig: Setting CVar [[r.DOF.Gather.EnableBokehSettings:0       ; no bokeh simulation when gathering]]
[2023.10.11-02.30.05:572][  0]LogConfig: Setting CVar [[r.DOF.Gather.RingCount:4                 ; medium number of samples when gathering]]
[2023.10.11-02.30.05:572][  0]LogConfig: Setting CVar [[r.DOF.Scatter.ForegroundCompositing:1    ; additive foreground scattering]]
[2023.10.11-02.30.05:572][  0]LogConfig: Setting CVar [[r.DOF.Scatter.BackgroundCompositing:2    ; additive background scattering]]
[2023.10.11-02.30.05:572][  0]LogConfig: Setting CVar [[r.DOF.Scatter.EnableBokehSettings:1      ; bokeh simulation when scattering]]
[2023.10.11-02.30.05:572][  0]LogConfig: Setting CVar [[r.DOF.Scatter.MaxSpriteRatio:0.1         ; only a maximum of 10% of scattered bokeh]]
[2023.10.11-02.30.05:572][  0]LogConfig: Setting CVar [[r.DOF.Recombine.Quality:1                ; cheap slight out of focus]]
[2023.10.11-02.30.05:572][  0]LogConfig: Setting CVar [[r.DOF.Recombine.EnableBokehSettings:0    ; no bokeh simulation on slight out of focus]]
[2023.10.11-02.30.05:572][  0]LogConfig: Setting CVar [[r.DOF.TemporalAAQuality:1                ; more stable temporal accumulation]]
[2023.10.11-02.30.05:572][  0]LogConfig: Setting CVar [[r.DOF.Kernel.MaxForegroundRadius:0.025]]
[2023.10.11-02.30.05:572][  0]LogConfig: Setting CVar [[r.DOF.Kernel.MaxBackgroundRadius:0.025]]
[2023.10.11-02.30.05:572][  0]LogConfig: Applying CVar settings from Section [TextureQuality@3] File [C:/Users/Benny/Documents/Unreal Projects/N64/RPG/Saved/Config/Windows/Scalability.ini]
[2023.10.11-02.30.05:572][  0]LogConfig: Setting CVar [[r.Streaming.MipBias:0]]
[2023.10.11-02.30.05:572][  0]LogConfig: Setting CVar [[r.Streaming.AmortizeCPUToGPUCopy:0]]
[2023.10.11-02.30.05:572][  0]LogConfig: Setting CVar [[r.Streaming.MaxNumTexturesToStreamPerFrame:0]]
[2023.10.11-02.30.05:572][  0]LogConfig: Setting CVar [[r.Streaming.Boost:1]]
[2023.10.11-02.30.05:572][  0]LogConfig: Setting CVar [[r.MaxAnisotropy:8]]
[2023.10.11-02.30.05:572][  0]LogConfig: Setting CVar [[r.VT.MaxAnisotropy:8]]
[2023.10.11-02.30.05:572][  0]LogConfig: Setting CVar [[r.Streaming.LimitPoolSizeToVRAM:0]]
[2023.10.11-02.30.05:572][  0]LogConfig: Setting CVar [[r.Streaming.PoolSize:1000]]
[2023.10.11-02.30.05:572][  0]LogConfig: Setting CVar [[r.Streaming.MaxEffectiveScreenSize:0]]
[2023.10.11-02.30.05:572][  0]LogConfig: Applying CVar settings from Section [EffectsQuality@3] File [C:/Users/Benny/Documents/Unreal Projects/N64/RPG/Saved/Config/Windows/Scalability.ini]
[2023.10.11-02.30.05:572][  0]LogConfig: Setting CVar [[r.TranslucencyLightingVolumeDim:64]]
[2023.10.11-02.30.05:572][  0]LogConfig: Setting CVar [[r.RefractionQuality:2]]
[2023.10.11-02.30.05:572][  0]LogConfig: Setting CVar [[r.SSR.Quality:3]]
[2023.10.11-02.30.05:572][  0]LogConfig: Setting CVar [[r.SSR.HalfResSceneColor:0]]
[2023.10.11-02.30.05:572][  0]LogConfig: Setting CVar [[r.SceneColorFormat:4]]
[2023.10.11-02.30.05:572][  0]LogConfig: Setting CVar [[r.DetailMode:2]]
[2023.10.11-02.30.05:572][  0]LogConfig: Setting CVar [[r.TranslucencyVolumeBlur:1]]
[2023.10.11-02.30.05:572][  0]LogConfig: Setting CVar [[r.MaterialQualityLevel:1 ; High quality]]
[2023.10.11-02.30.05:572][  0]LogConfig: Setting CVar [[r.AnisotropicMaterials:1]]
[2023.10.11-02.30.05:572][  0]LogConfig: Setting CVar [[r.SSS.Scale:1]]
[2023.10.11-02.30.05:572][  0]LogConfig: Setting CVar [[r.SSS.SampleSet:2]]
[2023.10.11-02.30.05:572][  0]LogConfig: Setting CVar [[r.SSS.Quality:1]]
[2023.10.11-02.30.05:572][  0]LogConfig: Setting CVar [[r.SSS.HalfRes:0]]
[2023.10.11-02.30.05:572][  0]LogConfig: Setting CVar [[r.SSGI.Quality:3]]
[2023.10.11-02.30.05:572][  0]LogConfig: Setting CVar [[r.EmitterSpawnRateScale:1.0]]
[2023.10.11-02.30.05:572][  0]LogConfig: Setting CVar [[r.ParticleLightQuality:2]]
[2023.10.11-02.30.05:572][  0]LogConfig: Setting CVar [[r.SkyAtmosphere.AerialPerspectiveLUT.FastApplyOnOpaque:1 ; Always have FastSkyLUT 1 in this case to avoid wrong sky]]
[2023.10.11-02.30.05:572][  0]LogConfig: Setting CVar [[r.SkyAtmosphere.AerialPerspectiveLUT.SampleCountMaxPerSlice:4]]
[2023.10.11-02.30.05:572][  0]LogConfig: Setting CVar [[r.SkyAtmosphere.AerialPerspectiveLUT.DepthResolution:16.0]]
[2023.10.11-02.30.05:572][  0]LogConfig: Setting CVar [[r.SkyAtmosphere.FastSkyLUT:1]]
[2023.10.11-02.30.05:572][  0]LogConfig: Setting CVar [[r.SkyAtmosphere.FastSkyLUT.SampleCountMin:4.0]]
[2023.10.11-02.30.05:572][  0]LogConfig: Setting CVar [[r.SkyAtmosphere.FastSkyLUT.SampleCountMax:128.0]]
[2023.10.11-02.30.05:572][  0]LogConfig: Setting CVar [[r.SkyAtmosphere.SampleCountMin:4.0]]
[2023.10.11-02.30.05:572][  0]LogConfig: Setting CVar [[r.SkyAtmosphere.SampleCountMax:128.0]]
[2023.10.11-02.30.05:572][  0]LogConfig: Setting CVar [[r.SkyAtmosphere.TransmittanceLUT.UseSmallFormat:0]]
[2023.10.11-02.30.05:572][  0]LogConfig: Setting CVar [[r.SkyAtmosphere.TransmittanceLUT.SampleCount:10.0]]
[2023.10.11-02.30.05:572][  0]LogConfig: Setting CVar [[r.SkyAtmosphere.MultiScatteringLUT.SampleCount:15.0]]
[2023.10.11-02.30.05:572][  0]LogConfig: Setting CVar [[r.SkyLight.RealTimeReflectionCapture:1]]
[2023.10.11-02.30.05:572][  0]LogConfig: Applying CVar settings from Section [FoliageQuality@3] File [C:/Users/Benny/Documents/Unreal Projects/N64/RPG/Saved/Config/Windows/Scalability.ini]
[2023.10.11-02.30.05:572][  0]LogConfig: Setting CVar [[foliage.DensityScale:1.0]]
[2023.10.11-02.30.05:572][  0]LogConfig: Setting CVar [[grass.DensityScale:1.0]]
[2023.10.11-02.30.05:572][  0]LogConfig: Applying CVar settings from Section [ShadingQuality@3] File [C:/Users/Benny/Documents/Unreal Projects/N64/RPG/Saved/Config/Windows/Scalability.ini]
[2023.10.11-02.30.05:572][  0]LogConfig: Setting CVar [[r.HairStrands.SkyLighting.IntegrationType:2]]
[2023.10.11-02.30.05:572][  0]LogConfig: Setting CVar [[r.HairStrands.SkyAO.SampleCount:4]]
[2023.10.11-02.30.05:572][  0]LogConfig: Setting CVar [[r.HairStrands.Visibility.MSAA.SamplePerPixel:4]]
[2023.10.11-02.30.05:572][  0]LogConfig: Applying CVar settings from Section [Startup] File [../../../Engine/Config/ConsoleVariables.ini]
[2023.10.11-02.30.05:573][  0]LogConfig: Setting CVar [[net.UseAdaptiveNetUpdateFrequency:0]]
[2023.10.11-02.30.05:573][  0]LogConfig: Setting CVar [[p.chaos.AllowCreatePhysxBodies:1]]
[2023.10.11-02.30.05:573][  0]LogConfig: Setting CVar [[fx.SkipVectorVMBackendOptimizations:1]]
[2023.10.11-02.30.05:573][  0]LogConfig: Applying CVar settings from Section [ConsoleVariables] File [C:/Users/Benny/Documents/Unreal Projects/N64/RPG/Saved/Config/Windows/Engine.ini]
[2023.10.11-02.30.05:573][  0]LogConfig: Applying CVar settings from Section [ConsoleVariables] File [C:/Users/Benny/Documents/Unreal Projects/N64/RPG/Saved/Config/Windows/Editor.ini]
[2023.10.11-02.30.05:573][  0]LogInit: Computer: DESKTOP-C13FAE9
[2023.10.11-02.30.05:573][  0]LogInit: User: Benny
[2023.10.11-02.30.05:573][  0]LogInit: CPU Page size=4096, Cores=4
[2023.10.11-02.30.05:573][  0]LogInit: High frequency timer resolution =10.000000 MHz
[2023.10.11-02.30.05:573][  0]LogMemory: Memory total: Physical=16.0GB (16GB approx)
[2023.10.11-02.30.05:573][  0]LogMemory: Platform Memory Stats for Windows
[2023.10.11-02.30.05:573][  0]LogMemory: Process Physical Memory: 140.34 MB used, 140.34 MB peak
[2023.10.11-02.30.05:573][  0]LogMemory: Process Virtual Memory: 127.25 MB used, 127.25 MB peak
[2023.10.11-02.30.05:573][  0]LogMemory: Physical Memory: 7966.29 MB used,  8366.65 MB free, 16332.93 MB total
[2023.10.11-02.30.05:573][  0]LogMemory: Virtual Memory: 134203048.00 MB used,  14676.26 MB free, 134217728.00 MB total
[2023.10.11-02.30.05:580][  0]LogWindows: WindowsPlatformFeatures enabled
[2023.10.11-02.30.05:616][  0]LogInit: Physics initialised using underlying interface: PhysX
[2023.10.11-02.30.05:617][  0]LogInit: Using OS detected language (en-US).
[2023.10.11-02.30.05:617][  0]LogInit: Using OS detected locale (en-US).
[2023.10.11-02.30.05:623][  0]LogTextLocalizationManager: No specific localization for 'en-US' exists, so the 'en' localization will be used.
[2023.10.11-02.30.05:964][  0]LogWindowsTextInputMethodSystem: Display: IME system deactivated.
[2023.10.11-02.30.06:011][  0]LogSlate: New Slate User Created.  User Index 0, Is Virtual User: 0
[2023.10.11-02.30.06:011][  0]LogSlate: Slate User Registered.  User Index 0, Is Virtual User: 0
[2023.10.11-02.30.06:046][  0]LogD3D11RHI: Loaded GFSDK_Aftermath_Lib.x64.dll
[2023.10.11-02.30.06:050][  0]LogHMD: Failed to initialize OpenVR with code 110
[2023.10.11-02.30.06:050][  0]LogD3D11RHI: D3D11 min allowed feature level: 11_0
[2023.10.11-02.30.06:050][  0]LogD3D11RHI: D3D11 max allowed feature level: 11_0
[2023.10.11-02.30.06:050][  0]LogD3D11RHI: D3D11 adapters:
[2023.10.11-02.30.06:121][  0]LogD3D11RHI:    0. 'Radeon RX 580 Series' (Feature Level 11_0)
[2023.10.11-02.30.06:121][  0]LogD3D11RHI:       8170/0/8166 MB DedicatedVideo/DedicatedSystem/SharedSystem, Outputs:2, VendorId:0x1002
[2023.10.11-02.30.06:125][  0]LogD3D11RHI:    1. 'Microsoft Basic Render Driver' (Feature Level 11_0)
[2023.10.11-02.30.06:125][  0]LogD3D11RHI:       0/0/8166 MB DedicatedVideo/DedicatedSystem/SharedSystem, Outputs:0, VendorId:0x1414
[2023.10.11-02.30.06:125][  0]LogD3D11RHI: Chosen D3D11 Adapter:
[2023.10.11-02.30.06:125][  0]LogD3D11RHI:     Description : Radeon RX 580 Series
[2023.10.11-02.30.06:125][  0]LogD3D11RHI:     VendorId    : 1002
[2023.10.11-02.30.06:125][  0]LogD3D11RHI:     DeviceId    : 67df
[2023.10.11-02.30.06:125][  0]LogD3D11RHI:     SubSysId    : c5801682
[2023.10.11-02.30.06:125][  0]LogD3D11RHI:     Revision    : 00e7
[2023.10.11-02.30.06:125][  0]LogD3D11RHI:     DedicatedVideoMemory : 8567902208 bytes
[2023.10.11-02.30.06:125][  0]LogD3D11RHI:     DedicatedSystemMemory : 0 bytes
[2023.10.11-02.30.06:125][  0]LogD3D11RHI:     SharedSystemMemory : 8563161088 bytes
[2023.10.11-02.30.06:125][  0]LogD3D11RHI:     AdapterLuid : 0 62899
[2023.10.11-02.30.06:135][  0]LogD3D11RHI: Creating new Direct3DDevice
[2023.10.11-02.30.06:135][  0]LogD3D11RHI:     GPU DeviceId: 0x67df (for the marketing name, search the web for "GPU Device Id")
[2023.10.11-02.30.06:135][  0]LogWindows: EnumDisplayDevices:
[2023.10.11-02.30.06:135][  0]LogWindows:    0. 'Radeon RX 580 Series' (P:1 D:1)
[2023.10.11-02.30.06:135][  0]LogWindows:    1. 'Radeon RX 580 Series' (P:0 D:1)
[2023.10.11-02.30.06:136][  0]LogWindows:    2. 'Radeon RX 580 Series' (P:0 D:0)
[2023.10.11-02.30.06:136][  0]LogWindows:    3. 'Radeon RX 580 Series' (P:0 D:0)
[2023.10.11-02.30.06:137][  0]LogWindows:    4. 'Radeon RX 580 Series' (P:0 D:0)
[2023.10.11-02.30.06:137][  0]LogWindows:    5. 'Radeon RX 580 Series' (P:0 D:0)
[2023.10.11-02.30.06:138][  0]LogWindows:    6. 'Radeon RX 580 Series' (P:0 D:0)
[2023.10.11-02.30.06:138][  0]LogWindows: DebugString: FoundDriverCount:7 
[2023.10.11-02.30.06:138][  0]LogD3D11RHI:     Adapter Name: Radeon RX 580 Series
[2023.10.11-02.30.06:138][  0]LogD3D11RHI:   Driver Version: AMD Software: Adrenalin Edition 23.9.2 (internal:31.0.21902.5, unified:31.0.21902.5)
[2023.10.11-02.30.06:138][  0]LogD3D11RHI:      Driver Date: 8-31-2023
[2023.10.11-02.30.06:138][  0]LogRHI: Texture pool is 5182 MB (70% of 7402 MB)
[2023.10.11-02.30.06:193][  0]LogD3D11RHI: Creating D3DDevice with AMD AGS, using adapter:
[2023.10.11-02.30.06:194][  0]LogD3D11RHI:     Description : Radeon RX 580 Series
[2023.10.11-02.30.06:194][  0]LogD3D11RHI:     VendorId    : 1002
[2023.10.11-02.30.06:194][  0]LogD3D11RHI:     DeviceId    : 67df
[2023.10.11-02.30.06:194][  0]LogD3D11RHI:     SubSysId    : c5801682
[2023.10.11-02.30.06:194][  0]LogD3D11RHI:     Revision    : 00e7
[2023.10.11-02.30.06:194][  0]LogD3D11RHI:     DedicatedVideoMemory : 8567902208 bytes
[2023.10.11-02.30.06:194][  0]LogD3D11RHI:     DedicatedSystemMemory : 0 bytes
[2023.10.11-02.30.06:194][  0]LogD3D11RHI:     SharedSystemMemory : 8563161088 bytes
[2023.10.11-02.30.06:194][  0]LogD3D11RHI:     AdapterLuid : 0 62899
[2023.10.11-02.30.06:291][  0]LogD3D11RHI: Created device via AGS, feature level 11_0, supported extensions 1fffffbf.
[2023.10.11-02.30.06:291][  0]LogD3D11RHI: RHI has support for 64 bit atomics
[2023.10.11-02.30.06:291][  0]LogD3D11RHI: Async texture creation enabled
[2023.10.11-02.30.06:291][  0]LogD3D11RHI: Array index from any shader is supported
[2023.10.11-02.30.06:307][  0]LogD3D11RHI: GPU Timing Frequency: 25.000000 (Debug: 2 1)
[2023.10.11-02.30.06:783][  0]LogTargetPlatformManager: Display: Loaded TargetPlatform 'WindowsNoEditor'
[2023.10.11-02.30.06:789][  0]LogTargetPlatformManager: Display: Loaded TargetPlatform 'Windows'
[2023.10.11-02.30.06:795][  0]LogTargetPlatformManager: Display: Loaded TargetPlatform 'WindowsClient'
[2023.10.11-02.30.06:802][  0]LogTargetPlatformManager: Display: Loaded TargetPlatform 'WindowsServer'
[2023.10.11-02.30.06:802][  0]LogTargetPlatformManager: Display: Building Assets For Windows
[2023.10.11-02.30.06:812][  0]LogAudioDebug: Display: Lib vorbis DLL was dynamically loaded.
[2023.10.11-02.30.06:865][  0]LogTextureFormatOodle: Display: Oodle Texture 2.9.0 init RDO Off
[2023.10.11-02.30.06:913][  0]LogRendererCore: Ray tracing is disabled. Reason: r.RayTracing=0.
[2023.10.11-02.30.06:913][  0]LogShaderCompilers: Guid format shader working directory is -18 characters bigger than the processId version (../../../../../../Users/Benny/Documents/Unreal Projects/N64/RPG/Intermediate/Shaders/WorkingDirectory/11548/).
[2023.10.11-02.30.06:914][  0]LogShaderCompilers: Cleaned the shader compiler working directory 'C:/Users/Benny/AppData/Local/Temp/UnrealShaderWorkingDir/74BC81A94F49E8570D5B98B072002EAE/'.
[2023.10.11-02.30.06:914][  0]LogXGEController: Cannot use XGE Controller as Incredibuild is not installed on this machine.
[2023.10.11-02.30.06:914][  0]LogShaderCompilers: Cannot use XGE Shader Compiler as Incredibuild is not installed on this machine.
[2023.10.11-02.30.06:914][  0]LogShaderCompilers: Display: Using Local Shader Compiler.
[2023.10.11-02.30.08:076][  0]LogDerivedDataCache: Display: Max Cache Size: 512 MB
[2023.10.11-02.30.08:236][  0]LogDerivedDataCache: Loaded boot cache 0.16s 118MB C:/Users/Benny/AppData/Local/UnrealEngine/4.27/DerivedDataCache/Boot.ddc.
[2023.10.11-02.30.08:236][  0]LogDerivedDataCache: Display: Loaded Boot cache: C:/Users/Benny/AppData/Local/UnrealEngine/4.27/DerivedDataCache/Boot.ddc
[2023.10.11-02.30.08:236][  0]LogDerivedDataCache: FDerivedDataBackendGraph:  Pak pak cache file ../../../../../../Users/Benny/Documents/Unreal Projects/N64/RPG/DerivedDataCache/DDC.ddp not found, will not use a pak cache.
[2023.10.11-02.30.08:236][  0]LogDerivedDataCache: Unable to find inner node Pak for hierarchical cache Hierarchy.
[2023.10.11-02.30.08:236][  0]LogDerivedDataCache: FDerivedDataBackendGraph:  CompressedPak pak cache file ../../../../../../Users/Benny/Documents/Unreal Projects/N64/RPG/DerivedDataCache/Compressed.ddp not found, will not use a pak cache.
[2023.10.11-02.30.08:236][  0]LogDerivedDataCache: Unable to find inner node CompressedPak for hierarchical cache Hierarchy.
[2023.10.11-02.30.08:261][  0]LogDerivedDataCache: Display: Pak cache opened for reading ../../../Engine/DerivedDataCache/Compressed.ddp.
[2023.10.11-02.30.08:261][  0]LogDerivedDataCache: FDerivedDataBackendGraph:  EnterprisePak pak cache file ../../../Enterprise/DerivedDataCache/Compressed.ddp not found, will not use a pak cache.
[2023.10.11-02.30.08:261][  0]LogDerivedDataCache: Unable to find inner node EnterprisePak for hierarchical cache Hierarchy.
[2023.10.11-02.30.08:275][  0]LogDerivedDataCache: Speed tests for C:/Users/Benny/AppData/Local/UnrealEngine/Common/DerivedDataCache took 0.01 seconds
[2023.10.11-02.30.08:275][  0]LogDerivedDataCache: Display: Performance to C:/Users/Benny/AppData/Local/UnrealEngine/Common/DerivedDataCache: Latency=0.07ms. RandomReadSpeed=640.59MBs, RandomWriteSpeed=83.51MBs. Assigned SpeedClass 'Local'
[2023.10.11-02.30.08:276][  0]LogDerivedDataCache: Using Local data cache path C:/Users/Benny/AppData/Local/UnrealEngine/Common/DerivedDataCache: Writable
[2023.10.11-02.30.08:276][  0]LogDerivedDataCache: Shared data cache path not found in *engine.ini, will not use an Shared cache.
[2023.10.11-02.30.08:276][  0]LogDerivedDataCache: Unable to find inner node Shared for hierarchical cache Hierarchy.
[2023.10.11-02.30.08:335][  0]LogSlate: Using FreeType 2.10.0
[2023.10.11-02.30.08:335][  0]LogSlate: SlateFontServices - WITH_FREETYPE: 1, WITH_HARFBUZZ: 1
[2023.10.11-02.30.08:477][  0]LogInit: Using OS detected language (en-US).
[2023.10.11-02.30.08:477][  0]LogInit: Using OS detected locale (en-US).
[2023.10.11-02.30.08:478][  0]LogTextLocalizationManager: No localization for 'en-US' exists, so 'en' will be used for the language.
[2023.10.11-02.30.08:478][  0]LogTextLocalizationManager: No localization for 'en-US' exists, so 'en' will be used for the locale.
[2023.10.11-02.30.08:478][  0]LogSlate: FontCache flush requested. Reason: Culture for localization was changed
[2023.10.11-02.30.08:478][  0]LogSlate: FontCache flush requested. Reason: Culture for localization was changed
[2023.10.11-02.30.08:482][  0]LogTextLocalizationManager: Compacting localization data took   0.01ms
[2023.10.11-02.30.08:482][  0]LogAssetRegistry: FAssetRegistry took 0.0026 seconds to start up
[2023.10.11-02.30.08:759][  0]LogPackageLocalizationCache: Processed 28 localized package path(s) for 1 prioritized culture(s) in 0.003023 seconds
[2023.10.11-02.30.08:884][  0]LogInit: Selected Device Profile: [Windows]
[2023.10.11-02.30.08:884][  0]LogInit: Active device profile: [0000025064A4E500][000002505D508EC0 49] Windows
[2023.10.11-02.30.08:884][  0]LogInit: Profiles: [0000025064A4E500][000002505D508EC0 49] Windows, [0000025064A0A400][000002505D42F040 49] WindowsNoEditor, [0000025064A4EA00][000002505D4331C0 49] WindowsServer, [0000025064A0AE00][000002505D0CB340 49] WindowsClient, [0000025064A4F500][000002505D0CF4C0 49] IOS, [0000025064A0AB00][000002505D0D3640 49] iPadAir, [0000025064A4E600][000002505D0D77C0 49] iPadAir2, [00000250649B5C00][000002505D0DFA80 49] IPadPro, [00000250649B5D00][000002505D0DBAC0 49] iPadAir3, [0000025064A4ED00][000002505D0E20C0 49] iPadAir4, [00000250649B5900][000002505D0E6240 49] iPadMini2, [0000025064A4DF00][000002505D0EA3C0 49] iPadMini3, [00000250649B7F00][000002505D0EE540 49] iPadMini4, [0000025064A4DD00][000002505D42A680 49] iPadMini5, [00000250649E9300][000002505D0F68C0 49] iPhone6, [00000250649E9400][000002505D0F2900 49] iPodTouch6, [00000250649B4400][000002505C900BC0 49] iPhone7, [00000250649B4300][000002505D0FEC00 49] iPodTouch7, [00000250649E9600][000002505C904D80 49] iPhone5S, [00000250649B7E00][000002505C908F00 49] iPhone6Plus, [00000250649EB500][000002505C90D080 49] iPhone6S, [00000250649B6B00][000002505C911200 49] iPhone6SPlus, [00000250649EB700][000002505C915380 49] iPhone7Plus, [00000250649B6000][000002505C919500 49] iPhoneSE, [00000250649EB200][000002505C91D680 49] iPhone8, [00000250649B6100][000002505C921800 49] iPhone8Plus, [00000250649E8600][000002505C925980 49] iPhoneX, [00000250649B7200][000002505C929B00 49] iPhoneXS, [00000250649EA700][000002505C92C100 49] iPhoneXSMax, [00000250649B4F00][000002505C930280 49] iPhoneXR, [00000250649E9C00][000002505C934400 49] iPhone11, [00000250649B6200][000002505C938580 49] iPhone11Pro, [00000250649E8200][000002505C93C700 49] iPhone11ProMax, [00000250649B6800][000002505D0FA840 49] iPhoneSE2, [00000250649E8E00][000002505C940980 49] iPhone12Mini, [00000250649B4D00][000002505C944AC0 49] iPhone12, [00000250649E8A00][000002505CCAEC40 49] iPhone12Pro, [00000250649B4A00][000002505CCB2DC0 49] iPhone12ProMax, [00000250649EBD00][000002505CCB6F40 49] iPadPro105, [00000250649B5A00][000002505CCBB0C0 49] iPadPro129, [00000250649EBF00][000002505CCBF240 49] iPadPro97, [00000250649B7800][000002505CCC33C0 49] iPadPro2_129, [00000250649EB100][000002505CCC7540 49] iPad5, [00000250649B6600][000002505CCCB6C0 49] iPad6, [0000025064A09300][000002505CCCF840 49] iPad7, [0000025064A8C500][000002505CCD39C0 49] iPad8, [0000025064A09100][000002505CCD7B40 49] iPadPro11, [0000025064A8C700][000002505CCDA140 49] iPadPro2_11, [0000025064A0A500][000002505CCDE2C0 49] iPadPro3_129, [0000025064A8CD00][000002505CCE2440 49] iPadPro4_129, [0000025064A0BB00][000002505CCE65C0 49] AppleTV, [0000025064A8D100][000002505CCEA740 49] AppleTV4K, [0000025064A0A600][000002505CCEE8C0 49] TVOS, [0000025064A8CE00][000002505C948A00 49] Mac, [00000250649B5F00][000002505CCF2B40 49] MacClient, [00000250649EB800][000002505CCF6C80 49] MacNoEditor, [00000250649B5000][000002505CCFADC0 49] MacServer, [00000250649E8F00][00000250657E4F40 49] Linux, [00000250649B5800][00000250657E90C0 49] LinuxAArch64, [00000250649EAE00][00000250657ED240 49] LinuxNoEditor, [00000250649B4500][00000250657F13C0 49] LinuxAArch64NoEditor, [00000250649E9100][00000250657F5540 49] LinuxClient, [00000250649B7B00][00000250657F96C0 49] LinuxAArch64Client, [00000250649E8300][00000250657FD840 49] LinuxServer, [00000250649B6400][00000250658019C0 49] LinuxAArch64Server, [00000250649EB600][0000025065805B40 49] Android, [00000250649B7100][0000025065808140 49] Android_Low, [00000250649E8400][000002506580C2C0 49] Android_Mid, [00000250649B4700][0000025065810440 49] Android_High, [00000250649EAC00][00000250658145C0 49] Android_Default, [00000250649B5300][0000025065818740 49] Android_Adreno4xx, [00000250649E9F00][000002506581C8C0 49] Android_Adreno5xx_Low, [00000250649B7300][0000025065820A40 49] Android_Adreno5xx, [0000025064A8DE00][00000250657E0B80 49] Android_Adreno6xx, [00000250649B6900][0000025065824CC0 49] Android_Adreno6xx_Vulkan, [00000250649E9800][0000025065828E00 49] Android_Mali_T6xx, [00000250649B4200][000002506582CF40 49] Android_Mali_T7xx, [00000250649E8500][00000250658350C0 49] Android_Mali_T8xx, [00000250649B6500][0000025065839240 49] Android_Mali_G71, [00000250649EAD00][000002506583D3C0 49] Android_Mali_G72, [00000250649B7600][0000025065841540 49] Android_Mali_G72_Vulkan, [00000250649EA300][00000250658456C0 49] Android_Mali_G76, [00000250649B6300][0000025065849840 49] Android_Mali_G76_Vulkan, [00000250649EA500][000002506584D9C0 49] Android_Mali_G77, [00000250649B5E00][0000025065851B40 49] Android_Mali_G77_Vulkan, [00000250649E8900][0000025065854140 49] Android_Mali_G78, [00000250649B5100][00000250658582C0 49] Android_Mali_G78_Vulkan, [00000250649E9D00][000002506585C440 49] Android_Mali_G710, [00000250649B5600][00000250658605C0 49] Android_Mali_G710_Vulkan, [00000250649E8C00][0000025065864740 49] Android_Vulkan_SM5, [00000250649B7400][00000250658688C0 49] Android_PowerVR_G6xxx, [00000250649E9000][000002506586CA40 49] Android_PowerVR_GT7xxx, [00000250649B4900][0000025065870BC0 49] Android_PowerVR_GE8xxx, [00000250649E9200][0000025065874D40 49] Android_PowerVR_GM9xxx, [00000250649B7000][0000025065830E80 49] Android_PowerVR_GM9xxx_Vulkan, [00000250649EBA00][0000025065878FC0 49] Android_TegraK1, [0000025064A08400][000002506587D100 49] Android_Unknown_Vulkan, [00000250649EB900][0000025065885280 49] Lumin, [0000025064A4EC00][0000025065889400 49] Lumin_Desktop, [00000250649B4600][000002506588D580 49] HoloLens, 
[2023.10.11-02.30.08:948][  0]LogMeshReduction: Using QuadricMeshReduction for automatic static mesh reduction
[2023.10.11-02.30.08:948][  0]LogMeshReduction: Using SimplygonMeshReduction for automatic skeletal mesh reduction
[2023.10.11-02.30.08:948][  0]LogMeshReduction: Using ProxyLODMeshReduction for automatic mesh merging
[2023.10.11-02.30.08:948][  0]LogMeshReduction: No distributed automatic mesh merging module available
[2023.10.11-02.30.08:949][  0]LogMeshMerging: No distributed automatic mesh merging module available
[2023.10.11-02.30.09:094][  0]LogNetVersion: RPG 1.0.0, NetCL: 17155196, EngineNetVer: 17, GameNetVer: 0 (Checksum: 2978941836)
[2023.10.11-02.30.09:465][  0]LogTexture: Default maximum texture size for cubemaps generated from long-lat sources has been changed from 512 to unlimited. In order to preserve old behaiour for '/Engine/MapTemplates/Sky/DaylightAmbientCubemap.DaylightAmbientCubemap', its maximum texture size has been explicitly set to 512.
[2023.10.11-02.30.09:540][  0]LogHMD: PokeAHoleMaterial loaded successfully
[2023.10.11-02.30.09:703][  0]LogMoviePlayer: Initializing movie player
[2023.10.11-02.30.09:836][  0]LogPython: Using Python 3.7.7
[2023.10.11-02.30.10:667][  0]LogNiagaraDebuggerClient: Niagara Debugger Client Initialized | Session: D235E4844B6303A0AB2AAA999B6444D2 | Instance: 99A2F2B04317519CDA166AA1470CEF07 (DESKTOP-C13FAE9-11548).
[2023.10.11-02.30.10:701][  0]LogCollectionManager: Loaded 0 collections in 0.002562 seconds
[2023.10.11-02.30.10:705][  0]LogFileCache: Scanning file cache for directory 'C:/Users/Benny/Documents/Unreal Projects/N64/RPG/Saved/Collections/' took 0.00s
[2023.10.11-02.30.10:705][  0]LogFileCache: Scanning file cache for directory 'C:/Users/Benny/Documents/Unreal Projects/N64/RPG/Content/Developers/Benny/Collections/' took 0.00s
[2023.10.11-02.30.10:705][  0]LogFileCache: Scanning file cache for directory 'C:/Users/Benny/Documents/Unreal Projects/N64/RPG/Content/Collections/' took 0.00s
[2023.10.11-02.30.10:705][  0]LogCollectionManager: Fixed up redirectors for 0 collections in 0.000002 seconds (updated 0 objects)
[2023.10.11-02.30.10:975][  0]LogTcpMessaging: Initializing TcpMessaging bridge
[2023.10.11-02.30.10:981][  0]LogUdpMessaging: Initializing bridge on interface 0.0.0.0:0 to multicast group 230.0.0.1:6666.
[2023.10.11-02.30.11:134][  0]SourceControl: Source control is disabled
[2023.10.11-02.30.11:135][  0]SourceControl: Source control is disabled
[2023.10.11-02.30.11:139][  0]SourceControl: Source control is disabled
[2023.10.11-02.30.11:153][  0]LogUProjectInfo: Found projects:
[2023.10.11-02.30.11:155][  0]LogVSAccessor: Display: Unable to create Visual Studio setup instance: 80040154
[2023.10.11-02.30.11:155][  0]LogVSAccessor: Display: Unable to create Visual Studio setup instance: 80040154
[2023.10.11-02.30.11:156][  0]LogVSAccessor: Display: Unable to create Visual Studio setup instance: 80040154
[2023.10.11-02.30.11:273][  0]LogOpenImageDenoise: OIDN starting up
[2023.10.11-02.30.11:338][  0]LogAndroidPermission: UAndroidPermissionCallbackProxy::GetInstance
[2023.10.11-02.30.11:370][  0]LogAudioCaptureCore: Display: No Audio Capture implementations found. Audio input will be silent.
[2023.10.11-02.30.11:371][  0]LogAudioCaptureCore: Display: No Audio Capture implementations found. Audio input will be silent.
[2023.10.11-02.30.11:487][  0]LogOcInput: OculusInput pre-init called
[2023.10.11-02.30.11:501][  0]LogUObjectArray: 22725 objects as part of root set at end of initial load.
[2023.10.11-02.30.11:501][  0]LogUObjectAllocator: 6150096 out of 0 bytes used by permanent object pool.
[2023.10.11-02.30.11:501][  0]LogUObjectArray: CloseDisregardForGC: 0/0 objects in disregard for GC pool
[2023.10.11-02.30.11:572][  0]LogEngine: Initializing Engine...
[2023.10.11-02.30.11:575][  0]LogHMD: Failed to enumerate extensions. Please check that you have a valid OpenXR runtime installed.
[2023.10.11-02.30.11:576][  0]LogHMD: Failed to initialize OpenVR with code 110
[2023.10.11-02.30.11:576][  0]LogMagicLeap: Warning: VR disabled because ZI is not enabled.  To enable, in the editor, Edit -> Project Settings -> Plugins -> Magic Leap Plugin -> Enable Zero Iteration
[2023.10.11-02.30.11:578][  0]LogStats: UGameplayTagsManager::InitializeManager -  0.000 s
[2023.10.11-02.30.11:729][  0]LogInit: Initializing FReadOnlyCVARCache
[2023.10.11-02.30.11:729][  0]LogAudio: Display: Initializing Audio Device Manager...
[2023.10.11-02.30.11:735][  0]LogAudio: Display: Loading Default Audio Settings Objects...
[2023.10.11-02.30.11:736][  0]LogAudio: Display: No default SoundConcurrencyObject specified (or failed to load).
[2023.10.11-02.30.11:737][  0]LogAudio: Display: Audio Device Manager Initialized
[2023.10.11-02.30.11:737][  0]LogAudio: Display: Creating Audio Device:                 Id: 1, Scope: Shared, Realtime: True
[2023.10.11-02.30.11:737][  0]LogAudioMixer: Display: Audio Mixer Platform Settings:
[2023.10.11-02.30.11:737][  0]LogAudioMixer: Display: 	Sample Rate:						  48000
[2023.10.11-02.30.11:737][  0]LogAudioMixer: Display: 	Callback Buffer Frame Size Requested: 1024
[2023.10.11-02.30.11:737][  0]LogAudioMixer: Display: 	Callback Buffer Frame Size To Use:	  1024
[2023.10.11-02.30.11:737][  0]LogAudioMixer: Display: 	Number of buffers to queue:			  2
[2023.10.11-02.30.11:737][  0]LogAudioMixer: Display: 	Max Channels (voices):				  32
[2023.10.11-02.30.11:737][  0]LogAudioMixer: Display: 	Number of Async Source Workers:		  0
[2023.10.11-02.30.11:737][  0]LogAudio: Display: AudioDevice MaxSources: 32
[2023.10.11-02.30.11:739][  0]LogAudio: Display: Audio Spatialization Plugin: None (built-in).
[2023.10.11-02.30.11:739][  0]LogAudio: Display: Audio Reverb Plugin: None (built-in).
[2023.10.11-02.30.11:739][  0]LogAudio: Display: Audio Occlusion Plugin: None (built-in).
[2023.10.11-02.30.11:739][  0]LogAudioMixer: Display: Initializing audio mixer.
[2023.10.11-02.30.11:786][  0]LogAudioMixer: Display: 0: FrontLeft
[2023.10.11-02.30.11:786][  0]LogAudioMixer: Display: 1: FrontRight
[2023.10.11-02.30.11:815][  0]LogAudioMixer: Display: Using Audio Device Speakers (Mpow HC)
[2023.10.11-02.30.11:822][  0]LogAudioMixer: Display: Initializing Sound Submixes...
[2023.10.11-02.30.11:825][  0]LogAudioMixer: Display: Creating Master Submix 'MasterSubmixDefault'
[2023.10.11-02.30.11:826][  0]LogAudioMixer: Display: Creating Master Submix 'MasterReverbSubmixDefault'
[2023.10.11-02.30.11:827][  0]LogAudioMixer: Display: Creating Master Submix 'MasterEQSubmixDefault'
[2023.10.11-02.30.11:827][  0]LogAudioMixer: FMixerPlatformXAudio2::StartAudioStream() called
[2023.10.11-02.30.11:827][  0]LogAudioMixer: Display: Output buffers initialized: Frames=1024, Channels=2, Samples=2048
[2023.10.11-02.30.11:829][  0]LogAudioMixer: Display: Starting AudioMixerPlatformInterface::RunInternal()
[2023.10.11-02.30.11:829][  0]LogAudioMixer: Display: FMixerPlatformXAudio2::SubmitBuffer() called for the first time
[2023.10.11-02.30.11:829][  0]LogInit: FAudioDevice initialized.
[2023.10.11-02.30.11:831][  0]LogNetVersion: Set ProjectVersion to 1.0.0.0. Version Checksum will be recalculated on next use.
[2023.10.11-02.30.11:837][  0]LogInit: Texture streaming: Enabled
[2023.10.11-02.30.11:956][  0]LogAudio: Display: Audio Device (ID: 1) registered with world 'Untitled'.
[2023.10.11-02.30.11:957][  0]LogSlate: Updating window title bar state: overlay mode, drag disabled, window buttons hidden, title bar hidden
[2023.10.11-02.30.11:959][  0]LogInit: Display: Game Engine Initialized.
[2023.10.11-02.30.11:960][  0]LogNiagaraEditor: GEditor isn't valid! Particle reset commands will not work for Niagara components!
[2023.10.11-02.30.12:131][  0]LogInit: Display: Starting Game.
[2023.10.11-02.30.12:132][  0]LogNet: Browse: /Game/Levels/Dev/Dev?Name=Player
[2023.10.11-02.30.12:132][  0]LogLoad: LoadMap: /Game/Levels/Dev/Dev?Name=Player
[2023.10.11-02.30.12:132][  0]LogWorld: BeginTearingDown for /Temp/Untitled_0
[2023.10.11-02.30.12:134][  0]LogWorld: UWorld::CleanupWorld for Untitled, bSessionEnded=true, bCleanupResources=true
[2023.10.11-02.30.12:134][  0]LogSlate: InvalidateAllWidgets triggered.  All widgets were invalidated
[2023.10.11-02.30.12:140][  0]LogAudio: Display: Audio Device unregistered from world 'None'.
[2023.10.11-02.30.12:144][  0]LogUObjectHash: Compacting FUObjectHashTables data took   1.12ms
[2023.10.11-02.30.13:054][  0]LogAudio: Display: Audio Device (ID: 1) registered with world 'Dev'.
[2023.10.11-02.30.13:067][  0]LogAIModule: Creating AISystem for world Dev
[2023.10.11-02.30.13:799][  0]LogLoad: Game class is 'MainGamemode_C'
[2023.10.11-02.30.13:819][  0]LogWorld: Bringing World /Game/Levels/Dev/Dev.Dev up for play (max tick rate 0) at 2023.10.10-20.30.13
[2023.10.11-02.30.13:819][  0]LogWorld: Bringing up level for play took: 0.018767
[2023.10.11-02.30.13:836][  0]LogLoad: Took 1.703368 seconds to LoadMap(/Game/Levels/Dev/Dev)
[2023.10.11-02.30.13:932][  0]LogSlate: Took 0.000294 seconds to synchronously load lazily loaded font '../../../Engine/Content/Slate/Fonts/Roboto-Regular.ttf' (155K)
[2023.10.11-02.30.13:984][  0]LogRenderer: Reallocating scene render targets to support 1912x1008 Format 10 NumSamples 1 (Frame:1).
[2023.10.11-02.30.13:984][  0]LogStaticMesh: Allocated 512x229x64 distance field atlas = 14.3Mb, with 47 objects containing 8.0Mb backing data
[2023.10.11-02.30.13:984][  0]LogInit: Display: Engine is initialized. Leaving FEngineLoop::Init()
[2023.10.11-02.30.13:984][  0]LogLoad: (Engine Initialization) Total time: 10.85 seconds
[2023.10.11-02.30.13:984][  0]LogLoad: (Engine Initialization) Total Blueprint compile time: 0.00 seconds
[2023.10.11-02.30.14:019][  0]LogContentStreaming: Texture pool size now 1000 MB
[2023.10.11-02.30.14:024][  0]LogSlate: InvalidateAllWidgets triggered.  All widgets were invalidated
[2023.10.11-02.30.14:200][  0]LogRenderer: Reallocating scene render targets to support 128x128 Format 10 NumSamples 1 (Frame:1).
[2023.10.11-02.30.14:258][  0]LogRenderer: Reallocating scene render targets to support 1912x1008 Format 10 NumSamples 1 (Frame:2).
[2023.10.11-02.30.14:314][  1]LogSlate: Took 0.000228 seconds to synchronously load lazily loaded font '../../../Engine/Content/Slate/Fonts/Roboto-Regular.ttf' (155K)
[2023.10.11-02.31.16:120][434]LogRenderer: Reallocating scene render targets to support 1920x1020 Format 10 NumSamples 1 (Frame:3436).
[2023.10.11-02.32.27:078][629]LogWindowsDesktop: Alt-F4 pressed!
[2023.10.11-02.32.27:110][629]LogSlate: Window 'RPG (64-bit Development PCD3D_SM5) ' being destroyed
[2023.10.11-02.32.27:112][629]LogWindowsTextInputMethodSystem: Display: IME system deactivated.
[2023.10.11-02.32.27:133][629]LogSlate: Updating window title bar state: overlay mode, drag disabled, window buttons hidden, title bar hidden
[2023.10.11-02.32.27:133][629]LogEngine: All Windows Closed
[2023.10.11-02.32.27:133][629]LogWindows: FPlatformMisc::RequestExit(0)
[2023.10.11-02.32.27:133][629]LogWindows: FPlatformMisc::RequestExitWithStatus(0, 0)
[2023.10.11-02.32.27:133][629]LogCore: Engine exit requested (reason: Win RequestExit)
[2023.10.11-02.32.27:134][630]LogCore: Engine exit requested (reason: EngineExit() was called; note: exit was already requested)
[2023.10.11-02.32.27:134][630]LogInit: Display: PreExit Game.
[2023.10.11-02.32.27:135][630]LogWorld: BeginTearingDown for /Game/Levels/Dev/Dev
[2023.10.11-02.32.27:135][630]LogWorld: UWorld::CleanupWorld for Dev, bSessionEnded=true, bCleanupResources=true
[2023.10.11-02.32.27:139][630]LogSlate: InvalidateAllWidgets triggered.  All widgets were invalidated
[2023.10.11-02.32.27:635][630]LogAudio: Display: Beginning Audio Device Manager Shutdown (Module: AudioMixerXAudio2)...
[2023.10.11-02.32.27:635][630]LogAudio: Display: Destroying 1 Remaining Audio Device(s)...
[2023.10.11-02.32.27:635][630]LogAudio: Display: Audio Device unregistered from world 'Dev'.
[2023.10.11-02.32.27:679][630]LogAudioMixer: FMixerPlatformXAudio2::StopAudioStream() called
[2023.10.11-02.32.27:680][630]LogAudioMixer: FMixerPlatformXAudio2::StopAudioStream() called
[2023.10.11-02.32.27:684][630]LogAudio: Display: Audio Device Manager Shutdown
[2023.10.11-02.32.27:687][630]LogExit: Preparing to exit.
[2023.10.11-02.32.28:049][630]LogSlate: Updating window title bar state: overlay mode, drag disabled, window buttons hidden, title bar hidden
[2023.10.11-02.32.28:061][630]LogUObjectHash: Compacting FUObjectHashTables data took   1.64ms
[2023.10.11-02.32.28:096][630]LogMoviePlayer: Shutting down movie player
[2023.10.11-02.32.28:187][630]LogDemo: Cleaned up 0 splitscreen connections with owner deletion
[2023.10.11-02.32.28:193][630]LogExit: Game engine shut down
[2023.10.11-02.32.28:251][630]LogExit: Object subsystem successfully closed.
[2023.10.11-02.32.28:261][630]LogShaderCompilers: Display: === FShaderJobCache stats ===
[2023.10.11-02.32.28:261][630]LogShaderCompilers: Display: Total job queries 0, among them cache hits 0 (0.00%)
[2023.10.11-02.32.28:261][630]LogShaderCompilers: Display: Tracking 0 distinct input hashes that result in 0 distinct outputs (0.00%)
[2023.10.11-02.32.28:261][630]LogShaderCompilers: Display: RAM used: 0.00 MB (0.00 GB) of 819.20 MB (0.80 GB) budget. Usage: 0.00%
[2023.10.11-02.32.28:261][630]LogShaderCompilers: Display: ================================================
[2023.10.11-02.32.28:269][630]LogShaderCompilers: Display: Shaders left to compile 0
[2023.10.11-02.32.28:317][630]LogModuleManager: Shutting down and abandoning module SequenceRecorderSections (562)
[2023.10.11-02.32.28:317][630]LogModuleManager: Shutting down and abandoning module SequenceRecorder (560)
[2023.10.11-02.32.28:317][630]LogModuleManager: Shutting down and abandoning module AutomationController (558)
[2023.10.11-02.32.28:317][630]LogModuleManager: Shutting down and abandoning module AutomationWorker (556)
[2023.10.11-02.32.28:317][630]LogModuleManager: Shutting down and abandoning module Voice (554)
[2023.10.11-02.32.28:317][630]LogModuleManager: Shutting down and abandoning module AnimGraph (552)
[2023.10.11-02.32.28:317][630]LogModuleManager: Shutting down and abandoning module AIModule (550)
[2023.10.11-02.32.28:317][630]LogModuleManager: Shutting down and abandoning module GameplayDebugger (549)
[2023.10.11-02.32.28:317][630]LogModuleManager: Shutting down and abandoning module AITestSuite (547)
[2023.10.11-02.32.28:317][630]LogModuleManager: Shutting down and abandoning module NavigationSystem (545)
[2023.10.11-02.32.28:317][630]LogModuleManager: Shutting down and abandoning module SteamVREditor (542)
[2023.10.11-02.32.28:317][630]LogModuleManager: Shutting down and abandoning module ToolMenus (541)
[2023.10.11-02.32.28:317][630]LogModuleManager: Shutting down and abandoning module OculusMR (538)
[2023.10.11-02.32.28:317][630]LogModuleManager: Shutting down and abandoning module OpenXRInput (536)
[2023.10.11-02.32.28:317][630]LogModuleManager: Shutting down and abandoning module TakeRecorderSources (534)
[2023.10.11-02.32.28:317][630]LogModuleManager: Shutting down and abandoning module TakeRecorder (533)
[2023.10.11-02.32.28:318][630]LogModuleManager: Shutting down and abandoning module TakeTrackRecorders (530)
[2023.10.11-02.32.28:318][630]LogModuleManager: Shutting down and abandoning module TakesCore (528)
[2023.10.11-02.32.28:318][630]LogModuleManager: Shutting down and abandoning module WebMMediaFactory (526)
[2023.10.11-02.32.28:318][630]LogModuleManager: Shutting down and abandoning module WebMMedia (524)
[2023.10.11-02.32.28:318][630]LogModuleManager: Shutting down and abandoning module WmfMediaFactory (522)
[2023.10.11-02.32.28:318][630]LogModuleManager: Shutting down and abandoning module OpenExrWrapper (520)
[2023.10.11-02.32.28:318][630]LogModuleManager: Shutting down and abandoning module ImgMediaFactory (518)
[2023.10.11-02.32.28:318][630]LogModuleManager: Shutting down and abandoning module AvfMediaFactory (516)
[2023.10.11-02.32.28:318][630]LogModuleManager: Shutting down and abandoning module MagicLeapMediaCodecFactory (514)
[2023.10.11-02.32.28:318][630]LogModuleManager: Shutting down and abandoning module MagicLeapMediaFactory (512)
[2023.10.11-02.32.28:318][630]LogModuleManager: Shutting down and abandoning module PlanarCut (510)
[2023.10.11-02.32.28:318][630]LogModuleManager: Shutting down and abandoning module CharacterAI (508)
[2023.10.11-02.32.28:318][630]LogModuleManager: Shutting down and abandoning module SessionServices (506)
[2023.10.11-02.32.28:318][630]LogModuleManager: Shutting down and abandoning module MovieSceneCapture (504)
[2023.10.11-02.32.28:318][630]LogModuleManager: Shutting down and abandoning module LiveCoding (502)
[2023.10.11-02.32.28:318][630]LogModuleManager: Shutting down and abandoning module LevelSequence (500)
[2023.10.11-02.32.28:318][630]LogModuleManager: Shutting down and abandoning module MovieSceneTracks (498)
[2023.10.11-02.32.28:318][630]LogModuleManager: Shutting down and abandoning module MovieScene (496)
[2023.10.11-02.32.28:318][630]LogModuleManager: Shutting down and abandoning module StreamingPauseRendering (494)
[2023.10.11-02.32.28:318][630]LogModuleManager: Shutting down and abandoning module PortalServices (492)
[2023.10.11-02.32.28:319][630]LogModuleManager: Shutting down and abandoning module PortalRpc (490)
[2023.10.11-02.32.28:319][630]LogModuleManager: Shutting down and abandoning module MessagingRpc (488)
[2023.10.11-02.32.28:319][630]LogModuleManager: Shutting down and abandoning module AudioMixerXAudio2 (486)
[2023.10.11-02.32.28:319][630]LogModuleManager: Shutting down and abandoning module AudioMixerCore (485)
[2023.10.11-02.32.28:319][630]LogModuleManager: Shutting down and abandoning module ImageWriteQueue (482)
[2023.10.11-02.32.28:319][630]LogModuleManager: Shutting down and abandoning module ProfilerService (480)
[2023.10.11-02.32.28:499][630]LogModuleManager: Shutting down and abandoning module TaskGraph (478)
[2023.10.11-02.32.28:499][630]LogModuleManager: Shutting down and abandoning module OculusInput (476)
[2023.10.11-02.32.28:500][630]LogModuleManager: Shutting down and abandoning module Synthesis (474)
[2023.10.11-02.32.28:500][630]LogModuleManager: Shutting down and abandoning module ProceduralMeshComponent (472)
[2023.10.11-02.32.28:500][630]LogModuleManager: Shutting down and abandoning module MobilePatchingUtils (470)
[2023.10.11-02.32.28:500][630]LogModuleManager: Shutting down and abandoning module GooglePAD (468)
[2023.10.11-02.32.28:500][630]LogModuleManager: Shutting down and abandoning module EditableMesh (466)
[2023.10.11-02.32.28:500][630]LogModuleManager: Shutting down and abandoning module CustomMeshComponent (464)
[2023.10.11-02.32.28:500][630]LogModuleManager: Shutting down and abandoning module CableComponent (462)
[2023.10.11-02.32.28:500][630]LogModuleManager: Shutting down and abandoning module AudioCapture (460)
[2023.10.11-02.32.28:500][630]LogModuleManager: Shutting down and abandoning module AudioCaptureRtAudio (459)
[2023.10.11-02.32.28:500][630]LogModuleManager: Shutting down and abandoning module AssetTags (456)
[2023.10.11-02.32.28:500][630]LogModuleManager: Shutting down and abandoning module ArchVisCharacter (454)
[2023.10.11-02.32.28:500][630]LogModuleManager: Shutting down and abandoning module AppleImageUtilsBlueprintSupport (452)
[2023.10.11-02.32.28:500][630]LogModuleManager: Shutting down and abandoning module AppleImageUtils (450)
[2023.10.11-02.32.28:500][630]LogModuleManager: Shutting down and abandoning module AndroidPermission (448)
[2023.10.11-02.32.28:500][630]LogModuleManager: Shutting down and abandoning module ActorLayerUtilities (446)
[2023.10.11-02.32.28:500][630]LogModuleManager: Shutting down and abandoning module TakeMovieScene (444)
[2023.10.11-02.32.28:500][630]LogModuleManager: Shutting down and abandoning module TemplateSequence (442)
[2023.10.11-02.32.28:500][630]LogModuleManager: Shutting down and abandoning module MediaCompositing (440)
[2023.10.11-02.32.28:500][630]LogModuleManager: Shutting down and abandoning module ImgMedia (438)
[2023.10.11-02.32.28:500][630]LogModuleManager: Shutting down and abandoning module MagicLeapSharedWorld (436)
[2023.10.11-02.32.28:500][630]LogModuleManager: Shutting down and abandoning module MagicLeapLightEstimation (434)
[2023.10.11-02.32.28:500][630]LogModuleManager: Shutting down and abandoning module MagicLeapHelperVulkan (432)
[2023.10.11-02.32.28:500][630]LogModuleManager: Shutting down and abandoning module MagicLeapHelperOpenGL (430)
[2023.10.11-02.32.28:500][630]LogModuleManager: Shutting down and abandoning module MagicLeapAudio (428)
[2023.10.11-02.32.28:500][630]LogModuleManager: Shutting down and abandoning module OpenImageDenoise (426)
[2023.10.11-02.32.28:500][630]LogOpenImageDenoise: OIDN shutting down
[2023.10.11-02.32.28:500][630]LogModuleManager: Shutting down and abandoning module MotoSynth (424)
[2023.10.11-02.32.28:500][630]LogModuleManager: Shutting down and abandoning module MeshConversion (422)
[2023.10.11-02.32.28:500][630]LogModuleManager: Shutting down and abandoning module DynamicMesh (420)
[2023.10.11-02.32.28:500][630]LogModuleManager: Shutting down and abandoning module GeometryAlgorithms (418)
[2023.10.11-02.32.28:500][630]LogModuleManager: Shutting down and abandoning module GeometricObjects (416)
[2023.10.11-02.32.28:500][630]LogModuleManager: Shutting down and abandoning module GeometryCollectionTracks (414)
[2023.10.11-02.32.28:500][630]LogModuleManager: Shutting down and abandoning module GeometryCollectionSequencer (413)
[2023.10.11-02.32.28:500][630]LogModuleManager: Shutting down and abandoning module GeometryCacheTracks (410)
[2023.10.11-02.32.28:500][630]LogModuleManager: Shutting down and abandoning module GeometryCacheSequencer (409)
[2023.10.11-02.32.28:500][630]LogModuleManager: Shutting down and abandoning module GeometryCache (406)
[2023.10.11-02.32.28:500][630]LogModuleManager: Shutting down and abandoning module GeometryCacheEd (405)
[2023.10.11-02.32.28:500][630]LogModuleManager: Shutting down and abandoning module ChaosNiagara (402)
[2023.10.11-02.32.28:500][630]LogModuleManager: Shutting down and abandoning module FieldSystemEngine (401)
[2023.10.11-02.32.28:500][630]LogModuleManager: Shutting down and abandoning module BackChannel (398)
[2023.10.11-02.32.28:500][630]LogModuleManager: Shutting down and abandoning module AutomationUtils (396)
[2023.10.11-02.32.28:500][630]LogModuleManager: Shutting down and abandoning module VisualStudioCodeSourceCodeAccess (394)
[2023.10.11-02.32.28:500][630]LogModuleManager: Shutting down and abandoning module VisualStudioSourceCodeAccess (392)
[2023.10.11-02.32.28:500][630]LogModuleManager: Shutting down and abandoning module HotReload (391)
[2023.10.11-02.32.28:501][630]LogModuleManager: Shutting down and abandoning module UObjectPlugin (388)
[2023.10.11-02.32.28:501][630]LogModuleManager: Shutting down and abandoning module SubversionSourceControl (386)
[2023.10.11-02.32.28:501][630]LogModuleManager: Shutting down and abandoning module PerforceSourceControl (384)
[2023.10.11-02.32.28:501][630]LogModuleManager: Shutting down and abandoning module SourceControl (383)
[2023.10.11-02.32.28:501][630]LogModuleManager: Shutting down and abandoning module CLionSourceCodeAccess (380)
[2023.10.11-02.32.28:501][630]LogModuleManager: Shutting down and abandoning module OodleNetworkHandlerComponent (378)
[2023.10.11-02.32.28:501][630]LogModuleManager: Shutting down and abandoning module LiveLinkSequencer (376)
[2023.10.11-02.32.28:501][630]LogModuleManager: Shutting down and abandoning module LiveLinkMovieScene (374)
[2023.10.11-02.32.28:501][630]LogModuleManager: Shutting down and abandoning module LiveLinkGraphNode (372)
[2023.10.11-02.32.28:501][630]LogModuleManager: Shutting down and abandoning module LiveLinkComponents (370)
[2023.10.11-02.32.28:501][630]LogModuleManager: Shutting down and abandoning module LiveLink (368)
[2023.10.11-02.32.29:117][630]LogModuleManager: Shutting down and abandoning module SoundFields (366)
[2023.10.11-02.32.29:117][630]LogModuleManager: Shutting down and abandoning module SignificanceManager (364)
[2023.10.11-02.32.29:117][630]LogModuleManager: Shutting down and abandoning module RuntimePhysXCooking (362)
[2023.10.11-02.32.29:117][630]LogModuleManager: Shutting down and abandoning module PropertyAccessEditor (360)
[2023.10.11-02.32.29:117][630]LogModuleManager: Shutting down and abandoning module PhysXVehiclesEditor (358)
[2023.10.11-02.32.29:117][630]LogModuleManager: Shutting down and abandoning module ActorSequence (354)
[2023.10.11-02.32.29:117][630]LogModuleManager: Shutting down and abandoning module LocationServicesBPLibrary (352)
[2023.10.11-02.32.29:117][630]LogModuleManager: Shutting down and abandoning module AudioSynesthesia (350)
[2023.10.11-02.32.29:117][630]LogModuleManager: Shutting down and abandoning module AudioSynesthesiaCore (348)
[2023.10.11-02.32.29:117][630]LogModuleManager: Shutting down and abandoning module UdpMessaging (346)
[2023.10.11-02.32.29:218][630]LogModuleManager: Shutting down and abandoning module TcpMessaging (344)
[2023.10.11-02.32.29:319][630]LogModuleManager: Shutting down and abandoning module ImgMediaEngine (342)
[2023.10.11-02.32.29:319][630]LogModuleManager: Shutting down and abandoning module QuestEditor (340)
[2023.10.11-02.32.29:319][630]LogModuleManager: Shutting down and abandoning module MagicLeapARPin (338)
[2023.10.11-02.32.29:319][630]LogModuleManager: Shutting down and abandoning module MagicLeapHandMeshing (336)
[2023.10.11-02.32.29:319][630]LogModuleManager: Shutting down and abandoning module MagicLeapSecureStorage (334)
[2023.10.11-02.32.29:319][630]LogModuleManager: Shutting down and abandoning module MagicLeapPrivileges (332)
[2023.10.11-02.32.29:319][630]LogModuleManager: Shutting down and abandoning module MagicLeapPlanes (330)
[2023.10.11-02.32.29:319][630]LogMagicLeapPlanes: Planes tracker already destroyed.
[2023.10.11-02.32.29:319][630]LogModuleManager: Shutting down and abandoning module MagicLeapImageTracker (328)
[2023.10.11-02.32.29:319][630]LogModuleManager: Shutting down and abandoning module MagicLeapIdentity (326)
[2023.10.11-02.32.29:319][630]LogModuleManager: Shutting down and abandoning module MagicLeapHandTracking (324)
[2023.10.11-02.32.29:319][630]LogModuleManager: Shutting down and abandoning module MagicLeapEyeTracker (322)
[2023.10.11-02.32.29:319][630]LogModuleManager: Shutting down and abandoning module MagicLeapController (320)
[2023.10.11-02.32.29:319][630]LogModuleManager: Shutting down and abandoning module MagicLeapARPinImpl (318)
[2023.10.11-02.32.29:319][630]LogModuleManager: Shutting down and abandoning module MagicLeapAR (316)
[2023.10.11-02.32.29:319][630]LogModuleManager: Shutting down and abandoning module NiagaraAnimNotifies (314)
[2023.10.11-02.32.29:319][630]LogModuleManager: Shutting down and abandoning module Niagara (312)
[2023.10.11-02.32.29:319][630]LogModuleManager: Shutting down and abandoning module SignalProcessing (311)
[2023.10.11-02.32.29:319][630]LogModuleManager: Shutting down and abandoning module NiagaraEditor (309)
[2023.10.11-02.32.29:319][630]LogModuleManager: Shutting down and abandoning module ContentBrowser (308)
[2023.10.11-02.32.29:319][630]LogModuleManager: Shutting down and abandoning module CollectionManager (307)
[2023.10.11-02.32.29:320][630]LogModuleManager: Shutting down and abandoning module DirectoryWatcher (306)
[2023.10.11-02.32.29:320][630]LogModuleManager: Shutting down and abandoning module ContentBrowserData (303)
[2023.10.11-02.32.29:320][630]LogModuleManager: Shutting down and abandoning module NiagaraCore (298)
[2023.10.11-02.32.29:320][630]LogModuleManager: Shutting down and abandoning module PythonScriptPlugin (296)
[2023.10.11-02.32.29:320][630]LogModuleManager: Shutting down and abandoning module PropertyAccessNode (294)
[2023.10.11-02.32.29:320][630]LogModuleManager: Shutting down and abandoning module GameplayTagsEditor (292)
[2023.10.11-02.32.29:320][630]LogModuleManager: Shutting down and abandoning module FacialAnimation (290)
[2023.10.11-02.32.29:320][630]LogModuleManager: Shutting down and abandoning module AnimationSharing (288)
[2023.10.11-02.32.29:320][630]LogModuleManager: Shutting down and abandoning module AssetManagerEditor (286)
[2023.10.11-02.32.29:320][630]LogModuleManager: Shutting down and abandoning module TreeMap (285)
[2023.10.11-02.32.29:320][630]LogModuleManager: Shutting down and abandoning module GameplayCameras (282)
[2023.10.11-02.32.29:320][630]LogModuleManager: Shutting down and abandoning module LightPropagationVolumeRuntime (280)
[2023.10.11-02.32.29:320][630]LogModuleManager: Shutting down and abandoning module EnvironmentQueryEditor (278)
[2023.10.11-02.32.29:320][630]LogModuleManager: Shutting down and abandoning module Paper2D (276)
[2023.10.11-02.32.29:320][630]LogModuleManager: Shutting down and abandoning module WindowsMoviePlayer (274)
[2023.10.11-02.32.29:321][630]LogModuleManager: Shutting down and abandoning module WebMMoviePlayer (272)
[2023.10.11-02.32.29:321][630]LogModuleManager: Shutting down and abandoning module NetworkReplayStreaming (270)
[2023.10.11-02.32.29:321][630]LogModuleManager: Shutting down and abandoning module PacketHandler (268)
[2023.10.11-02.32.29:321][630]LogModuleManager: Shutting down and abandoning module ClothingSystemEditor (266)
[2023.10.11-02.32.29:321][630]LogModuleManager: Shutting down and abandoning module ClothingSystemRuntimeNv (264)
[2023.10.11-02.32.29:321][630]LogModuleManager: Shutting down and abandoning module MediaAssets (262)
[2023.10.11-02.32.29:321][630]LogModuleManager: Shutting down and abandoning module Overlay (260)
[2023.10.11-02.32.29:321][630]LogModuleManager: Shutting down and abandoning module OverlayEditor (259)
[2023.10.11-02.32.29:321][630]LogModuleManager: Shutting down and abandoning module VREditor (256)
[2023.10.11-02.32.29:321][630]LogModuleManager: Shutting down and abandoning module StringTableEditor (254)
[2023.10.11-02.32.29:321][630]LogModuleManager: Shutting down and abandoning module GameplayTasksEditor (252)
[2023.10.11-02.32.29:321][630]LogModuleManager: Shutting down and abandoning module BehaviorTreeEditor (250)
[2023.10.11-02.32.29:321][630]LogModuleManager: Shutting down and abandoning module FunctionalTesting (248)
[2023.10.11-02.32.29:321][630]LogModuleManager: Shutting down and abandoning module CollisionAnalyzer (246)
[2023.10.11-02.32.29:321][630]LogModuleManager: Shutting down and abandoning module WorkspaceMenuStructure (245)
[2023.10.11-02.32.29:322][630]LogModuleManager: Shutting down and abandoning module UMG (242)
[2023.10.11-02.32.29:322][630]LogModuleManager: Shutting down and abandoning module UMGEditor (241)
[2023.10.11-02.32.29:322][630]LogModuleManager: Shutting down and abandoning module Sequencer (240)
[2023.10.11-02.32.29:322][630]LogModuleManager: Shutting down and abandoning module MessageLog (237)
[2023.10.11-02.32.29:323][630]LogModuleManager: Shutting down and abandoning module SlateReflector (232)
[2023.10.11-02.32.29:323][630]LogModuleManager: Shutting down and abandoning module Slate (230)
[2023.10.11-02.32.29:323][630]LogModuleManager: Shutting down and abandoning module SlateCore (228)
[2023.10.11-02.32.29:325][630]LogModuleManager: Shutting down and abandoning module LandscapeEditorUtilities (226)
[2023.10.11-02.32.29:325][630]LogModuleManager: Shutting down and abandoning module UnrealEd (224)
[2023.10.11-02.32.29:325][630]LogModuleManager: Shutting down and abandoning module MRMesh (222)
[2023.10.11-02.32.29:325][630]LogModuleManager: Shutting down and abandoning module Messaging (220)
[2023.10.11-02.32.29:325][630]LogModuleManager: Shutting down and abandoning module SourceCodeAccess (218)
[2023.10.11-02.32.29:325][630]LogModuleManager: Shutting down and abandoning module HeadMountedDisplay (216)
[2023.10.11-02.32.29:325][630]LogModuleManager: Shutting down and abandoning module XAudio2 (214)
[2023.10.11-02.32.29:325][630]LogModuleManager: Shutting down and abandoning module Networking (212)
[2023.10.11-02.32.29:325][630]LogModuleManager: Shutting down and abandoning module Core (210)
[2023.10.11-02.32.29:325][630]LogModuleManager: Shutting down and abandoning module MaterialEditor (208)
[2023.10.11-02.32.29:325][630]LogModuleManager: Shutting down and abandoning module MovieSceneTools (206)
[2023.10.11-02.32.29:325][630]LogModuleManager: Shutting down and abandoning module EditorStyle (205)
[2023.10.11-02.32.29:326][630]LogModuleManager: Shutting down and abandoning module KismetCompiler (202)
[2023.10.11-02.32.29:326][630]LogModuleManager: Shutting down and abandoning module MeshBuilder (200)
[2023.10.11-02.32.29:326][630]LogModuleManager: Shutting down and abandoning module MeshUtilities (198)
[2023.10.11-02.32.29:326][630]LogModuleManager: Shutting down and abandoning module MeshMergeUtilities (197)
[2023.10.11-02.32.29:326][630]LogModuleManager: Shutting down and abandoning module MeshReductionInterface (196)
[2023.10.11-02.32.29:326][630]LogModuleManager: Shutting down and abandoning module MeshBoneReduction (195)
[2023.10.11-02.32.29:326][630]LogModuleManager: Shutting down and abandoning module SkeletalMeshReduction (193)
[2023.10.11-02.32.29:326][630]LogModuleManager: Shutting down and abandoning module ProxyLODMeshReduction (191)
[2023.10.11-02.32.29:326][630]LogModuleManager: Shutting down and abandoning module QuadricMeshReduction (189)
[2023.10.11-02.32.29:326][630]LogModuleManager: Shutting down and abandoning module MaterialBaking (185)
[2023.10.11-02.32.29:326][630]LogModuleManager: Shutting down and abandoning module NullInstallBundleManager (180)
[2023.10.11-02.32.29:326][630]LogModuleManager: Shutting down and abandoning module PIEPreviewDeviceProfileSelector (178)
[2023.10.11-02.32.29:326][630]LogModuleManager: Shutting down and abandoning module DerivedDataCache (176)
[2023.10.11-02.32.29:326][630]LogModuleManager: Shutting down and abandoning module TargetPlatform (174)
[2023.10.11-02.32.29:326][630]LogModuleManager: Shutting down and abandoning module VulkanShaderFormat (173)
[2023.10.11-02.32.29:326][630]LogModuleManager: Shutting down and abandoning module ShaderFormatVectorVM (171)
[2023.10.11-02.32.29:327][630]LogModuleManager: Shutting down and abandoning module ShaderFormatOpenGL (169)
[2023.10.11-02.32.29:327][630]LogModuleManager: Shutting down and abandoning module ShaderFormatD3D (167)
[2023.10.11-02.32.29:327][630]LogModuleManager: Shutting down and abandoning module MetalShaderFormat (165)
[2023.10.11-02.32.29:327][630]LogModuleManager: Shutting down and abandoning module TextureFormatOodle (163)
[2023.10.11-02.32.29:327][630]LogModuleManager: Shutting down and abandoning module TextureFormatUncompressed (161)
[2023.10.11-02.32.29:327][630]LogModuleManager: Shutting down and abandoning module TextureFormatPVR (159)
[2023.10.11-02.32.29:327][630]LogModuleManager: Shutting down and abandoning module TextureFormatETC2 (157)
[2023.10.11-02.32.29:327][630]LogModuleManager: Shutting down and abandoning module TextureFormatDXT (155)
[2023.10.11-02.32.29:327][630]LogModuleManager: Shutting down and abandoning module TextureFormatIntelISPCTexComp (153)
[2023.10.11-02.32.29:327][630]LogModuleManager: Shutting down and abandoning module TextureFormatASTC (151)
[2023.10.11-02.32.29:327][630]LogModuleManager: Shutting down and abandoning module ImageWrapper (150)
[2023.10.11-02.32.29:327][630]LogModuleManager: Shutting down and abandoning module AudioFormatOpus (147)
[2023.10.11-02.32.29:327][630]LogModuleManager: Shutting down and abandoning module AudioFormatOgg (145)
[2023.10.11-02.32.29:327][630]LogModuleManager: Shutting down and abandoning module AudioFormatADPCM (143)
[2023.10.11-02.32.29:327][630]LogModuleManager: Shutting down and abandoning module WindowsServerTargetPlatform (141)
[2023.10.11-02.32.29:327][630]LogModuleManager: Shutting down and abandoning module WindowsClientTargetPlatform (139)
[2023.10.11-02.32.29:327][630]LogModuleManager: Shutting down and abandoning module WindowsTargetPlatform (137)
[2023.10.11-02.32.29:327][630]LogModuleManager: Shutting down and abandoning module WindowsNoEditorTargetPlatform (135)
[2023.10.11-02.32.29:327][630]LogModuleManager: Shutting down and abandoning module D3D11RHI (132)
[2023.10.11-02.32.29:327][630]LogModuleManager: Shutting down and abandoning module InputCore (130)
[2023.10.11-02.32.29:327][630]LogModuleManager: Shutting down and abandoning module Settings (128)
[2023.10.11-02.32.29:327][630]LogModuleManager: Shutting down and abandoning module PhysXCooking (126)
[2023.10.11-02.32.29:327][630]LogModuleManager: Shutting down and abandoning module Chaos (124)
[2023.10.11-02.32.29:327][630]LogModuleManager: Shutting down and abandoning module WindowsPlatformFeatures (122)
[2023.10.11-02.32.29:327][630]LogModuleManager: Shutting down and abandoning module GameplayMediaEncoder (121)
[2023.10.11-02.32.29:327][630]LogModuleManager: Shutting down and abandoning module AVEncoder (120)
[2023.10.11-02.32.29:327][630]LogModuleManager: Shutting down and abandoning module SteamVRInputDevice (116)
[2023.10.11-02.32.29:327][630]LogModuleManager: Shutting down and abandoning module SteamVRInput (114)
[2023.10.11-02.32.29:327][630]LogModuleManager: Shutting down and abandoning module SteamVR (112)
[2023.10.11-02.32.29:327][630]LogHMD: Freeing OpenVRDLLHandle.
[2023.10.11-02.32.29:327][630]LogModuleManager: Shutting down and abandoning module OculusHMD (110)
[2023.10.11-02.32.29:327][630]LogModuleManager: Shutting down and abandoning module OpenXRHandTracking (108)
[2023.10.11-02.32.29:327][630]LogSlate: Slate User Destroyed.  User Index 0, Is Virtual User: 0
[2023.10.11-02.32.29:327][630]LogModuleManager: Shutting down and abandoning module OpenXRAR (106)
[2023.10.11-02.32.29:327][630]LogModuleManager: Shutting down and abandoning module AugmentedReality (105)
[2023.10.11-02.32.29:327][630]LogModuleManager: Shutting down and abandoning module OpenXRHMD (102)
[2023.10.11-02.32.29:327][630]LogModuleManager: Shutting down and abandoning module OpenXREyeTracker (100)
[2023.10.11-02.32.29:327][630]LogModuleManager: Shutting down and abandoning module ExampleDeviceProfileSelector (98)
[2023.10.11-02.32.29:327][630]LogModuleManager: Shutting down and abandoning module ChunkDownloader (96)
[2023.10.11-02.32.29:327][630]LogModuleManager: Shutting down and abandoning module LauncherChunkInstaller (94)
[2023.10.11-02.32.29:328][630]LogModuleManager: Shutting down and abandoning module OnlineBlueprintSupport (92)
[2023.10.11-02.32.29:328][630]LogModuleManager: Shutting down and abandoning module OnlineSubsystem (88)
[2023.10.11-02.32.29:328][630]LogModuleManager: Shutting down and abandoning module XMPP (83)
[2023.10.11-02.32.29:328][630]LogModuleManager: Shutting down and abandoning module WebSockets (82)
[2023.10.11-02.32.29:338][630]LogModuleManager: Shutting down and abandoning module HTTP (79)
[2023.10.11-02.32.29:338][630]LogHttp: Display: cleaning up 0 outstanding Http requests.
[2023.10.11-02.32.29:339][630]LogModuleManager: Shutting down and abandoning module SSL (78)
[2023.10.11-02.32.29:341][630]LogModuleManager: Shutting down and abandoning module WmfMedia (74)
[2023.10.11-02.32.29:343][630]LogModuleManager: Shutting down and abandoning module Media (73)
[2023.10.11-02.32.29:343][630]LogModuleManager: Shutting down and abandoning module MediaInfo (72)
[2023.10.11-02.32.29:343][630]LogModuleManager: Shutting down and abandoning module ExrReaderGpu (68)
[2023.10.11-02.32.29:343][630]LogModuleManager: Shutting down and abandoning module MLSDK (66)
[2023.10.11-02.32.29:343][630]LogModuleManager: Shutting down and abandoning module MagicLeap (64)
[2023.10.11-02.32.29:343][630]LogModuleManager: Shutting down and abandoning module NiagaraVertexFactories (62)
[2023.10.11-02.32.29:343][630]LogModuleManager: Shutting down and abandoning module NiagaraShader (60)
[2023.10.11-02.32.29:343][630]LogModuleManager: Shutting down and abandoning module ChaosCloth (58)
[2023.10.11-02.32.29:343][630]LogModuleManager: Shutting down and abandoning module VariantManagerContent (56)
[2023.10.11-02.32.29:343][630]LogModuleManager: Shutting down and abandoning module DatasmithContent (54)
[2023.10.11-02.32.29:344][630]LogModuleManager: Shutting down and abandoning module PixWinPlugin (52)
[2023.10.11-02.32.29:344][630]LogModuleManager: Shutting down and abandoning module AISupportModule (50)
[2023.10.11-02.32.29:344][630]LogModuleManager: Shutting down and abandoning module DesktopPlatform (48)
[2023.10.11-02.32.29:344][630]LogModuleManager: Shutting down and abandoning module PythonScriptPluginPreload (46)
[2023.10.11-02.32.29:344][630]LogModuleManager: Shutting down and abandoning module PlatformCryptoOpenSSL (44)
[2023.10.11-02.32.29:344][630]LogModuleManager: Shutting down and abandoning module PlatformCryptoTypes (42)
[2023.10.11-02.32.29:344][630]LogModuleManager: Shutting down and abandoning module PlatformCrypto (40)
[2023.10.11-02.32.29:344][630]LogModuleManager: Shutting down and abandoning module OodleDataCompressionFormat (38)
[2023.10.11-02.32.29:344][630]LogModuleManager: Shutting down and abandoning module XGEController (36)
[2023.10.11-02.32.29:344][630]LogModuleManager: Shutting down and abandoning module AnimationModifiers (34)
[2023.10.11-02.32.29:344][630]LogModuleManager: Shutting down and abandoning module AudioEditor (32)
[2023.10.11-02.32.29:344][630]LogModuleManager: Shutting down and abandoning module PropertyEditor (31)
[2023.10.11-02.32.29:344][630]LogModuleManager: Shutting down and abandoning module TextureCompressor (28)
[2023.10.11-02.32.29:344][630]LogModuleManager: Shutting down and abandoning module RenderCore (26)
[2023.10.11-02.32.29:345][630]LogModuleManager: Shutting down and abandoning module Landscape (24)
[2023.10.11-02.32.29:345][630]LogModuleManager: Shutting down and abandoning module SlateRHIRenderer (22)
[2023.10.11-02.32.29:345][630]LogModuleManager: Shutting down and abandoning module AnimGraphRuntime (20)
[2023.10.11-02.32.29:345][630]LogModuleManager: Shutting down and abandoning module Renderer (18)
[2023.10.11-02.32.29:345][630]LogModuleManager: Shutting down and abandoning module Engine (16)
[2023.10.11-02.32.29:345][630]LogModuleManager: Shutting down and abandoning module CoreUObject (14)
[2023.10.11-02.32.29:345][630]LogModuleManager: Shutting down and abandoning module NetworkFile (12)
[2023.10.11-02.32.29:345][630]LogModuleManager: Shutting down and abandoning module CookedIterativeFile (10)
[2023.10.11-02.32.29:345][630]LogModuleManager: Shutting down and abandoning module StreamingFile (8)
[2023.10.11-02.32.29:345][630]LogModuleManager: Shutting down and abandoning module SandboxFile (6)
[2023.10.11-02.32.29:345][630]LogModuleManager: Shutting down and abandoning module PakFile (4)
[2023.10.11-02.32.29:345][630]LogModuleManager: Shutting down and abandoning module RSA (3)
[2023.10.11-02.32.29:345][630]LogContentStreaming: Display: There are 1 unreleased StreamingManagers
[2023.10.11-02.32.29:354][630]LogD3D11RHI: Shutdown
[2023.10.11-02.32.29:354][630]LogD3D11RHI: CleanupD3DDevice
[2023.10.11-02.32.29:357][630]LogExit: Exiting.
[2023.10.11-02.32.29:361][630]Log file closed, 10/10/23 20:32:29
