Log file open, 10/08/23 10:46:55
LogWindows: Failed to load 'aqProf.dll' (GetLastError=126)
LogWindows: File 'aqProf.dll' does not exist
LogWindows: Failed to load 'VtuneApi.dll' (GetLastError=126)
LogWindows: File 'VtuneApi.dll' does not exist
LogWindows: Failed to load 'VtuneApi32e.dll' (GetLastError=126)
LogWindows: File 'VtuneApi32e.dll' does not exist
LogConsoleResponse: Display: Failed to find resolution value strings in scalability ini. Falling back to default.
LogConsoleResponse: Display: Failed to find resolution value strings in scalability ini. Falling back to default.
LogInit: Display: Running engine for game: RPG
LogPlatformFile: Not using cached read wrapper
LogTaskGraph: Started task graph with 5 named threads and 14 total threads with 3 sets of task threads.
LogStats: Stats thread started at 0.556516
LogICUInternationalization: ICU TimeZone Detection - Raw Offset: -7:00, Platform Override: ''
LogInit: Display: Loading text-based GConfig....
LogPluginManager: Mounting plugin MeshPainting
LogPluginManager: Mounting plugin XGEController
LogPluginManager: Mounting plugin Paper2D
LogPluginManager: Mounting plugin LiveLink
LogPluginManager: Mounting plugin AISupport
LogPluginManager: Mounting plugin EnvironmentQueryEditor
LogPluginManager: Mounting plugin CameraShakePreviewer
LogPluginManager: Mounting plugin GameplayCameras
LogPluginManager: Mounting plugin OodleData
LogPluginManager: Mounting plugin OodleNetwork
LogPluginManager: Mounting plugin AnimationSharing
LogPluginManager: Mounting plugin CLionSourceCodeAccess
LogPluginManager: Mounting plugin CodeLiteSourceCodeAccess
LogPluginManager: Mounting plugin GitSourceControl
LogPluginManager: Mounting plugin KDevelopSourceCodeAccess
LogPluginManager: Mounting plugin NullSourceCodeAccess
LogPluginManager: Mounting plugin PerforceSourceControl
LogPluginManager: Mounting plugin PixWinPlugin
LogPluginManager: Mounting plugin PlasticSourceControl
LogPluginManager: Mounting plugin PluginUtils
LogPluginManager: Mounting plugin PropertyAccessNode
LogPluginManager: Mounting plugin RiderSourceCodeAccess
LogPluginManager: Mounting plugin SubversionSourceControl
LogPluginManager: Mounting plugin TextureFormatOodle
LogPluginManager: Mounting plugin UObjectPlugin
LogPluginManager: Mounting plugin XCodeSourceCodeAccess
LogPluginManager: Mounting plugin VisualStudioSourceCodeAccess
LogPluginManager: Mounting plugin AssetManagerEditor
LogPluginManager: Mounting plugin VisualStudioCodeSourceCodeAccess
LogPluginManager: Mounting plugin CryptoKeys
LogPluginManager: Mounting plugin CurveEditorTools
LogPluginManager: Mounting plugin DataValidation
LogPluginManager: Mounting plugin FacialAnimation
LogPluginManager: Mounting plugin GameplayTagsEditor
LogPluginManager: Mounting plugin GeometryMode
LogPluginManager: Mounting plugin MacGraphicsSwitching
LogPluginManager: Mounting plugin MaterialAnalyzer
LogPluginManager: Mounting plugin MobileLauncherProfileWizard
LogPluginManager: Mounting plugin PluginBrowser
LogPluginManager: Mounting plugin SpeedTreeImporter
LogPluginManager: Mounting plugin DatasmithContent
LogPluginManager: Mounting plugin VariantManagerContent
LogPluginManager: Mounting plugin Niagara
LogPluginManager: Mounting plugin AlembicImporter
LogPluginManager: Mounting plugin AutomationUtils
LogPluginManager: Mounting plugin BackChannel
LogPluginManager: Mounting plugin ChaosCloth
LogPluginManager: Mounting plugin ChaosClothEditor
LogPluginManager: Mounting plugin ChaosEditor
LogPluginManager: Mounting plugin ChaosNiagara
LogPluginManager: Mounting plugin ChaosSolverPlugin
LogPluginManager: Mounting plugin CharacterAI
LogPluginManager: Mounting plugin GeometryCollectionPlugin
LogPluginManager: Mounting plugin GeometryProcessing
LogPluginManager: Mounting plugin MotoSynth
LogPluginManager: Mounting plugin OpenImageDenoise
LogPluginManager: Mounting plugin PlanarCut
LogPluginManager: Mounting plugin PlatformCrypto
LogPluginManager: Mounting plugin ProxyLODPlugin
LogPluginManager: Mounting plugin PythonScriptPlugin
LogPluginManager: Mounting plugin GeometryCache
LogPluginManager: Mounting plugin SkeletalReduction
LogPluginManager: Mounting plugin LuminPlatformFeatures
LogPluginManager: Mounting plugin MagicLeap
LogPluginManager: Mounting plugin MagicLeapLightEstimation
LogPluginManager: Mounting plugin MagicLeapMedia
LogPluginManager: Mounting plugin MagicLeapPassableWorld
LogPluginManager: Mounting plugin MLSDK
LogPluginManager: Mounting plugin AutoSizeComments
LogPluginManager: Mounting plugin QuestEditor
LogPluginManager: Mounting plugin AndroidMedia
LogPluginManager: Mounting plugin AvfMedia
LogPluginManager: Mounting plugin MediaCompositing
LogPluginManager: Mounting plugin MediaPlayerEditor
LogPluginManager: Mounting plugin WebMMedia
LogPluginManager: Mounting plugin WmfMedia
LogPluginManager: Mounting plugin ImgMedia
LogPluginManager: Mounting plugin TcpMessaging
LogPluginManager: Mounting plugin ActorSequence
LogPluginManager: Mounting plugin UdpMessaging
LogPluginManager: Mounting plugin LevelSequenceEditor
LogPluginManager: Mounting plugin MatineeToLevelSequence
LogPluginManager: Mounting plugin TemplateSequence
LogPluginManager: Mounting plugin OnlineSubsystem
LogPluginManager: Mounting plugin OnlineSubsystemNull
LogPluginManager: Mounting plugin LauncherChunkInstaller
LogPluginManager: Mounting plugin OnlineSubsystemUtils
LogPluginManager: Mounting plugin ActorLayerUtilities
LogPluginManager: Mounting plugin AndroidDeviceProfileSelector
LogPluginManager: Mounting plugin AndroidMoviePlayer
LogPluginManager: Mounting plugin AndroidPermission
LogPluginManager: Mounting plugin AppleImageUtils
LogPluginManager: Mounting plugin AppleMoviePlayer
LogPluginManager: Mounting plugin ArchVisCharacter
LogPluginManager: Mounting plugin AssetTags
LogPluginManager: Mounting plugin AudioCapture
LogPluginManager: Mounting plugin AudioSynesthesia
LogPluginManager: Mounting plugin CableComponent
LogPluginManager: Mounting plugin CustomMeshComponent
LogPluginManager: Mounting plugin ChunkDownloader
LogPluginManager: Mounting plugin EditableMesh
LogPluginManager: Mounting plugin ExampleDeviceProfileSelector
LogPluginManager: Mounting plugin GoogleCloudMessaging
LogPluginManager: Mounting plugin GooglePAD
LogPluginManager: Mounting plugin IOSDeviceProfileSelector
LogPluginManager: Mounting plugin LinuxDeviceProfileSelector
LogPluginManager: Mounting plugin LocationServicesBPLibrary
LogPluginManager: Mounting plugin MobilePatchingUtils
LogPluginManager: Mounting plugin OpenXREyeTracker
LogPluginManager: Mounting plugin OpenXRHandTracking
LogPluginManager: Mounting plugin OpenXR
LogPluginManager: Mounting plugin PhysXVehicles
LogPluginManager: Mounting plugin PostSplashScreen
LogPluginManager: Mounting plugin ProceduralMeshComponent
LogPluginManager: Mounting plugin PropertyAccessEditor
LogPluginManager: Mounting plugin RuntimePhysXCooking
LogPluginManager: Mounting plugin SignificanceManager
LogPluginManager: Mounting plugin SoundFields
LogPluginManager: Mounting plugin Synthesis
LogPluginManager: Mounting plugin WebMMoviePlayer
LogPluginManager: Mounting plugin WindowsMoviePlayer
LogPluginManager: Mounting plugin ScreenshotTools
LogPluginManager: Mounting plugin LightPropagationVolume
LogPluginManager: Mounting plugin Takes
LogPluginManager: Mounting plugin ContentBrowserAssetDataSource
LogPluginManager: Mounting plugin ContentBrowserClassDataSource
LogPluginManager: Mounting plugin ContentBrowserFileDataSource
LogPluginManager: Mounting plugin OnlineSubsystemGooglePlay
LogPluginManager: Mounting plugin OnlineSubsystemIOS
LogPluginManager: Mounting plugin OculusVR
LogPluginManager: Mounting plugin SteamVR
PixWinPlugin: PIX capture plugin failed to initialize! Check that the process is launched from PIX.
LogInit: Using libcurl 7.55.1-DEV
LogInit:  - built for x86_64-pc-win32
LogInit:  - supports SSL with OpenSSL/1.1.1
LogInit:  - supports HTTP deflate (compression) using libz 1.2.8
LogInit:  - other features:
LogInit:      CURL_VERSION_SSL
LogInit:      CURL_VERSION_LIBZ
LogInit:      CURL_VERSION_IPV6
LogInit:      CURL_VERSION_ASYNCHDNS
LogInit:      CURL_VERSION_LARGEFILE
LogInit:      CURL_VERSION_IDN
LogInit:  CurlRequestOptions (configurable via config and command line):
LogInit:  - bVerifyPeer = true  - Libcurl will verify peer certificate
LogInit:  - bUseHttpProxy = false  - Libcurl will NOT use HTTP proxy
LogInit:  - bDontReuseConnections = false  - Libcurl will reuse connections
LogInit:  - MaxHostConnections = 16  - Libcurl will limit the number of connections to a host
LogInit:  - LocalHostAddr = Default
LogInit:  - BufferSize = 65536
LogOnline: OSS: Creating online subsystem instance for: NULL
LogInit: WinSock: version 1.1 (2.2), MaxSocks=32767, MaxUdp=65467
LogOnline: OSS: TryLoadSubsystemAndSetDefault: Loaded subsystem for module [NULL]
LogOculusPluginWrapper: OculusPlugin initialized successfully
LogHMD: Failed initializing OVRPlugin 1.59.0
LogInit: Build: ++UE4+Release-4.27-CL-18319896
LogInit: Engine Version: 4.27.2-18319896+++UE4+Release-4.27
LogInit: Compatible Engine Version: 4.27.0-17155196+++UE4+Release-4.27
LogInit: Net CL: 17155196
LogInit: OS: Windows 10 (Release 2009) (), CPU: AMD Ryzen 3 1200 Quad-Core Processor           , GPU: Radeon RX 580 Series
LogInit: Compiled (64-bit): Nov 30 2021 07:12:08
LogInit: Compiled with Visual C++: 19.24.28315.00
LogInit: Build Configuration: Development
LogInit: Branch Name: ++UE4+Release-4.27
LogInit: Command Line:  /Game/Levels/Dev/Dev -game -PIEVIACONSOLE -Multiprocess "GameUserSettingsINI=C:/Users/Benny/Documents/Unreal Projects/N64/RPG/Saved/Config/Windows/PIEGameUserSettings0.ini" -MultiprocessSaveConfig -forcepassthrough -messaging -SessionName="Play in Standalone Game" -windowed -WinX=0 -WinY=24 SAVEWINPOS=1 -ResX=1910 -ResY=1006
LogInit: Base Directory: C:/Program Files/Epic Games/UE_4.27/Engine/Binaries/Win64/
LogInit: Allocator: TBB
LogInit: Installed Engine Build: 1
LogDevObjectVersion: Number of dev versions registered: 29
LogDevObjectVersion:   Dev-Blueprints (B0D832E4-1F89-4F0D-ACCF-7EB736FD4AA2): 10
LogDevObjectVersion:   Dev-Build (E1C64328-A22C-4D53-A36C-8E866417BD8C): 0
LogDevObjectVersion:   Dev-Core (375EC13C-06E4-48FB-B500-84F0262A717E): 4
LogDevObjectVersion:   Dev-Editor (E4B068ED-F494-42E9-A231-DA0B2E46BB41): 40
LogDevObjectVersion:   Dev-Framework (CFFC743F-43B0-4480-9391-14DF171D2073): 37
LogDevObjectVersion:   Dev-Mobile (B02B49B5-BB20-44E9-A304-32B752E40360): 3
LogDevObjectVersion:   Dev-Networking (A4E4105C-59A1-49B5-A7C5-40C4547EDFEE): 0
LogDevObjectVersion:   Dev-Online (39C831C9-5AE6-47DC-9A44-9C173E1C8E7C): 0
LogDevObjectVersion:   Dev-Physics (78F01B33-EBEA-4F98-B9B4-84EACCB95AA2): 14
LogDevObjectVersion:   Dev-Platform (6631380F-2D4D-43E0-8009-CF276956A95A): 0
LogDevObjectVersion:   Dev-Rendering (12F88B9F-8875-4AFC-A67C-D90C383ABD29): 45
LogDevObjectVersion:   Dev-Sequencer (7B5AE74C-D270-4C10-A958-57980B212A5A): 13
LogDevObjectVersion:   Dev-VR (D7296918-1DD6-4BDD-9DE2-64A83CC13884): 3
LogDevObjectVersion:   Dev-LoadTimes (C2A15278-BFE7-4AFE-6C17-90FF531DF755): 1
LogDevObjectVersion:   Private-Geometry (6EACA3D4-40EC-4CC1-B786-8BED09428FC5): 3
LogDevObjectVersion:   Dev-AnimPhys (29E575DD-E0A3-4627-9D10-D276232CDCEA): 17
LogDevObjectVersion:   Dev-Anim (AF43A65D-7FD3-4947-9873-3E8ED9C1BB05): 15
LogDevObjectVersion:   Dev-ReflectionCapture (6B266CEC-1EC7-4B8F-A30B-E4D90942FC07): 1
LogDevObjectVersion:   Dev-Automation (0DF73D61-A23F-47EA-B727-89E90C41499A): 1
LogDevObjectVersion:   FortniteMain (601D1886-AC64-4F84-AA16-D3DE0DEAC7D6): 47
LogDevObjectVersion:   FortniteRelease (E7086368-6B23-4C58-8439-1B7016265E91): 1
LogDevObjectVersion:   Dev-Enterprise (9DFFBCD6-494F-0158-E221-12823C92A888): 10
LogDevObjectVersion:   Dev-Niagara (F2AED0AC-9AFE-416F-8664-AA7FFA26D6FC): 1
LogDevObjectVersion:   Dev-Destruction (174F1F0B-B4C6-45A5-B13F-2EE8D0FB917D): 10
LogDevObjectVersion:   Dev-Physics-Ext (35F94A83-E258-406C-A318-09F59610247C): 41
LogDevObjectVersion:   Dev-PhysicsMaterial-Chaos (B68FC16E-8B1B-42E2-B453-215C058844FE): 1
LogDevObjectVersion:   Dev-CineCamera (B2E18506-4273-CFC2-A54E-F4BB758BBA07): 1
LogDevObjectVersion:   Dev-VirtualProduction (64F58936-FD1B-42BA-BA96-7289D5D0FA4E): 1
LogDevObjectVersion:   Dev-MediaFramework (6F0ED827-A609-4895-9C91-998D90180EA4): 2
LogInit: Presizing for max 25165824 objects, including 0 objects not considered by GC, pre-allocating 0 bytes for permanent pool.
LogConfig: Applying CVar settings from Section [/Script/Engine.StreamingSettings] File [C:/Users/Benny/Documents/Unreal Projects/N64/RPG/Saved/Config/Windows/Engine.ini]
LogConfig: Setting CVar [[s.MinBulkDataSizeForAsyncLoading:131072]]
LogConfig: Setting CVar [[s.AsyncLoadingThreadEnabled:0]]
LogConfig: Setting CVar [[s.EventDrivenLoaderEnabled:1]]
LogConfig: Setting CVar [[s.WarnIfTimeLimitExceeded:0]]
LogConfig: Setting CVar [[s.TimeLimitExceededMultiplier:1.5]]
LogConfig: Setting CVar [[s.TimeLimitExceededMinTime:0.005]]
LogConfig: Setting CVar [[s.UseBackgroundLevelStreaming:1]]
LogConfig: Setting CVar [[s.PriorityAsyncLoadingExtraTime:15.0]]
LogConfig: Setting CVar [[s.LevelStreamingActorsUpdateTimeLimit:5.0]]
LogConfig: Setting CVar [[s.PriorityLevelStreamingActorsUpdateExtraTime:5.0]]
LogConfig: Setting CVar [[s.LevelStreamingComponentsRegistrationGranularity:10]]
LogConfig: Setting CVar [[s.UnregisterComponentsTimeLimit:1.0]]
LogConfig: Setting CVar [[s.LevelStreamingComponentsUnregistrationGranularity:5]]
LogConfig: Setting CVar [[s.FlushStreamingOnExit:1]]
LogInit: Object subsystem initialized
LogConfig: Setting CVar [[con.DebugEarlyDefault:1]]
LogConfig: Setting CVar [[r.setres:1280x720]]
[2023.10.08-16.46.56:646][  0]LogConfig: Setting CVar [[con.DebugEarlyDefault:1]]
[2023.10.08-16.46.56:646][  0]LogConfig: Setting CVar [[r.setres:1280x720]]
[2023.10.08-16.46.56:646][  0]LogConfig: Applying CVar settings from Section [/Script/Engine.RendererSettings] File [C:/Users/Benny/Documents/Unreal Projects/N64/RPG/Saved/Config/Windows/Engine.ini]
[2023.10.08-16.46.56:646][  0]LogConfig: Setting CVar [[r.GPUCrashDebugging:0]]
[2023.10.08-16.46.56:646][  0]LogConfig: Setting CVar [[r.DefaultFeature.MotionBlur:0]]
[2023.10.08-16.46.56:646][  0]LogConfig: Setting CVar [[r.SSGI.Enable:0]]
[2023.10.08-16.46.56:646][  0]LogConfig: Setting CVar [[r.DefaultFeature.AutoExposure:0]]
[2023.10.08-16.46.56:646][  0]LogConfig: Setting CVar [[r.DefaultFeature.AutoExposure.Bias:-1.000000]]
[2023.10.08-16.46.56:646][  0]LogConfig: Setting CVar [[r.EarlyZPass:2]]
[2023.10.08-16.46.56:646][  0]LogConfig: Setting CVar [[r.EarlyZPassOnlyMaterialMasking:1]]
[2023.10.08-16.46.56:646][  0]LogConfig: Setting CVar [[r.VirtualTextures:1]]
[2023.10.08-16.46.56:646][  0]LogConfig: Setting CVar [[r.GenerateMeshDistanceFields:1]]
[2023.10.08-16.46.56:646][  0]LogConfig: Applying CVar settings from Section [/Script/Engine.RendererOverrideSettings] File [C:/Users/Benny/Documents/Unreal Projects/N64/RPG/Saved/Config/Windows/Engine.ini]
[2023.10.08-16.46.56:646][  0]LogConfig: Applying CVar settings from Section [/Script/Engine.StreamingSettings] File [C:/Users/Benny/Documents/Unreal Projects/N64/RPG/Saved/Config/Windows/Engine.ini]
[2023.10.08-16.46.56:646][  0]LogConfig: Setting CVar [[s.MinBulkDataSizeForAsyncLoading:131072]]
[2023.10.08-16.46.56:646][  0]LogConfig: Setting CVar [[s.AsyncLoadingThreadEnabled:0]]
[2023.10.08-16.46.56:646][  0]LogConfig: Setting CVar [[s.EventDrivenLoaderEnabled:1]]
[2023.10.08-16.46.56:646][  0]LogConfig: Setting CVar [[s.WarnIfTimeLimitExceeded:0]]
[2023.10.08-16.46.56:646][  0]LogConfig: Setting CVar [[s.TimeLimitExceededMultiplier:1.5]]
[2023.10.08-16.46.56:646][  0]LogConfig: Setting CVar [[s.TimeLimitExceededMinTime:0.005]]
[2023.10.08-16.46.56:646][  0]LogConfig: Setting CVar [[s.UseBackgroundLevelStreaming:1]]
[2023.10.08-16.46.56:646][  0]LogConfig: Setting CVar [[s.PriorityAsyncLoadingExtraTime:15.0]]
[2023.10.08-16.46.56:646][  0]LogConfig: Setting CVar [[s.LevelStreamingActorsUpdateTimeLimit:5.0]]
[2023.10.08-16.46.56:646][  0]LogConfig: Setting CVar [[s.PriorityLevelStreamingActorsUpdateExtraTime:5.0]]
[2023.10.08-16.46.56:646][  0]LogConfig: Setting CVar [[s.LevelStreamingComponentsRegistrationGranularity:10]]
[2023.10.08-16.46.56:646][  0]LogConfig: Setting CVar [[s.UnregisterComponentsTimeLimit:1.0]]
[2023.10.08-16.46.56:646][  0]LogConfig: Setting CVar [[s.LevelStreamingComponentsUnregistrationGranularity:5]]
[2023.10.08-16.46.56:646][  0]LogConfig: Setting CVar [[s.FlushStreamingOnExit:1]]
[2023.10.08-16.46.56:646][  0]LogConfig: Applying CVar settings from Section [/Script/Engine.GarbageCollectionSettings] File [C:/Users/Benny/Documents/Unreal Projects/N64/RPG/Saved/Config/Windows/Engine.ini]
[2023.10.08-16.46.56:646][  0]LogConfig: Setting CVar [[gc.MaxObjectsNotConsideredByGC:1]]
[2023.10.08-16.46.56:646][  0]LogConfig: Setting CVar [[gc.SizeOfPermanentObjectPool:0]]
[2023.10.08-16.46.56:646][  0]LogConfig: Setting CVar [[gc.FlushStreamingOnGC:0]]
[2023.10.08-16.46.56:646][  0]LogConfig: Setting CVar [[gc.NumRetriesBeforeForcingGC:10]]
[2023.10.08-16.46.56:646][  0]LogConfig: Setting CVar [[gc.AllowParallelGC:1]]
[2023.10.08-16.46.56:646][  0]LogConfig: Setting CVar [[gc.TimeBetweenPurgingPendingKillObjects:61.1]]
[2023.10.08-16.46.56:646][  0]LogConfig: Setting CVar [[gc.MaxObjectsInEditor:25165824]]
[2023.10.08-16.46.56:646][  0]LogConfig: Setting CVar [[gc.IncrementalBeginDestroyEnabled:1]]
[2023.10.08-16.46.56:646][  0]LogConfig: Setting CVar [[gc.CreateGCClusters:1]]
[2023.10.08-16.46.56:646][  0]LogConfig: Setting CVar [[gc.MinGCClusterSize:5]]
[2023.10.08-16.46.56:646][  0]LogConfig: Setting CVar [[gc.ActorClusteringEnabled:0]]
[2023.10.08-16.46.56:646][  0]LogConfig: Setting CVar [[gc.BlueprintClusteringEnabled:0]]
[2023.10.08-16.46.56:646][  0]LogConfig: Setting CVar [[gc.UseDisregardForGCOnDedicatedServers:0]]
[2023.10.08-16.46.56:646][  0]LogConfig: Setting CVar [[gc.MultithreadedDestructionEnabled:1]]
[2023.10.08-16.46.56:646][  0]LogConfig: Applying CVar settings from Section [/Script/Engine.NetworkSettings] File [C:/Users/Benny/Documents/Unreal Projects/N64/RPG/Saved/Config/Windows/Engine.ini]
[2023.10.08-16.46.56:646][  0]LogConfig: Applying CVar settings from Section [/Script/UnrealEd.CookerSettings] File [C:/Users/Benny/Documents/Unreal Projects/N64/RPG/Saved/Config/Windows/Engine.ini]
[2023.10.08-16.46.56:662][  0]LogConfig: Applying CVar settings from Section [ViewDistanceQuality@3] File [C:/Users/Benny/Documents/Unreal Projects/N64/RPG/Saved/Config/Windows/Scalability.ini]
[2023.10.08-16.46.56:662][  0]LogConfig: Setting CVar [[r.SkeletalMeshLODBias:0]]
[2023.10.08-16.46.56:662][  0]LogConfig: Setting CVar [[r.ViewDistanceScale:1.0]]
[2023.10.08-16.46.56:662][  0]LogConfig: Applying CVar settings from Section [AntiAliasingQuality@3] File [C:/Users/Benny/Documents/Unreal Projects/N64/RPG/Saved/Config/Windows/Scalability.ini]
[2023.10.08-16.46.56:662][  0]LogConfig: Setting CVar [[r.PostProcessAAQuality:4]]
[2023.10.08-16.46.56:662][  0]LogConfig: Applying CVar settings from Section [ShadowQuality@3] File [C:/Users/Benny/Documents/Unreal Projects/N64/RPG/Saved/Config/Windows/Scalability.ini]
[2023.10.08-16.46.56:663][  0]LogConfig: Setting CVar [[r.LightFunctionQuality:1]]
[2023.10.08-16.46.56:663][  0]LogConfig: Setting CVar [[r.ShadowQuality:5]]
[2023.10.08-16.46.56:663][  0]LogConfig: Setting CVar [[r.Shadow.CSM.MaxCascades:10]]
[2023.10.08-16.46.56:663][  0]LogConfig: Setting CVar [[r.Shadow.MaxResolution:2048]]
[2023.10.08-16.46.56:663][  0]LogConfig: Setting CVar [[r.Shadow.MaxCSMResolution:2048]]
[2023.10.08-16.46.56:663][  0]LogConfig: Setting CVar [[r.Shadow.RadiusThreshold:0.01]]
[2023.10.08-16.46.56:663][  0]LogConfig: Setting CVar [[r.Shadow.DistanceScale:1.0]]
[2023.10.08-16.46.56:663][  0]LogConfig: Setting CVar [[r.Shadow.CSM.TransitionScale:1.0]]
[2023.10.08-16.46.56:663][  0]LogConfig: Setting CVar [[r.Shadow.PreShadowResolutionFactor:1.0]]
[2023.10.08-16.46.56:663][  0]LogConfig: Setting CVar [[r.DistanceFieldShadowing:1]]
[2023.10.08-16.46.56:663][  0]LogConfig: Setting CVar [[r.DistanceFieldAO:1]]
[2023.10.08-16.46.56:663][  0]LogConfig: Setting CVar [[r.AOQuality:2]]
[2023.10.08-16.46.56:663][  0]LogConfig: Setting CVar [[r.VolumetricFog:1]]
[2023.10.08-16.46.56:663][  0]LogConfig: Setting CVar [[r.VolumetricFog.GridPixelSize:8]]
[2023.10.08-16.46.56:663][  0]LogConfig: Setting CVar [[r.VolumetricFog.GridSizeZ:128]]
[2023.10.08-16.46.56:663][  0]LogConfig: Setting CVar [[r.VolumetricFog.HistoryMissSupersampleCount:4]]
[2023.10.08-16.46.56:663][  0]LogConfig: Setting CVar [[r.LightMaxDrawDistanceScale:1]]
[2023.10.08-16.46.56:663][  0]LogConfig: Setting CVar [[r.CapsuleShadows:1]]
[2023.10.08-16.46.56:663][  0]LogConfig: Applying CVar settings from Section [PostProcessQuality@3] File [C:/Users/Benny/Documents/Unreal Projects/N64/RPG/Saved/Config/Windows/Scalability.ini]
[2023.10.08-16.46.56:663][  0]LogConfig: Setting CVar [[r.MotionBlurQuality:4]]
[2023.10.08-16.46.56:663][  0]LogConfig: Setting CVar [[r.AmbientOcclusionMipLevelFactor:0.4]]
[2023.10.08-16.46.56:663][  0]LogConfig: Setting CVar [[r.AmbientOcclusionMaxQuality:100]]
[2023.10.08-16.46.56:663][  0]LogConfig: Setting CVar [[r.AmbientOcclusionLevels:-1]]
[2023.10.08-16.46.56:663][  0]LogConfig: Setting CVar [[r.AmbientOcclusionRadiusScale:1.0]]
[2023.10.08-16.46.56:663][  0]LogConfig: Setting CVar [[r.DepthOfFieldQuality:2]]
[2023.10.08-16.46.56:663][  0]LogConfig: Setting CVar [[r.RenderTargetPoolMin:400]]
[2023.10.08-16.46.56:663][  0]LogConfig: Setting CVar [[r.LensFlareQuality:2]]
[2023.10.08-16.46.56:663][  0]LogConfig: Setting CVar [[r.SceneColorFringeQuality:1]]
[2023.10.08-16.46.56:663][  0]LogConfig: Setting CVar [[r.EyeAdaptationQuality:2]]
[2023.10.08-16.46.56:663][  0]LogConfig: Setting CVar [[r.BloomQuality:5]]
[2023.10.08-16.46.56:663][  0]LogConfig: Setting CVar [[r.FastBlurThreshold:100]]
[2023.10.08-16.46.56:663][  0]LogConfig: Setting CVar [[r.Upscale.Quality:3]]
[2023.10.08-16.46.56:663][  0]LogConfig: Setting CVar [[r.Tonemapper.GrainQuantization:1]]
[2023.10.08-16.46.56:663][  0]LogConfig: Setting CVar [[r.LightShaftQuality:1]]
[2023.10.08-16.46.56:663][  0]LogConfig: Setting CVar [[r.Filter.SizeScale:1]]
[2023.10.08-16.46.56:663][  0]LogConfig: Setting CVar [[r.Tonemapper.Quality:5]]
[2023.10.08-16.46.56:663][  0]LogConfig: Setting CVar [[r.DOF.Gather.AccumulatorQuality:1        ; higher gathering accumulator quality]]
[2023.10.08-16.46.56:663][  0]LogConfig: Setting CVar [[r.DOF.Gather.PostfilterMethod:1          ; Median3x3 postfilering method]]
[2023.10.08-16.46.56:663][  0]LogConfig: Setting CVar [[r.DOF.Gather.EnableBokehSettings:0       ; no bokeh simulation when gathering]]
[2023.10.08-16.46.56:663][  0]LogConfig: Setting CVar [[r.DOF.Gather.RingCount:4                 ; medium number of samples when gathering]]
[2023.10.08-16.46.56:663][  0]LogConfig: Setting CVar [[r.DOF.Scatter.ForegroundCompositing:1    ; additive foreground scattering]]
[2023.10.08-16.46.56:663][  0]LogConfig: Setting CVar [[r.DOF.Scatter.BackgroundCompositing:2    ; additive background scattering]]
[2023.10.08-16.46.56:663][  0]LogConfig: Setting CVar [[r.DOF.Scatter.EnableBokehSettings:1      ; bokeh simulation when scattering]]
[2023.10.08-16.46.56:663][  0]LogConfig: Setting CVar [[r.DOF.Scatter.MaxSpriteRatio:0.1         ; only a maximum of 10% of scattered bokeh]]
[2023.10.08-16.46.56:663][  0]LogConfig: Setting CVar [[r.DOF.Recombine.Quality:1                ; cheap slight out of focus]]
[2023.10.08-16.46.56:663][  0]LogConfig: Setting CVar [[r.DOF.Recombine.EnableBokehSettings:0    ; no bokeh simulation on slight out of focus]]
[2023.10.08-16.46.56:663][  0]LogConfig: Setting CVar [[r.DOF.TemporalAAQuality:1                ; more stable temporal accumulation]]
[2023.10.08-16.46.56:663][  0]LogConfig: Setting CVar [[r.DOF.Kernel.MaxForegroundRadius:0.025]]
[2023.10.08-16.46.56:663][  0]LogConfig: Setting CVar [[r.DOF.Kernel.MaxBackgroundRadius:0.025]]
[2023.10.08-16.46.56:663][  0]LogConfig: Applying CVar settings from Section [TextureQuality@3] File [C:/Users/Benny/Documents/Unreal Projects/N64/RPG/Saved/Config/Windows/Scalability.ini]
[2023.10.08-16.46.56:663][  0]LogConfig: Setting CVar [[r.Streaming.MipBias:0]]
[2023.10.08-16.46.56:663][  0]LogConfig: Setting CVar [[r.Streaming.AmortizeCPUToGPUCopy:0]]
[2023.10.08-16.46.56:663][  0]LogConfig: Setting CVar [[r.Streaming.MaxNumTexturesToStreamPerFrame:0]]
[2023.10.08-16.46.56:663][  0]LogConfig: Setting CVar [[r.Streaming.Boost:1]]
[2023.10.08-16.46.56:663][  0]LogConfig: Setting CVar [[r.MaxAnisotropy:8]]
[2023.10.08-16.46.56:663][  0]LogConfig: Setting CVar [[r.VT.MaxAnisotropy:8]]
[2023.10.08-16.46.56:663][  0]LogConfig: Setting CVar [[r.Streaming.LimitPoolSizeToVRAM:0]]
[2023.10.08-16.46.56:663][  0]LogConfig: Setting CVar [[r.Streaming.PoolSize:1000]]
[2023.10.08-16.46.56:663][  0]LogConfig: Setting CVar [[r.Streaming.MaxEffectiveScreenSize:0]]
[2023.10.08-16.46.56:663][  0]LogConfig: Applying CVar settings from Section [EffectsQuality@3] File [C:/Users/Benny/Documents/Unreal Projects/N64/RPG/Saved/Config/Windows/Scalability.ini]
[2023.10.08-16.46.56:663][  0]LogConfig: Setting CVar [[r.TranslucencyLightingVolumeDim:64]]
[2023.10.08-16.46.56:663][  0]LogConfig: Setting CVar [[r.RefractionQuality:2]]
[2023.10.08-16.46.56:664][  0]LogConfig: Setting CVar [[r.SSR.Quality:3]]
[2023.10.08-16.46.56:664][  0]LogConfig: Setting CVar [[r.SSR.HalfResSceneColor:0]]
[2023.10.08-16.46.56:664][  0]LogConfig: Setting CVar [[r.SceneColorFormat:4]]
[2023.10.08-16.46.56:664][  0]LogConfig: Setting CVar [[r.DetailMode:2]]
[2023.10.08-16.46.56:664][  0]LogConfig: Setting CVar [[r.TranslucencyVolumeBlur:1]]
[2023.10.08-16.46.56:664][  0]LogConfig: Setting CVar [[r.MaterialQualityLevel:1 ; High quality]]
[2023.10.08-16.46.56:664][  0]LogConfig: Setting CVar [[r.AnisotropicMaterials:1]]
[2023.10.08-16.46.56:664][  0]LogConfig: Setting CVar [[r.SSS.Scale:1]]
[2023.10.08-16.46.56:664][  0]LogConfig: Setting CVar [[r.SSS.SampleSet:2]]
[2023.10.08-16.46.56:664][  0]LogConfig: Setting CVar [[r.SSS.Quality:1]]
[2023.10.08-16.46.56:664][  0]LogConfig: Setting CVar [[r.SSS.HalfRes:0]]
[2023.10.08-16.46.56:664][  0]LogConfig: Setting CVar [[r.SSGI.Quality:3]]
[2023.10.08-16.46.56:664][  0]LogConfig: Setting CVar [[r.EmitterSpawnRateScale:1.0]]
[2023.10.08-16.46.56:664][  0]LogConfig: Setting CVar [[r.ParticleLightQuality:2]]
[2023.10.08-16.46.56:664][  0]LogConfig: Setting CVar [[r.SkyAtmosphere.AerialPerspectiveLUT.FastApplyOnOpaque:1 ; Always have FastSkyLUT 1 in this case to avoid wrong sky]]
[2023.10.08-16.46.56:664][  0]LogConfig: Setting CVar [[r.SkyAtmosphere.AerialPerspectiveLUT.SampleCountMaxPerSlice:4]]
[2023.10.08-16.46.56:664][  0]LogConfig: Setting CVar [[r.SkyAtmosphere.AerialPerspectiveLUT.DepthResolution:16.0]]
[2023.10.08-16.46.56:664][  0]LogConfig: Setting CVar [[r.SkyAtmosphere.FastSkyLUT:1]]
[2023.10.08-16.46.56:664][  0]LogConfig: Setting CVar [[r.SkyAtmosphere.FastSkyLUT.SampleCountMin:4.0]]
[2023.10.08-16.46.56:664][  0]LogConfig: Setting CVar [[r.SkyAtmosphere.FastSkyLUT.SampleCountMax:128.0]]
[2023.10.08-16.46.56:664][  0]LogConfig: Setting CVar [[r.SkyAtmosphere.SampleCountMin:4.0]]
[2023.10.08-16.46.56:664][  0]LogConfig: Setting CVar [[r.SkyAtmosphere.SampleCountMax:128.0]]
[2023.10.08-16.46.56:664][  0]LogConfig: Setting CVar [[r.SkyAtmosphere.TransmittanceLUT.UseSmallFormat:0]]
[2023.10.08-16.46.56:664][  0]LogConfig: Setting CVar [[r.SkyAtmosphere.TransmittanceLUT.SampleCount:10.0]]
[2023.10.08-16.46.56:664][  0]LogConfig: Setting CVar [[r.SkyAtmosphere.MultiScatteringLUT.SampleCount:15.0]]
[2023.10.08-16.46.56:664][  0]LogConfig: Setting CVar [[r.SkyLight.RealTimeReflectionCapture:1]]
[2023.10.08-16.46.56:664][  0]LogConfig: Applying CVar settings from Section [FoliageQuality@3] File [C:/Users/Benny/Documents/Unreal Projects/N64/RPG/Saved/Config/Windows/Scalability.ini]
[2023.10.08-16.46.56:664][  0]LogConfig: Setting CVar [[foliage.DensityScale:1.0]]
[2023.10.08-16.46.56:664][  0]LogConfig: Setting CVar [[grass.DensityScale:1.0]]
[2023.10.08-16.46.56:664][  0]LogConfig: Applying CVar settings from Section [ShadingQuality@3] File [C:/Users/Benny/Documents/Unreal Projects/N64/RPG/Saved/Config/Windows/Scalability.ini]
[2023.10.08-16.46.56:664][  0]LogConfig: Setting CVar [[r.HairStrands.SkyLighting.IntegrationType:2]]
[2023.10.08-16.46.56:664][  0]LogConfig: Setting CVar [[r.HairStrands.SkyAO.SampleCount:4]]
[2023.10.08-16.46.56:664][  0]LogConfig: Setting CVar [[r.HairStrands.Visibility.MSAA.SamplePerPixel:4]]
[2023.10.08-16.46.56:664][  0]LogInit: Selected Device Profile: [Windows]
[2023.10.08-16.46.56:664][  0]LogInit: Applying CVar settings loaded from the selected device profile: [Windows]
[2023.10.08-16.46.56:664][  0]LogHAL: Display: Platform has ~ 16 GB [17126322176 / 17179869184 / 16], which maps to Larger [LargestMinGB=32, LargerMinGB=12, DefaultMinGB=8, SmallerMinGB=6, SmallestMinGB=0)
[2023.10.08-16.46.56:664][  0]LogInit: Going up to parent DeviceProfile []
[2023.10.08-16.46.56:664][  0]LogConfig: Applying CVar settings from Section [ViewDistanceQuality@3] File [C:/Users/Benny/Documents/Unreal Projects/N64/RPG/Saved/Config/Windows/Scalability.ini]
[2023.10.08-16.46.56:664][  0]LogConfig: Setting CVar [[r.SkeletalMeshLODBias:0]]
[2023.10.08-16.46.56:664][  0]LogConfig: Setting CVar [[r.ViewDistanceScale:1.0]]
[2023.10.08-16.46.56:664][  0]LogConfig: Applying CVar settings from Section [AntiAliasingQuality@3] File [C:/Users/Benny/Documents/Unreal Projects/N64/RPG/Saved/Config/Windows/Scalability.ini]
[2023.10.08-16.46.56:664][  0]LogConfig: Setting CVar [[r.PostProcessAAQuality:4]]
[2023.10.08-16.46.56:664][  0]LogConfig: Applying CVar settings from Section [ShadowQuality@3] File [C:/Users/Benny/Documents/Unreal Projects/N64/RPG/Saved/Config/Windows/Scalability.ini]
[2023.10.08-16.46.56:664][  0]LogConfig: Setting CVar [[r.LightFunctionQuality:1]]
[2023.10.08-16.46.56:664][  0]LogConfig: Setting CVar [[r.ShadowQuality:5]]
[2023.10.08-16.46.56:664][  0]LogConfig: Setting CVar [[r.Shadow.CSM.MaxCascades:10]]
[2023.10.08-16.46.56:664][  0]LogConfig: Setting CVar [[r.Shadow.MaxResolution:2048]]
[2023.10.08-16.46.56:664][  0]LogConfig: Setting CVar [[r.Shadow.MaxCSMResolution:2048]]
[2023.10.08-16.46.56:664][  0]LogConfig: Setting CVar [[r.Shadow.RadiusThreshold:0.01]]
[2023.10.08-16.46.56:664][  0]LogConfig: Setting CVar [[r.Shadow.DistanceScale:1.0]]
[2023.10.08-16.46.56:664][  0]LogConfig: Setting CVar [[r.Shadow.CSM.TransitionScale:1.0]]
[2023.10.08-16.46.56:664][  0]LogConfig: Setting CVar [[r.Shadow.PreShadowResolutionFactor:1.0]]
[2023.10.08-16.46.56:664][  0]LogConfig: Setting CVar [[r.DistanceFieldShadowing:1]]
[2023.10.08-16.46.56:664][  0]LogConfig: Setting CVar [[r.DistanceFieldAO:1]]
[2023.10.08-16.46.56:664][  0]LogConfig: Setting CVar [[r.AOQuality:2]]
[2023.10.08-16.46.56:664][  0]LogConfig: Setting CVar [[r.VolumetricFog:1]]
[2023.10.08-16.46.56:665][  0]LogConfig: Setting CVar [[r.VolumetricFog.GridPixelSize:8]]
[2023.10.08-16.46.56:665][  0]LogConfig: Setting CVar [[r.VolumetricFog.GridSizeZ:128]]
[2023.10.08-16.46.56:665][  0]LogConfig: Setting CVar [[r.VolumetricFog.HistoryMissSupersampleCount:4]]
[2023.10.08-16.46.56:665][  0]LogConfig: Setting CVar [[r.LightMaxDrawDistanceScale:1]]
[2023.10.08-16.46.56:665][  0]LogConfig: Setting CVar [[r.CapsuleShadows:1]]
[2023.10.08-16.46.56:665][  0]LogConfig: Applying CVar settings from Section [PostProcessQuality@3] File [C:/Users/Benny/Documents/Unreal Projects/N64/RPG/Saved/Config/Windows/Scalability.ini]
[2023.10.08-16.46.56:665][  0]LogConfig: Setting CVar [[r.MotionBlurQuality:4]]
[2023.10.08-16.46.56:665][  0]LogConfig: Setting CVar [[r.AmbientOcclusionMipLevelFactor:0.4]]
[2023.10.08-16.46.56:665][  0]LogConfig: Setting CVar [[r.AmbientOcclusionMaxQuality:100]]
[2023.10.08-16.46.56:665][  0]LogConfig: Setting CVar [[r.AmbientOcclusionLevels:-1]]
[2023.10.08-16.46.56:665][  0]LogConfig: Setting CVar [[r.AmbientOcclusionRadiusScale:1.0]]
[2023.10.08-16.46.56:665][  0]LogConfig: Setting CVar [[r.DepthOfFieldQuality:2]]
[2023.10.08-16.46.56:665][  0]LogConfig: Setting CVar [[r.RenderTargetPoolMin:400]]
[2023.10.08-16.46.56:665][  0]LogConfig: Setting CVar [[r.LensFlareQuality:2]]
[2023.10.08-16.46.56:665][  0]LogConfig: Setting CVar [[r.SceneColorFringeQuality:1]]
[2023.10.08-16.46.56:665][  0]LogConfig: Setting CVar [[r.EyeAdaptationQuality:2]]
[2023.10.08-16.46.56:665][  0]LogConfig: Setting CVar [[r.BloomQuality:5]]
[2023.10.08-16.46.56:665][  0]LogConfig: Setting CVar [[r.FastBlurThreshold:100]]
[2023.10.08-16.46.56:665][  0]LogConfig: Setting CVar [[r.Upscale.Quality:3]]
[2023.10.08-16.46.56:665][  0]LogConfig: Setting CVar [[r.Tonemapper.GrainQuantization:1]]
[2023.10.08-16.46.56:665][  0]LogConfig: Setting CVar [[r.LightShaftQuality:1]]
[2023.10.08-16.46.56:665][  0]LogConfig: Setting CVar [[r.Filter.SizeScale:1]]
[2023.10.08-16.46.56:665][  0]LogConfig: Setting CVar [[r.Tonemapper.Quality:5]]
[2023.10.08-16.46.56:665][  0]LogConfig: Setting CVar [[r.DOF.Gather.AccumulatorQuality:1        ; higher gathering accumulator quality]]
[2023.10.08-16.46.56:665][  0]LogConfig: Setting CVar [[r.DOF.Gather.PostfilterMethod:1          ; Median3x3 postfilering method]]
[2023.10.08-16.46.56:665][  0]LogConfig: Setting CVar [[r.DOF.Gather.EnableBokehSettings:0       ; no bokeh simulation when gathering]]
[2023.10.08-16.46.56:665][  0]LogConfig: Setting CVar [[r.DOF.Gather.RingCount:4                 ; medium number of samples when gathering]]
[2023.10.08-16.46.56:665][  0]LogConfig: Setting CVar [[r.DOF.Scatter.ForegroundCompositing:1    ; additive foreground scattering]]
[2023.10.08-16.46.56:665][  0]LogConfig: Setting CVar [[r.DOF.Scatter.BackgroundCompositing:2    ; additive background scattering]]
[2023.10.08-16.46.56:665][  0]LogConfig: Setting CVar [[r.DOF.Scatter.EnableBokehSettings:1      ; bokeh simulation when scattering]]
[2023.10.08-16.46.56:665][  0]LogConfig: Setting CVar [[r.DOF.Scatter.MaxSpriteRatio:0.1         ; only a maximum of 10% of scattered bokeh]]
[2023.10.08-16.46.56:665][  0]LogConfig: Setting CVar [[r.DOF.Recombine.Quality:1                ; cheap slight out of focus]]
[2023.10.08-16.46.56:665][  0]LogConfig: Setting CVar [[r.DOF.Recombine.EnableBokehSettings:0    ; no bokeh simulation on slight out of focus]]
[2023.10.08-16.46.56:665][  0]LogConfig: Setting CVar [[r.DOF.TemporalAAQuality:1                ; more stable temporal accumulation]]
[2023.10.08-16.46.56:665][  0]LogConfig: Setting CVar [[r.DOF.Kernel.MaxForegroundRadius:0.025]]
[2023.10.08-16.46.56:665][  0]LogConfig: Setting CVar [[r.DOF.Kernel.MaxBackgroundRadius:0.025]]
[2023.10.08-16.46.56:665][  0]LogConfig: Applying CVar settings from Section [TextureQuality@3] File [C:/Users/Benny/Documents/Unreal Projects/N64/RPG/Saved/Config/Windows/Scalability.ini]
[2023.10.08-16.46.56:665][  0]LogConfig: Setting CVar [[r.Streaming.MipBias:0]]
[2023.10.08-16.46.56:665][  0]LogConfig: Setting CVar [[r.Streaming.AmortizeCPUToGPUCopy:0]]
[2023.10.08-16.46.56:665][  0]LogConfig: Setting CVar [[r.Streaming.MaxNumTexturesToStreamPerFrame:0]]
[2023.10.08-16.46.56:665][  0]LogConfig: Setting CVar [[r.Streaming.Boost:1]]
[2023.10.08-16.46.56:665][  0]LogConfig: Setting CVar [[r.MaxAnisotropy:8]]
[2023.10.08-16.46.56:665][  0]LogConfig: Setting CVar [[r.VT.MaxAnisotropy:8]]
[2023.10.08-16.46.56:665][  0]LogConfig: Setting CVar [[r.Streaming.LimitPoolSizeToVRAM:0]]
[2023.10.08-16.46.56:665][  0]LogConfig: Setting CVar [[r.Streaming.PoolSize:1000]]
[2023.10.08-16.46.56:665][  0]LogConfig: Setting CVar [[r.Streaming.MaxEffectiveScreenSize:0]]
[2023.10.08-16.46.56:665][  0]LogConfig: Applying CVar settings from Section [EffectsQuality@3] File [C:/Users/Benny/Documents/Unreal Projects/N64/RPG/Saved/Config/Windows/Scalability.ini]
[2023.10.08-16.46.56:665][  0]LogConfig: Setting CVar [[r.TranslucencyLightingVolumeDim:64]]
[2023.10.08-16.46.56:665][  0]LogConfig: Setting CVar [[r.RefractionQuality:2]]
[2023.10.08-16.46.56:665][  0]LogConfig: Setting CVar [[r.SSR.Quality:3]]
[2023.10.08-16.46.56:666][  0]LogConfig: Setting CVar [[r.SSR.HalfResSceneColor:0]]
[2023.10.08-16.46.56:666][  0]LogConfig: Setting CVar [[r.SceneColorFormat:4]]
[2023.10.08-16.46.56:666][  0]LogConfig: Setting CVar [[r.DetailMode:2]]
[2023.10.08-16.46.56:666][  0]LogConfig: Setting CVar [[r.TranslucencyVolumeBlur:1]]
[2023.10.08-16.46.56:666][  0]LogConfig: Setting CVar [[r.MaterialQualityLevel:1 ; High quality]]
[2023.10.08-16.46.56:666][  0]LogConfig: Setting CVar [[r.AnisotropicMaterials:1]]
[2023.10.08-16.46.56:666][  0]LogConfig: Setting CVar [[r.SSS.Scale:1]]
[2023.10.08-16.46.56:666][  0]LogConfig: Setting CVar [[r.SSS.SampleSet:2]]
[2023.10.08-16.46.56:666][  0]LogConfig: Setting CVar [[r.SSS.Quality:1]]
[2023.10.08-16.46.56:666][  0]LogConfig: Setting CVar [[r.SSS.HalfRes:0]]
[2023.10.08-16.46.56:666][  0]LogConfig: Setting CVar [[r.SSGI.Quality:3]]
[2023.10.08-16.46.56:666][  0]LogConfig: Setting CVar [[r.EmitterSpawnRateScale:1.0]]
[2023.10.08-16.46.56:666][  0]LogConfig: Setting CVar [[r.ParticleLightQuality:2]]
[2023.10.08-16.46.56:666][  0]LogConfig: Setting CVar [[r.SkyAtmosphere.AerialPerspectiveLUT.FastApplyOnOpaque:1 ; Always have FastSkyLUT 1 in this case to avoid wrong sky]]
[2023.10.08-16.46.56:666][  0]LogConfig: Setting CVar [[r.SkyAtmosphere.AerialPerspectiveLUT.SampleCountMaxPerSlice:4]]
[2023.10.08-16.46.56:666][  0]LogConfig: Setting CVar [[r.SkyAtmosphere.AerialPerspectiveLUT.DepthResolution:16.0]]
[2023.10.08-16.46.56:666][  0]LogConfig: Setting CVar [[r.SkyAtmosphere.FastSkyLUT:1]]
[2023.10.08-16.46.56:666][  0]LogConfig: Setting CVar [[r.SkyAtmosphere.FastSkyLUT.SampleCountMin:4.0]]
[2023.10.08-16.46.56:666][  0]LogConfig: Setting CVar [[r.SkyAtmosphere.FastSkyLUT.SampleCountMax:128.0]]
[2023.10.08-16.46.56:666][  0]LogConfig: Setting CVar [[r.SkyAtmosphere.SampleCountMin:4.0]]
[2023.10.08-16.46.56:666][  0]LogConfig: Setting CVar [[r.SkyAtmosphere.SampleCountMax:128.0]]
[2023.10.08-16.46.56:666][  0]LogConfig: Setting CVar [[r.SkyAtmosphere.TransmittanceLUT.UseSmallFormat:0]]
[2023.10.08-16.46.56:666][  0]LogConfig: Setting CVar [[r.SkyAtmosphere.TransmittanceLUT.SampleCount:10.0]]
[2023.10.08-16.46.56:666][  0]LogConfig: Setting CVar [[r.SkyAtmosphere.MultiScatteringLUT.SampleCount:15.0]]
[2023.10.08-16.46.56:666][  0]LogConfig: Setting CVar [[r.SkyLight.RealTimeReflectionCapture:1]]
[2023.10.08-16.46.56:666][  0]LogConfig: Applying CVar settings from Section [FoliageQuality@3] File [C:/Users/Benny/Documents/Unreal Projects/N64/RPG/Saved/Config/Windows/Scalability.ini]
[2023.10.08-16.46.56:666][  0]LogConfig: Setting CVar [[foliage.DensityScale:1.0]]
[2023.10.08-16.46.56:666][  0]LogConfig: Setting CVar [[grass.DensityScale:1.0]]
[2023.10.08-16.46.56:666][  0]LogConfig: Applying CVar settings from Section [ShadingQuality@3] File [C:/Users/Benny/Documents/Unreal Projects/N64/RPG/Saved/Config/Windows/Scalability.ini]
[2023.10.08-16.46.56:666][  0]LogConfig: Setting CVar [[r.HairStrands.SkyLighting.IntegrationType:2]]
[2023.10.08-16.46.56:666][  0]LogConfig: Setting CVar [[r.HairStrands.SkyAO.SampleCount:4]]
[2023.10.08-16.46.56:666][  0]LogConfig: Setting CVar [[r.HairStrands.Visibility.MSAA.SamplePerPixel:4]]
[2023.10.08-16.46.56:666][  0]LogConfig: Applying CVar settings from Section [Startup] File [../../../Engine/Config/ConsoleVariables.ini]
[2023.10.08-16.46.56:666][  0]LogConfig: Setting CVar [[net.UseAdaptiveNetUpdateFrequency:0]]
[2023.10.08-16.46.56:667][  0]LogConfig: Setting CVar [[p.chaos.AllowCreatePhysxBodies:1]]
[2023.10.08-16.46.56:667][  0]LogConfig: Setting CVar [[fx.SkipVectorVMBackendOptimizations:1]]
[2023.10.08-16.46.56:667][  0]LogConfig: Applying CVar settings from Section [ConsoleVariables] File [C:/Users/Benny/Documents/Unreal Projects/N64/RPG/Saved/Config/Windows/Engine.ini]
[2023.10.08-16.46.56:667][  0]LogConfig: Applying CVar settings from Section [ConsoleVariables] File [C:/Users/Benny/Documents/Unreal Projects/N64/RPG/Saved/Config/Windows/Editor.ini]
[2023.10.08-16.46.56:667][  0]LogInit: Computer: DESKTOP-C13FAE9
[2023.10.08-16.46.56:667][  0]LogInit: User: Benny
[2023.10.08-16.46.56:667][  0]LogInit: CPU Page size=4096, Cores=4
[2023.10.08-16.46.56:667][  0]LogInit: High frequency timer resolution =10.000000 MHz
[2023.10.08-16.46.56:667][  0]LogMemory: Memory total: Physical=16.0GB (16GB approx)
[2023.10.08-16.46.56:667][  0]LogMemory: Platform Memory Stats for Windows
[2023.10.08-16.46.56:667][  0]LogMemory: Process Physical Memory: 142.34 MB used, 142.34 MB peak
[2023.10.08-16.46.56:667][  0]LogMemory: Process Virtual Memory: 121.29 MB used, 121.29 MB peak
[2023.10.08-16.46.56:667][  0]LogMemory: Physical Memory: 11024.62 MB used,  5308.32 MB free, 16332.93 MB total
[2023.10.08-16.46.56:667][  0]LogMemory: Virtual Memory: 134211552.00 MB used,  6175.43 MB free, 134217728.00 MB total
[2023.10.08-16.46.56:674][  0]LogWindows: WindowsPlatformFeatures enabled
[2023.10.08-16.46.56:710][  0]LogInit: Physics initialised using underlying interface: PhysX
[2023.10.08-16.46.56:710][  0]LogInit: Using OS detected language (en-US).
[2023.10.08-16.46.56:710][  0]LogInit: Using OS detected locale (en-US).
[2023.10.08-16.46.56:722][  0]LogTextLocalizationManager: No specific localization for 'en-US' exists, so the 'en' localization will be used.
[2023.10.08-16.46.57:019][  0]LogWindowsTextInputMethodSystem: Display: IME system deactivated.
[2023.10.08-16.46.57:061][  0]LogSlate: New Slate User Created.  User Index 0, Is Virtual User: 0
[2023.10.08-16.46.57:061][  0]LogSlate: Slate User Registered.  User Index 0, Is Virtual User: 0
[2023.10.08-16.46.57:086][  0]LogD3D11RHI: Loaded GFSDK_Aftermath_Lib.x64.dll
[2023.10.08-16.46.57:092][  0]LogHMD: Failed to initialize OpenVR with code 110
[2023.10.08-16.46.57:092][  0]LogD3D11RHI: D3D11 min allowed feature level: 11_0
[2023.10.08-16.46.57:092][  0]LogD3D11RHI: D3D11 max allowed feature level: 11_0
[2023.10.08-16.46.57:092][  0]LogD3D11RHI: D3D11 adapters:
[2023.10.08-16.46.57:174][  0]LogD3D11RHI:    0. 'Radeon RX 580 Series' (Feature Level 11_0)
[2023.10.08-16.46.57:174][  0]LogD3D11RHI:       8170/0/8166 MB DedicatedVideo/DedicatedSystem/SharedSystem, Outputs:2, VendorId:0x1002
[2023.10.08-16.46.57:177][  0]LogD3D11RHI:    1. 'Microsoft Basic Render Driver' (Feature Level 11_0)
[2023.10.08-16.46.57:178][  0]LogD3D11RHI:       0/0/8166 MB DedicatedVideo/DedicatedSystem/SharedSystem, Outputs:0, VendorId:0x1414
[2023.10.08-16.46.57:178][  0]LogD3D11RHI: Chosen D3D11 Adapter:
[2023.10.08-16.46.57:178][  0]LogD3D11RHI:     Description : Radeon RX 580 Series
[2023.10.08-16.46.57:178][  0]LogD3D11RHI:     VendorId    : 1002
[2023.10.08-16.46.57:178][  0]LogD3D11RHI:     DeviceId    : 67df
[2023.10.08-16.46.57:178][  0]LogD3D11RHI:     SubSysId    : c5801682
[2023.10.08-16.46.57:178][  0]LogD3D11RHI:     Revision    : 00e7
[2023.10.08-16.46.57:178][  0]LogD3D11RHI:     DedicatedVideoMemory : 8567902208 bytes
[2023.10.08-16.46.57:178][  0]LogD3D11RHI:     DedicatedSystemMemory : 0 bytes
[2023.10.08-16.46.57:178][  0]LogD3D11RHI:     SharedSystemMemory : 8563161088 bytes
[2023.10.08-16.46.57:178][  0]LogD3D11RHI:     AdapterLuid : 0 59585
[2023.10.08-16.46.57:189][  0]LogD3D11RHI: Creating new Direct3DDevice
[2023.10.08-16.46.57:189][  0]LogD3D11RHI:     GPU DeviceId: 0x67df (for the marketing name, search the web for "GPU Device Id")
[2023.10.08-16.46.57:189][  0]LogWindows: EnumDisplayDevices:
[2023.10.08-16.46.57:189][  0]LogWindows:    0. 'Radeon RX 580 Series' (P:1 D:1)
[2023.10.08-16.46.57:190][  0]LogWindows:    1. 'Radeon RX 580 Series' (P:0 D:1)
[2023.10.08-16.46.57:190][  0]LogWindows:    2. 'Radeon RX 580 Series' (P:0 D:0)
[2023.10.08-16.46.57:190][  0]LogWindows:    3. 'Radeon RX 580 Series' (P:0 D:0)
[2023.10.08-16.46.57:191][  0]LogWindows:    4. 'Radeon RX 580 Series' (P:0 D:0)
[2023.10.08-16.46.57:191][  0]LogWindows:    5. 'Radeon RX 580 Series' (P:0 D:0)
[2023.10.08-16.46.57:192][  0]LogWindows:    6. 'Radeon RX 580 Series' (P:0 D:0)
[2023.10.08-16.46.57:192][  0]LogWindows: DebugString: FoundDriverCount:7 
[2023.10.08-16.46.57:192][  0]LogD3D11RHI:     Adapter Name: Radeon RX 580 Series
[2023.10.08-16.46.57:192][  0]LogD3D11RHI:   Driver Version: AMD Software: Adrenalin Edition 23.9.2 (internal:31.0.21902.5, unified:31.0.21902.5)
[2023.10.08-16.46.57:192][  0]LogD3D11RHI:      Driver Date: 8-31-2023
[2023.10.08-16.46.57:192][  0]LogRHI: Texture pool is 5182 MB (70% of 7402 MB)
[2023.10.08-16.46.57:235][  0]LogD3D11RHI: Creating D3DDevice with AMD AGS, using adapter:
[2023.10.08-16.46.57:235][  0]LogD3D11RHI:     Description : Radeon RX 580 Series
[2023.10.08-16.46.57:235][  0]LogD3D11RHI:     VendorId    : 1002
[2023.10.08-16.46.57:235][  0]LogD3D11RHI:     DeviceId    : 67df
[2023.10.08-16.46.57:235][  0]LogD3D11RHI:     SubSysId    : c5801682
[2023.10.08-16.46.57:235][  0]LogD3D11RHI:     Revision    : 00e7
[2023.10.08-16.46.57:235][  0]LogD3D11RHI:     DedicatedVideoMemory : 8567902208 bytes
[2023.10.08-16.46.57:235][  0]LogD3D11RHI:     DedicatedSystemMemory : 0 bytes
[2023.10.08-16.46.57:235][  0]LogD3D11RHI:     SharedSystemMemory : 8563161088 bytes
[2023.10.08-16.46.57:235][  0]LogD3D11RHI:     AdapterLuid : 0 59585
[2023.10.08-16.46.57:336][  0]LogD3D11RHI: Created device via AGS, feature level 11_0, supported extensions 1fffffbf.
[2023.10.08-16.46.57:337][  0]LogD3D11RHI: RHI has support for 64 bit atomics
[2023.10.08-16.46.57:337][  0]LogD3D11RHI: Async texture creation enabled
[2023.10.08-16.46.57:337][  0]LogD3D11RHI: Array index from any shader is supported
[2023.10.08-16.46.57:352][  0]LogD3D11RHI: GPU Timing Frequency: 25.000000 (Debug: 2 1)
[2023.10.08-16.46.57:840][  0]LogTargetPlatformManager: Display: Loaded TargetPlatform 'WindowsNoEditor'
[2023.10.08-16.46.57:847][  0]LogTargetPlatformManager: Display: Loaded TargetPlatform 'Windows'
[2023.10.08-16.46.57:853][  0]LogTargetPlatformManager: Display: Loaded TargetPlatform 'WindowsClient'
[2023.10.08-16.46.57:861][  0]LogTargetPlatformManager: Display: Loaded TargetPlatform 'WindowsServer'
[2023.10.08-16.46.57:861][  0]LogTargetPlatformManager: Display: Building Assets For Windows
[2023.10.08-16.46.57:873][  0]LogAudioDebug: Display: Lib vorbis DLL was dynamically loaded.
[2023.10.08-16.46.57:925][  0]LogTextureFormatOodle: Display: Oodle Texture 2.9.0 init RDO Off
[2023.10.08-16.46.57:973][  0]LogRendererCore: Ray tracing is disabled. Reason: r.RayTracing=0.
[2023.10.08-16.46.57:973][  0]LogShaderCompilers: Guid format shader working directory is -18 characters bigger than the processId version (../../../../../../Users/Benny/Documents/Unreal Projects/N64/RPG/Intermediate/Shaders/WorkingDirectory/16560/).
[2023.10.08-16.46.57:973][  0]LogShaderCompilers: Cleaned the shader compiler working directory 'C:/Users/Benny/AppData/Local/Temp/UnrealShaderWorkingDir/374C2DC1407DEE63430F2AB5010DCA54/'.
[2023.10.08-16.46.57:973][  0]LogXGEController: Cannot use XGE Controller as Incredibuild is not installed on this machine.
[2023.10.08-16.46.57:973][  0]LogShaderCompilers: Cannot use XGE Shader Compiler as Incredibuild is not installed on this machine.
[2023.10.08-16.46.57:973][  0]LogShaderCompilers: Display: Using Local Shader Compiler.
[2023.10.08-16.46.59:157][  0]LogDerivedDataCache: Display: Max Cache Size: 512 MB
[2023.10.08-16.46.59:247][  0]LogDerivedDataCache: Loaded boot cache 0.09s 95MB C:/Users/Benny/AppData/Local/UnrealEngine/4.27/DerivedDataCache/Boot.ddc.
[2023.10.08-16.46.59:248][  0]LogDerivedDataCache: Display: Loaded Boot cache: C:/Users/Benny/AppData/Local/UnrealEngine/4.27/DerivedDataCache/Boot.ddc
[2023.10.08-16.46.59:248][  0]LogDerivedDataCache: FDerivedDataBackendGraph:  Pak pak cache file ../../../../../../Users/Benny/Documents/Unreal Projects/N64/RPG/DerivedDataCache/DDC.ddp not found, will not use a pak cache.
[2023.10.08-16.46.59:248][  0]LogDerivedDataCache: Unable to find inner node Pak for hierarchical cache Hierarchy.
[2023.10.08-16.46.59:248][  0]LogDerivedDataCache: FDerivedDataBackendGraph:  CompressedPak pak cache file ../../../../../../Users/Benny/Documents/Unreal Projects/N64/RPG/DerivedDataCache/Compressed.ddp not found, will not use a pak cache.
[2023.10.08-16.46.59:248][  0]LogDerivedDataCache: Unable to find inner node CompressedPak for hierarchical cache Hierarchy.
[2023.10.08-16.46.59:275][  0]LogDerivedDataCache: Display: Pak cache opened for reading ../../../Engine/DerivedDataCache/Compressed.ddp.
[2023.10.08-16.46.59:275][  0]LogDerivedDataCache: FDerivedDataBackendGraph:  EnterprisePak pak cache file ../../../Enterprise/DerivedDataCache/Compressed.ddp not found, will not use a pak cache.
[2023.10.08-16.46.59:275][  0]LogDerivedDataCache: Unable to find inner node EnterprisePak for hierarchical cache Hierarchy.
[2023.10.08-16.46.59:293][  0]LogDerivedDataCache: Speed tests for C:/Users/Benny/AppData/Local/UnrealEngine/Common/DerivedDataCache took 0.02 seconds
[2023.10.08-16.46.59:293][  0]LogDerivedDataCache: Display: Performance to C:/Users/Benny/AppData/Local/UnrealEngine/Common/DerivedDataCache: Latency=0.09ms. RandomReadSpeed=638.92MBs, RandomWriteSpeed=59.84MBs. Assigned SpeedClass 'Local'
[2023.10.08-16.46.59:294][  0]LogDerivedDataCache: Using Local data cache path C:/Users/Benny/AppData/Local/UnrealEngine/Common/DerivedDataCache: Writable
[2023.10.08-16.46.59:294][  0]LogDerivedDataCache: Shared data cache path not found in *engine.ini, will not use an Shared cache.
[2023.10.08-16.46.59:294][  0]LogDerivedDataCache: Unable to find inner node Shared for hierarchical cache Hierarchy.
[2023.10.08-16.46.59:346][  0]LogSlate: Using FreeType 2.10.0
[2023.10.08-16.46.59:347][  0]LogSlate: SlateFontServices - WITH_FREETYPE: 1, WITH_HARFBUZZ: 1
[2023.10.08-16.46.59:470][  0]LogInit: Using OS detected language (en-US).
[2023.10.08-16.46.59:470][  0]LogInit: Using OS detected locale (en-US).
[2023.10.08-16.46.59:470][  0]LogTextLocalizationManager: No localization for 'en-US' exists, so 'en' will be used for the language.
[2023.10.08-16.46.59:471][  0]LogTextLocalizationManager: No localization for 'en-US' exists, so 'en' will be used for the locale.
[2023.10.08-16.46.59:471][  0]LogSlate: FontCache flush requested. Reason: Culture for localization was changed
[2023.10.08-16.46.59:471][  0]LogSlate: FontCache flush requested. Reason: Culture for localization was changed
[2023.10.08-16.46.59:476][  0]LogTextLocalizationManager: Compacting localization data took   0.01ms
[2023.10.08-16.46.59:476][  0]LogAssetRegistry: FAssetRegistry took 0.0028 seconds to start up
[2023.10.08-16.46.59:748][  0]LogPackageLocalizationCache: Processed 28 localized package path(s) for 1 prioritized culture(s) in 0.002416 seconds
[2023.10.08-16.46.59:869][  0]LogInit: Selected Device Profile: [Windows]
[2023.10.08-16.46.59:869][  0]LogInit: Active device profile: [0000029C2C260700][0000029C25A442C0 49] Windows
[2023.10.08-16.46.59:869][  0]LogInit: Profiles: [0000029C2C260700][0000029C25A442C0 49] Windows, [0000029C2C227700][0000029C2606C440 49] WindowsNoEditor, [0000029C2C263300][0000029C260705C0 49] WindowsServer, [0000029C2C224F00][0000029C26074740 49] WindowsClient, [0000029C2C263500][0000029C260788C0 49] IOS, [0000029C2C213F00][0000029C2607CA40 49] iPadAir, [0000029C2C227B00][0000029C2B37CBC0 49] iPadAir2, [0000029C2C1C8500][0000029C2B384E80 49] IPadPro, [0000029C2C1C8600][0000029C2B380EC0 49] iPadAir3, [0000029C2C210100][0000029C2B389040 49] iPadAir4, [0000029C2C1CAC00][0000029C2B38D1C0 49] iPadMini2, [0000029C2C212500][0000029C2B391340 49] iPadMini3, [0000029C2C1CB400][0000029C2B3954C0 49] iPadMini4, [0000029C2C210F00][0000029C2B399640 49] iPadMini5, [0000029C2C1C3E00][0000029C2B3A1900 49] iPhone6, [0000029C2C1C3F00][0000029C2B39D940 49] iPodTouch6, [0000029C2C263900][0000029C25A41BC0 49] iPhone7, [0000029C2C262100][0000029C2B3A5C00 49] iPodTouch7, [0000029C2C1C0400][0000029C2B3A81C0 49] iPhone5S, [0000029C2C1CBD00][0000029C2B3AC300 49] iPhone6Plus, [0000029C2C263400][0000029C2B3B4480 49] iPhone6S, [0000029C2C1CA000][0000029C2B3B8600 49] iPhone6SPlus, [0000029C2C260900][0000029C2B3BC780 49] iPhone7Plus, [0000029C2C1C8E00][0000029C2B3C0900 49] iPhoneSE, [0000029C2C260200][0000029C2B3C4A80 49] iPhone8, [0000029C2C1CA400][0000029C2B3C8C00 49] iPhone8Plus, [0000029C2C261E00][0000029C2B3CCD80 49] iPhoneX, [0000029C2C1CBE00][0000029C2B3D0F00 49] iPhoneXS, [0000029C2C261600][0000029C2B3D5080 49] iPhoneXSMax, [0000029C2C1CA500][0000029C2B3D9200 49] iPhoneXR, [0000029C2C262A00][0000029C2B3DD380 49] iPhone11, [0000029C2C1CBA00][0000029C2B3E1500 49] iPhone11Pro, [0000029C2C260F00][0000029C2B3E5680 49] iPhone11ProMax, [0000029C2C1CA300][0000029C2B3E9800 49] iPhoneSE2, [0000029C2C262700][0000029C2B3ED980 49] iPhone12Mini, [0000029C2C1C8700][0000029C2B3F1B00 49] iPhone12, [0000029C2C263100][0000029C2B3F4100 49] iPhone12Pro, [0000029C2C1CB500][0000029C2B3B0240 49] iPhone12ProMax, [0000029C2C260800][0000029C2B3F8380 49] iPadPro105, [0000029C2C1C9C00][0000029C2B3FC4C0 49] iPadPro129, [0000029C2C260300][0000029C2B404640 49] iPadPro97, [0000029C2C1C9D00][0000029C2B4087C0 49] iPadPro2_129, [0000029C2C260C00][0000029C2B40C940 49] iPad5, [0000029C2C1CB000][0000029C2B410AC0 49] iPad6, [0000029C2C262C00][0000029C2B414C40 49] iPad7, [0000029C2C1CAE00][0000029C2B418DC0 49] iPad8, [0000029C2C263E00][0000029C2B41CF40 49] iPadPro11, [0000029C2C1C9900][0000029C2B4210C0 49] iPadPro2_11, [0000029C2C261800][0000029C2B425240 49] iPadPro3_129, [0000029C2C1C8C00][0000029C2B4293C0 49] iPadPro4_129, [0000029C2C262400][0000029C2B42D540 49] AppleTV, [0000029C2C1CB700][0000029C2B4316C0 49] AppleTV4K, [0000029C2C261B00][0000029C2B435840 49] TVOS, [0000029C2C1C9000][0000029C2B4399C0 49] Mac, [0000029C2C261F00][0000029C2B43DB40 49] MacClient, [0000029C2C1CAB00][0000029C2B440140 49] MacNoEditor, [0000029C2C260D00][0000029C2B4442C0 49] MacServer, [0000029C2C1CB300][0000029C2B400400 49] Linux, [0000029C2C260B00][0000029C2B448540 49] LinuxAArch64, [0000029C2C1CA100][0000029C2B44C680 49] LinuxNoEditor, [0000029C2C261700][0000029C2B4507C0 49] LinuxAArch64NoEditor, [0000029C2C1C9A00][0000029C2B458940 49] LinuxClient, [0000029C2C261000][0000029C2B45CAC0 49] LinuxAArch64Client, [0000029C2C1C9400][0000029C2B460C40 49] LinuxServer, [0000029C2C263000][0000029C2B464DC0 49] LinuxAArch64Server, [0000029C2C1C9600][0000029C2B468F40 49] Android, [0000029C2C213900][0000029C2B46D0C0 49] Android_Low, [0000029C2C1C1B00][0000029C2B471240 49] Android_Mid, [0000029C2C213000][0000029C2B4753C0 49] Android_High, [0000029C2C1C3900][0000029C2B479540 49] Android_Default, [0000029C2C212000][0000029C2B47D6C0 49] Android_Adreno4xx, [0000029C2C1C3B00][0000029C2B481840 49] Android_Adreno5xx_Low, [0000029C2C210B00][0000029C2B4859C0 49] Android_Adreno5xx, [0000029C2C1C1800][0000029C2B489B40 49] Android_Adreno6xx, [0000029C2C211100][0000029C2B48C140 49] Android_Adreno6xx_Vulkan, [0000029C2C1C0800][0000029C2B4902C0 49] Android_Mali_T6xx, [0000029C2C213600][0000029C2B494440 49] Android_Mali_T7xx, [0000029C2C1C0D00][0000029C2B454580 49] Android_Mali_T8xx, [0000029C2C213C00][0000029C2B4986C0 49] Android_Mali_G71, [0000029C2C1C0900][0000029C2B49C800 49] Android_Mali_G72, [0000029C2C213E00][0000029C2B4A0940 49] Android_Mali_G72_Vulkan, [0000029C2C1C1900][0000029C2B4A8AC0 49] Android_Mali_G76, [0000029C2C213A00][0000029C2B4ACC40 49] Android_Mali_G76_Vulkan, [0000029C2C1C3600][0000029C2B4B0DC0 49] Android_Mali_G77, [0000029C2C212200][0000029C2B4B4F40 49] Android_Mali_G77_Vulkan, [0000029C2C1C1200][0000029C2B4B90C0 49] Android_Mali_G78, [0000029C2C210A00][0000029C2B4BD240 49] Android_Mali_G78_Vulkan, [0000029C2C1C3000][0000029C2B4C13C0 49] Android_Mali_G710, [0000029C2C211400][0000029C2B4C5540 49] Android_Mali_G710_Vulkan, [0000029C2C1C0600][0000029C2B4C96C0 49] Android_Vulkan_SM5, [0000029C2C211800][0000029C2B4CD840 49] Android_PowerVR_G6xxx, [0000029C2C1C0E00][0000029C1155D9C0 49] Android_PowerVR_GT7xxx, [0000029C2C210200][0000029C11561B40 49] Android_PowerVR_GE8xxx, [0000029C2C1C0100][0000029C11564140 49] Android_PowerVR_GM9xxx, [0000029C2C212600][0000029C115682C0 49] Android_PowerVR_GM9xxx_Vulkan, [0000029C2C1CB800][0000029C1156C440 49] Android_TegraK1, [0000029C2C212A00][0000029C115705C0 49] Android_Unknown_Vulkan, [0000029C2C1C8F00][0000029C11574740 49] Lumin, [0000029C2C211200][0000029C2B4A4880 49] Lumin_Desktop, [0000029C2C1C8400][0000029C115789C0 49] HoloLens, 
[2023.10.08-16.46.59:936][  0]LogMeshReduction: Using QuadricMeshReduction for automatic static mesh reduction
[2023.10.08-16.46.59:936][  0]LogMeshReduction: Using SimplygonMeshReduction for automatic skeletal mesh reduction
[2023.10.08-16.46.59:936][  0]LogMeshReduction: Using ProxyLODMeshReduction for automatic mesh merging
[2023.10.08-16.46.59:936][  0]LogMeshReduction: No distributed automatic mesh merging module available
[2023.10.08-16.46.59:936][  0]LogMeshMerging: No distributed automatic mesh merging module available
[2023.10.08-16.47.00:090][  0]LogNetVersion: RPG 1.0.0, NetCL: 17155196, EngineNetVer: 17, GameNetVer: 0 (Checksum: 2978941836)
[2023.10.08-16.47.00:475][  0]LogTexture: Default maximum texture size for cubemaps generated from long-lat sources has been changed from 512 to unlimited. In order to preserve old behaiour for '/Engine/MapTemplates/Sky/DaylightAmbientCubemap.DaylightAmbientCubemap', its maximum texture size has been explicitly set to 512.
[2023.10.08-16.47.00:552][  0]LogHMD: PokeAHoleMaterial loaded successfully
[2023.10.08-16.47.00:716][  0]LogMoviePlayer: Initializing movie player
[2023.10.08-16.47.00:856][  0]LogNiagaraDebuggerClient: Niagara Debugger Client Initialized | Session: 018EABF6440A71EF0C944596F8C031DD | Instance: 561B0E7F48F2EDEBC1A4E7B41F68FC2C (DESKTOP-C13FAE9-16560).
[2023.10.08-16.47.00:886][  0]LogCollectionManager: Loaded 0 collections in 0.002482 seconds
[2023.10.08-16.47.00:891][  0]LogFileCache: Scanning file cache for directory 'C:/Users/Benny/Documents/Unreal Projects/N64/RPG/Saved/Collections/' took 0.00s
[2023.10.08-16.47.00:891][  0]LogFileCache: Scanning file cache for directory 'C:/Users/Benny/Documents/Unreal Projects/N64/RPG/Content/Developers/Benny/Collections/' took 0.00s
[2023.10.08-16.47.00:891][  0]LogFileCache: Scanning file cache for directory 'C:/Users/Benny/Documents/Unreal Projects/N64/RPG/Content/Collections/' took 0.00s
[2023.10.08-16.47.00:891][  0]LogCollectionManager: Fixed up redirectors for 0 collections in 0.000002 seconds (updated 0 objects)
[2023.10.08-16.47.00:919][  0]LogPython: Using Python 3.7.7
[2023.10.08-16.47.01:778][  0]LogTcpMessaging: Initializing TcpMessaging bridge
[2023.10.08-16.47.01:789][  0]LogUdpMessaging: Initializing bridge on interface 0.0.0.0:0 to multicast group 230.0.0.1:6666.
[2023.10.08-16.47.01:933][  0]SourceControl: Source control is disabled
[2023.10.08-16.47.01:933][  0]SourceControl: Source control is disabled
[2023.10.08-16.47.01:938][  0]SourceControl: Source control is disabled
[2023.10.08-16.47.01:951][  0]LogUProjectInfo: Found projects:
[2023.10.08-16.47.01:952][  0]LogVSAccessor: Display: Unable to create Visual Studio setup instance: 80040154
[2023.10.08-16.47.01:956][  0]LogVSAccessor: Display: Unable to create Visual Studio setup instance: 80040154
[2023.10.08-16.47.01:956][  0]LogVSAccessor: Display: Unable to create Visual Studio setup instance: 80040154
[2023.10.08-16.47.02:043][  0]LogOpenImageDenoise: OIDN starting up
[2023.10.08-16.47.02:121][  0]LogAndroidPermission: UAndroidPermissionCallbackProxy::GetInstance
[2023.10.08-16.47.02:152][  0]LogAudioCaptureCore: Display: No Audio Capture implementations found. Audio input will be silent.
[2023.10.08-16.47.02:152][  0]LogAudioCaptureCore: Display: No Audio Capture implementations found. Audio input will be silent.
[2023.10.08-16.47.02:257][  0]LogOcInput: OculusInput pre-init called
[2023.10.08-16.47.02:269][  0]LogUObjectArray: 22725 objects as part of root set at end of initial load.
[2023.10.08-16.47.02:269][  0]LogUObjectAllocator: 6150096 out of 0 bytes used by permanent object pool.
[2023.10.08-16.47.02:269][  0]LogUObjectArray: CloseDisregardForGC: 0/0 objects in disregard for GC pool
[2023.10.08-16.47.02:335][  0]LogEngine: Initializing Engine...
[2023.10.08-16.47.02:340][  0]LogHMD: Failed to enumerate extensions. Please check that you have a valid OpenXR runtime installed.
[2023.10.08-16.47.02:340][  0]LogHMD: Failed to initialize OpenVR with code 110
[2023.10.08-16.47.02:340][  0]LogMagicLeap: Warning: VR disabled because ZI is not enabled.  To enable, in the editor, Edit -> Project Settings -> Plugins -> Magic Leap Plugin -> Enable Zero Iteration
[2023.10.08-16.47.02:342][  0]LogStats: UGameplayTagsManager::InitializeManager -  0.000 s
[2023.10.08-16.47.02:488][  0]LogInit: Initializing FReadOnlyCVARCache
[2023.10.08-16.47.02:488][  0]LogAudio: Display: Initializing Audio Device Manager...
[2023.10.08-16.47.02:495][  0]LogAudio: Display: Loading Default Audio Settings Objects...
[2023.10.08-16.47.02:496][  0]LogAudio: Display: No default SoundConcurrencyObject specified (or failed to load).
[2023.10.08-16.47.02:497][  0]LogAudio: Display: Audio Device Manager Initialized
[2023.10.08-16.47.02:497][  0]LogAudio: Display: Creating Audio Device:                 Id: 1, Scope: Shared, Realtime: True
[2023.10.08-16.47.02:497][  0]LogAudioMixer: Display: Audio Mixer Platform Settings:
[2023.10.08-16.47.02:497][  0]LogAudioMixer: Display: 	Sample Rate:						  48000
[2023.10.08-16.47.02:497][  0]LogAudioMixer: Display: 	Callback Buffer Frame Size Requested: 1024
[2023.10.08-16.47.02:497][  0]LogAudioMixer: Display: 	Callback Buffer Frame Size To Use:	  1024
[2023.10.08-16.47.02:497][  0]LogAudioMixer: Display: 	Number of buffers to queue:			  2
[2023.10.08-16.47.02:497][  0]LogAudioMixer: Display: 	Max Channels (voices):				  32
[2023.10.08-16.47.02:497][  0]LogAudioMixer: Display: 	Number of Async Source Workers:		  0
[2023.10.08-16.47.02:497][  0]LogAudio: Display: AudioDevice MaxSources: 32
[2023.10.08-16.47.02:498][  0]LogAudio: Display: Audio Spatialization Plugin: None (built-in).
[2023.10.08-16.47.02:498][  0]LogAudio: Display: Audio Reverb Plugin: None (built-in).
[2023.10.08-16.47.02:498][  0]LogAudio: Display: Audio Occlusion Plugin: None (built-in).
[2023.10.08-16.47.02:498][  0]LogAudioMixer: Display: Initializing audio mixer.
[2023.10.08-16.47.02:529][  0]LogAudioMixer: Display: 0: FrontLeft
[2023.10.08-16.47.02:529][  0]LogAudioMixer: Display: 1: FrontRight
[2023.10.08-16.47.02:552][  0]LogAudioMixer: Display: Using Audio Device Speakers (Mpow HC)
[2023.10.08-16.47.02:561][  0]LogAudioMixer: Display: Initializing Sound Submixes...
[2023.10.08-16.47.02:564][  0]LogAudioMixer: Display: Creating Master Submix 'MasterSubmixDefault'
[2023.10.08-16.47.02:564][  0]LogAudioMixer: Display: Creating Master Submix 'MasterReverbSubmixDefault'
[2023.10.08-16.47.02:566][  0]LogAudioMixer: Display: Creating Master Submix 'MasterEQSubmixDefault'
[2023.10.08-16.47.02:566][  0]LogAudioMixer: FMixerPlatformXAudio2::StartAudioStream() called
[2023.10.08-16.47.02:566][  0]LogAudioMixer: Display: Output buffers initialized: Frames=1024, Channels=2, Samples=2048
[2023.10.08-16.47.02:568][  0]LogAudioMixer: Display: Starting AudioMixerPlatformInterface::RunInternal()
[2023.10.08-16.47.02:568][  0]LogAudioMixer: Display: FMixerPlatformXAudio2::SubmitBuffer() called for the first time
[2023.10.08-16.47.02:568][  0]LogInit: FAudioDevice initialized.
[2023.10.08-16.47.02:572][  0]LogNetVersion: Set ProjectVersion to 1.0.0.0. Version Checksum will be recalculated on next use.
[2023.10.08-16.47.02:573][  0]LogInit: Texture streaming: Enabled
[2023.10.08-16.47.02:686][  0]LogAudio: Display: Audio Device (ID: 1) registered with world 'Untitled'.
[2023.10.08-16.47.02:686][  0]LogSlate: Updating window title bar state: overlay mode, drag disabled, window buttons hidden, title bar hidden
[2023.10.08-16.47.02:689][  0]LogInit: Display: Game Engine Initialized.
[2023.10.08-16.47.02:689][  0]LogNiagaraEditor: GEditor isn't valid! Particle reset commands will not work for Niagara components!
[2023.10.08-16.47.02:894][  0]LogInit: Display: Starting Game.
[2023.10.08-16.47.02:895][  0]LogNet: Browse: /Game/Levels/Dev/Dev?Name=Player
[2023.10.08-16.47.02:895][  0]LogLoad: LoadMap: /Game/Levels/Dev/Dev?Name=Player
[2023.10.08-16.47.02:895][  0]LogWorld: BeginTearingDown for /Temp/Untitled_0
[2023.10.08-16.47.02:896][  0]LogWorld: UWorld::CleanupWorld for Untitled, bSessionEnded=true, bCleanupResources=true
[2023.10.08-16.47.02:897][  0]LogSlate: InvalidateAllWidgets triggered.  All widgets were invalidated
[2023.10.08-16.47.02:907][  0]LogAudio: Display: Audio Device unregistered from world 'None'.
[2023.10.08-16.47.02:910][  0]LogUObjectHash: Compacting FUObjectHashTables data took   1.03ms
[2023.10.08-16.47.03:642][  0]LogAudio: Display: Audio Device (ID: 1) registered with world 'Dev'.
[2023.10.08-16.47.03:653][  0]LogAIModule: Creating AISystem for world Dev
[2023.10.08-16.47.04:303][  0]LogLoad: Game class is 'MainGamemode_C'
[2023.10.08-16.47.04:340][  0]LogWorld: Bringing World /Game/Levels/Dev/Dev.Dev up for play (max tick rate 0) at 2023.10.08-10.47.04
[2023.10.08-16.47.04:340][  0]LogWorld: Bringing up level for play took: 0.033796
[2023.10.08-16.47.04:359][  0]LogLoad: Took 1.464585 seconds to LoadMap(/Game/Levels/Dev/Dev)
[2023.10.08-16.47.04:459][  0]LogSlate: Took 0.000373 seconds to synchronously load lazily loaded font '../../../Engine/Content/Slate/Fonts/Roboto-Regular.ttf' (155K)
[2023.10.08-16.47.04:508][  0]LogRenderer: Reallocating scene render targets to support 1912x1008 Format 10 NumSamples 1 (Frame:1).
[2023.10.08-16.47.04:508][  0]LogStaticMesh: Allocated 512x178x64 distance field atlas = 11.1Mb, with 43 objects containing 6.7Mb backing data
[2023.10.08-16.47.04:508][  0]LogInit: Display: Engine is initialized. Leaving FEngineLoop::Init()
[2023.10.08-16.47.04:508][  0]LogLoad: (Engine Initialization) Total time: 11.01 seconds
[2023.10.08-16.47.04:508][  0]LogLoad: (Engine Initialization) Total Blueprint compile time: 0.00 seconds
[2023.10.08-16.47.04:549][  0]LogContentStreaming: Texture pool size now 1000 MB
[2023.10.08-16.47.04:553][  0]LogSlate: InvalidateAllWidgets triggered.  All widgets were invalidated
[2023.10.08-16.47.04:677][  0]LogRenderer: Reallocating scene render targets to support 128x128 Format 10 NumSamples 1 (Frame:1).
[2023.10.08-16.47.04:743][  0]LogRenderer: Reallocating scene render targets to support 1912x1008 Format 10 NumSamples 1 (Frame:2).
[2023.10.08-16.47.04:802][  1]LogSlate: Took 0.000273 seconds to synchronously load lazily loaded font '../../../Engine/Content/Slate/Fonts/Roboto-Regular.ttf' (155K)
[2023.10.08-16.47.33:911][635]LogRenderer: Reallocating scene render targets to support 1920x1020 Format 10 NumSamples 1 (Frame:1637).
[2023.10.08-16.48.42:630][705]LogWindowsDesktop: Alt-F4 pressed!
[2023.10.08-16.48.42:657][705]LogSlate: Window 'RPG (64-bit Development PCD3D_SM5) ' being destroyed
[2023.10.08-16.48.42:657][705]LogWindowsTextInputMethodSystem: Display: IME system deactivated.
[2023.10.08-16.48.42:679][705]LogSlate: Updating window title bar state: overlay mode, drag disabled, window buttons hidden, title bar hidden
[2023.10.08-16.48.42:680][705]LogEngine: All Windows Closed
[2023.10.08-16.48.42:680][705]LogWindows: FPlatformMisc::RequestExit(0)
[2023.10.08-16.48.42:680][705]LogWindows: FPlatformMisc::RequestExitWithStatus(0, 0)
[2023.10.08-16.48.42:680][705]LogCore: Engine exit requested (reason: Win RequestExit)
[2023.10.08-16.48.42:682][706]LogCore: Engine exit requested (reason: EngineExit() was called; note: exit was already requested)
[2023.10.08-16.48.42:682][706]LogInit: Display: PreExit Game.
[2023.10.08-16.48.42:683][706]LogWorld: BeginTearingDown for /Game/Levels/Dev/Dev
[2023.10.08-16.48.42:683][706]LogWorld: UWorld::CleanupWorld for Dev, bSessionEnded=true, bCleanupResources=true
[2023.10.08-16.48.42:690][706]LogSlate: InvalidateAllWidgets triggered.  All widgets were invalidated
[2023.10.08-16.48.43:383][706]LogAudio: Display: Beginning Audio Device Manager Shutdown (Module: AudioMixerXAudio2)...
[2023.10.08-16.48.43:383][706]LogAudio: Display: Destroying 1 Remaining Audio Device(s)...
[2023.10.08-16.48.43:383][706]LogAudio: Display: Audio Device unregistered from world 'Dev'.
[2023.10.08-16.48.43:385][706]LogAudioMixer: FMixerPlatformXAudio2::StopAudioStream() called
[2023.10.08-16.48.43:387][706]LogAudioMixer: FMixerPlatformXAudio2::StopAudioStream() called
[2023.10.08-16.48.43:394][706]LogAudio: Display: Audio Device Manager Shutdown
[2023.10.08-16.48.43:397][706]LogExit: Preparing to exit.
[2023.10.08-16.48.43:846][706]LogSlate: Updating window title bar state: overlay mode, drag disabled, window buttons hidden, title bar hidden
[2023.10.08-16.48.43:858][706]LogUObjectHash: Compacting FUObjectHashTables data took   1.57ms
[2023.10.08-16.48.43:893][706]LogMoviePlayer: Shutting down movie player
[2023.10.08-16.48.44:095][706]LogDemo: Cleaned up 0 splitscreen connections with owner deletion
[2023.10.08-16.48.44:106][706]LogExit: Game engine shut down
[2023.10.08-16.48.44:182][706]LogExit: Object subsystem successfully closed.
[2023.10.08-16.48.44:196][706]LogShaderCompilers: Display: === FShaderJobCache stats ===
[2023.10.08-16.48.44:196][706]LogShaderCompilers: Display: Total job queries 0, among them cache hits 0 (0.00%)
[2023.10.08-16.48.44:196][706]LogShaderCompilers: Display: Tracking 0 distinct input hashes that result in 0 distinct outputs (0.00%)
[2023.10.08-16.48.44:196][706]LogShaderCompilers: Display: RAM used: 0.00 MB (0.00 GB) of 819.20 MB (0.80 GB) budget. Usage: 0.00%
[2023.10.08-16.48.44:196][706]LogShaderCompilers: Display: ================================================
[2023.10.08-16.48.44:212][706]LogShaderCompilers: Display: Shaders left to compile 0
[2023.10.08-16.48.44:268][706]LogModuleManager: Shutting down and abandoning module SequenceRecorderSections (562)
[2023.10.08-16.48.44:268][706]LogModuleManager: Shutting down and abandoning module SequenceRecorder (560)
[2023.10.08-16.48.44:268][706]LogModuleManager: Shutting down and abandoning module AutomationController (558)
[2023.10.08-16.48.44:269][706]LogModuleManager: Shutting down and abandoning module AutomationWorker (556)
[2023.10.08-16.48.44:269][706]LogModuleManager: Shutting down and abandoning module Voice (554)
[2023.10.08-16.48.44:269][706]LogModuleManager: Shutting down and abandoning module AnimGraph (552)
[2023.10.08-16.48.44:269][706]LogModuleManager: Shutting down and abandoning module AIModule (550)
[2023.10.08-16.48.44:269][706]LogModuleManager: Shutting down and abandoning module GameplayDebugger (549)
[2023.10.08-16.48.44:269][706]LogModuleManager: Shutting down and abandoning module AITestSuite (547)
[2023.10.08-16.48.44:269][706]LogModuleManager: Shutting down and abandoning module NavigationSystem (545)
[2023.10.08-16.48.44:269][706]LogModuleManager: Shutting down and abandoning module SteamVREditor (542)
[2023.10.08-16.48.44:269][706]LogModuleManager: Shutting down and abandoning module ToolMenus (541)
[2023.10.08-16.48.44:269][706]LogModuleManager: Shutting down and abandoning module OculusMR (538)
[2023.10.08-16.48.44:269][706]LogModuleManager: Shutting down and abandoning module TakeRecorderSources (536)
[2023.10.08-16.48.44:269][706]LogModuleManager: Shutting down and abandoning module TakeRecorder (535)
[2023.10.08-16.48.44:269][706]LogModuleManager: Shutting down and abandoning module TakeTrackRecorders (532)
[2023.10.08-16.48.44:269][706]LogModuleManager: Shutting down and abandoning module TakesCore (530)
[2023.10.08-16.48.44:269][706]LogModuleManager: Shutting down and abandoning module OpenXRInput (528)
[2023.10.08-16.48.44:269][706]LogModuleManager: Shutting down and abandoning module OpenExrWrapper (526)
[2023.10.08-16.48.44:269][706]LogModuleManager: Shutting down and abandoning module ImgMediaFactory (524)
[2023.10.08-16.48.44:269][706]LogModuleManager: Shutting down and abandoning module WmfMediaFactory (522)
[2023.10.08-16.48.44:269][706]LogModuleManager: Shutting down and abandoning module WebMMediaFactory (520)
[2023.10.08-16.48.44:269][706]LogModuleManager: Shutting down and abandoning module WebMMedia (518)
[2023.10.08-16.48.44:269][706]LogModuleManager: Shutting down and abandoning module AvfMediaFactory (516)
[2023.10.08-16.48.44:269][706]LogModuleManager: Shutting down and abandoning module MagicLeapMediaCodecFactory (514)
[2023.10.08-16.48.44:269][706]LogModuleManager: Shutting down and abandoning module MagicLeapMediaFactory (512)
[2023.10.08-16.48.44:269][706]LogModuleManager: Shutting down and abandoning module PlanarCut (510)
[2023.10.08-16.48.44:269][706]LogModuleManager: Shutting down and abandoning module CharacterAI (508)
[2023.10.08-16.48.44:269][706]LogModuleManager: Shutting down and abandoning module SessionServices (506)
[2023.10.08-16.48.44:269][706]LogModuleManager: Shutting down and abandoning module MovieSceneCapture (504)
[2023.10.08-16.48.44:269][706]LogModuleManager: Shutting down and abandoning module LiveCoding (502)
[2023.10.08-16.48.44:270][706]LogModuleManager: Shutting down and abandoning module LevelSequence (500)
[2023.10.08-16.48.44:270][706]LogModuleManager: Shutting down and abandoning module MovieSceneTracks (498)
[2023.10.08-16.48.44:270][706]LogModuleManager: Shutting down and abandoning module MovieScene (496)
[2023.10.08-16.48.44:270][706]LogModuleManager: Shutting down and abandoning module StreamingPauseRendering (494)
[2023.10.08-16.48.44:270][706]LogModuleManager: Shutting down and abandoning module PortalServices (492)
[2023.10.08-16.48.44:270][706]LogModuleManager: Shutting down and abandoning module PortalRpc (490)
[2023.10.08-16.48.44:270][706]LogModuleManager: Shutting down and abandoning module MessagingRpc (488)
[2023.10.08-16.48.44:270][706]LogModuleManager: Shutting down and abandoning module AudioMixerXAudio2 (486)
[2023.10.08-16.48.44:270][706]LogModuleManager: Shutting down and abandoning module AudioMixerCore (485)
[2023.10.08-16.48.44:270][706]LogModuleManager: Shutting down and abandoning module ImageWriteQueue (482)
[2023.10.08-16.48.44:270][706]LogModuleManager: Shutting down and abandoning module ProfilerService (480)
[2023.10.08-16.48.44:394][706]LogModuleManager: Shutting down and abandoning module TaskGraph (478)
[2023.10.08-16.48.44:395][706]LogModuleManager: Shutting down and abandoning module OculusInput (476)
[2023.10.08-16.48.44:395][706]LogModuleManager: Shutting down and abandoning module TakeMovieScene (474)
[2023.10.08-16.48.44:395][706]LogModuleManager: Shutting down and abandoning module Synthesis (472)
[2023.10.08-16.48.44:395][706]LogModuleManager: Shutting down and abandoning module ProceduralMeshComponent (470)
[2023.10.08-16.48.44:395][706]LogModuleManager: Shutting down and abandoning module MobilePatchingUtils (468)
[2023.10.08-16.48.44:395][706]LogModuleManager: Shutting down and abandoning module GooglePAD (466)
[2023.10.08-16.48.44:395][706]LogModuleManager: Shutting down and abandoning module EditableMesh (464)
[2023.10.08-16.48.44:395][706]LogModuleManager: Shutting down and abandoning module CustomMeshComponent (462)
[2023.10.08-16.48.44:395][706]LogModuleManager: Shutting down and abandoning module CableComponent (460)
[2023.10.08-16.48.44:395][706]LogModuleManager: Shutting down and abandoning module AudioCapture (458)
[2023.10.08-16.48.44:395][706]LogModuleManager: Shutting down and abandoning module AudioCaptureRtAudio (457)
[2023.10.08-16.48.44:395][706]LogModuleManager: Shutting down and abandoning module AssetTags (454)
[2023.10.08-16.48.44:395][706]LogModuleManager: Shutting down and abandoning module ArchVisCharacter (452)
[2023.10.08-16.48.44:395][706]LogModuleManager: Shutting down and abandoning module AppleImageUtilsBlueprintSupport (450)
[2023.10.08-16.48.44:395][706]LogModuleManager: Shutting down and abandoning module AppleImageUtils (448)
[2023.10.08-16.48.44:395][706]LogModuleManager: Shutting down and abandoning module AndroidPermission (446)
[2023.10.08-16.48.44:395][706]LogModuleManager: Shutting down and abandoning module ActorLayerUtilities (444)
[2023.10.08-16.48.44:395][706]LogModuleManager: Shutting down and abandoning module TemplateSequence (442)
[2023.10.08-16.48.44:395][706]LogModuleManager: Shutting down and abandoning module ImgMedia (440)
[2023.10.08-16.48.44:395][706]LogModuleManager: Shutting down and abandoning module MediaCompositing (438)
[2023.10.08-16.48.44:395][706]LogModuleManager: Shutting down and abandoning module MagicLeapSharedWorld (436)
[2023.10.08-16.48.44:395][706]LogModuleManager: Shutting down and abandoning module MagicLeapLightEstimation (434)
[2023.10.08-16.48.44:395][706]LogModuleManager: Shutting down and abandoning module MagicLeapHelperVulkan (432)
[2023.10.08-16.48.44:395][706]LogModuleManager: Shutting down and abandoning module MagicLeapHelperOpenGL (430)
[2023.10.08-16.48.44:395][706]LogModuleManager: Shutting down and abandoning module MagicLeapAudio (428)
[2023.10.08-16.48.44:395][706]LogModuleManager: Shutting down and abandoning module GeometryCacheTracks (426)
[2023.10.08-16.48.44:395][706]LogModuleManager: Shutting down and abandoning module GeometryCacheSequencer (425)
[2023.10.08-16.48.44:395][706]LogModuleManager: Shutting down and abandoning module GeometryCache (422)
[2023.10.08-16.48.44:395][706]LogModuleManager: Shutting down and abandoning module GeometryCacheEd (421)
[2023.10.08-16.48.44:395][706]LogModuleManager: Shutting down and abandoning module OpenImageDenoise (418)
[2023.10.08-16.48.44:395][706]LogOpenImageDenoise: OIDN shutting down
[2023.10.08-16.48.44:395][706]LogModuleManager: Shutting down and abandoning module MotoSynth (416)
[2023.10.08-16.48.44:395][706]LogModuleManager: Shutting down and abandoning module MeshConversion (414)
[2023.10.08-16.48.44:395][706]LogModuleManager: Shutting down and abandoning module DynamicMesh (412)
[2023.10.08-16.48.44:395][706]LogModuleManager: Shutting down and abandoning module GeometryAlgorithms (410)
[2023.10.08-16.48.44:395][706]LogModuleManager: Shutting down and abandoning module GeometricObjects (408)
[2023.10.08-16.48.44:395][706]LogModuleManager: Shutting down and abandoning module GeometryCollectionTracks (406)
[2023.10.08-16.48.44:395][706]LogModuleManager: Shutting down and abandoning module GeometryCollectionSequencer (405)
[2023.10.08-16.48.44:395][706]LogModuleManager: Shutting down and abandoning module ChaosNiagara (402)
[2023.10.08-16.48.44:395][706]LogModuleManager: Shutting down and abandoning module FieldSystemEngine (401)
[2023.10.08-16.48.44:395][706]LogModuleManager: Shutting down and abandoning module BackChannel (398)
[2023.10.08-16.48.44:395][706]LogModuleManager: Shutting down and abandoning module AutomationUtils (396)
[2023.10.08-16.48.44:395][706]LogModuleManager: Shutting down and abandoning module VisualStudioCodeSourceCodeAccess (394)
[2023.10.08-16.48.44:395][706]LogModuleManager: Shutting down and abandoning module VisualStudioSourceCodeAccess (392)
[2023.10.08-16.48.44:395][706]LogModuleManager: Shutting down and abandoning module HotReload (391)
[2023.10.08-16.48.44:396][706]LogModuleManager: Shutting down and abandoning module UObjectPlugin (388)
[2023.10.08-16.48.44:396][706]LogModuleManager: Shutting down and abandoning module SubversionSourceControl (386)
[2023.10.08-16.48.44:396][706]LogModuleManager: Shutting down and abandoning module PerforceSourceControl (384)
[2023.10.08-16.48.44:396][706]LogModuleManager: Shutting down and abandoning module SourceControl (383)
[2023.10.08-16.48.44:396][706]LogModuleManager: Shutting down and abandoning module CLionSourceCodeAccess (380)
[2023.10.08-16.48.44:396][706]LogModuleManager: Shutting down and abandoning module OodleNetworkHandlerComponent (378)
[2023.10.08-16.48.44:396][706]LogModuleManager: Shutting down and abandoning module LiveLinkSequencer (376)
[2023.10.08-16.48.44:396][706]LogModuleManager: Shutting down and abandoning module LiveLinkMovieScene (374)
[2023.10.08-16.48.44:396][706]LogModuleManager: Shutting down and abandoning module LiveLinkGraphNode (372)
[2023.10.08-16.48.44:396][706]LogModuleManager: Shutting down and abandoning module LiveLinkComponents (370)
[2023.10.08-16.48.44:396][706]LogModuleManager: Shutting down and abandoning module LiveLink (368)
[2023.10.08-16.48.44:896][706]LogModuleManager: Shutting down and abandoning module LightPropagationVolumeRuntime (366)
[2023.10.08-16.48.44:896][706]LogModuleManager: Shutting down and abandoning module SoundFields (364)
[2023.10.08-16.48.44:896][706]LogModuleManager: Shutting down and abandoning module SignificanceManager (362)
[2023.10.08-16.48.44:896][706]LogModuleManager: Shutting down and abandoning module RuntimePhysXCooking (360)
[2023.10.08-16.48.44:896][706]LogModuleManager: Shutting down and abandoning module PropertyAccessEditor (358)
[2023.10.08-16.48.44:896][706]LogModuleManager: Shutting down and abandoning module PhysXVehiclesEditor (356)
[2023.10.08-16.48.44:896][706]LogModuleManager: Shutting down and abandoning module LocationServicesBPLibrary (352)
[2023.10.08-16.48.44:896][706]LogModuleManager: Shutting down and abandoning module AudioSynesthesia (350)
[2023.10.08-16.48.44:896][706]LogModuleManager: Shutting down and abandoning module AudioSynesthesiaCore (348)
[2023.10.08-16.48.44:896][706]LogModuleManager: Shutting down and abandoning module UdpMessaging (346)
[2023.10.08-16.48.44:997][706]LogModuleManager: Shutting down and abandoning module ActorSequence (344)
[2023.10.08-16.48.44:997][706]LogModuleManager: Shutting down and abandoning module TcpMessaging (342)
[2023.10.08-16.48.45:097][706]LogModuleManager: Shutting down and abandoning module ImgMediaEngine (340)
[2023.10.08-16.48.45:097][706]LogModuleManager: Shutting down and abandoning module QuestEditor (338)
[2023.10.08-16.48.45:097][706]LogModuleManager: Shutting down and abandoning module MagicLeapARPin (336)
[2023.10.08-16.48.45:097][706]LogModuleManager: Shutting down and abandoning module MagicLeapHandMeshing (334)
[2023.10.08-16.48.45:097][706]LogModuleManager: Shutting down and abandoning module MagicLeapSecureStorage (332)
[2023.10.08-16.48.45:097][706]LogModuleManager: Shutting down and abandoning module MagicLeapPrivileges (330)
[2023.10.08-16.48.45:097][706]LogModuleManager: Shutting down and abandoning module MagicLeapPlanes (328)
[2023.10.08-16.48.45:097][706]LogMagicLeapPlanes: Planes tracker already destroyed.
[2023.10.08-16.48.45:097][706]LogModuleManager: Shutting down and abandoning module MagicLeapImageTracker (326)
[2023.10.08-16.48.45:097][706]LogModuleManager: Shutting down and abandoning module MagicLeapIdentity (324)
[2023.10.08-16.48.45:097][706]LogModuleManager: Shutting down and abandoning module MagicLeapHandTracking (322)
[2023.10.08-16.48.45:097][706]LogModuleManager: Shutting down and abandoning module MagicLeapEyeTracker (320)
[2023.10.08-16.48.45:097][706]LogModuleManager: Shutting down and abandoning module MagicLeapController (318)
[2023.10.08-16.48.45:097][706]LogModuleManager: Shutting down and abandoning module MagicLeapARPinImpl (316)
[2023.10.08-16.48.45:097][706]LogModuleManager: Shutting down and abandoning module MagicLeapAR (314)
[2023.10.08-16.48.45:097][706]LogModuleManager: Shutting down and abandoning module PythonScriptPlugin (312)
[2023.10.08-16.48.45:097][706]LogModuleManager: Shutting down and abandoning module NiagaraAnimNotifies (310)
[2023.10.08-16.48.45:097][706]LogModuleManager: Shutting down and abandoning module Niagara (308)
[2023.10.08-16.48.45:097][706]LogModuleManager: Shutting down and abandoning module SignalProcessing (307)
[2023.10.08-16.48.45:097][706]LogModuleManager: Shutting down and abandoning module NiagaraEditor (305)
[2023.10.08-16.48.45:098][706]LogModuleManager: Shutting down and abandoning module ContentBrowser (304)
[2023.10.08-16.48.45:098][706]LogModuleManager: Shutting down and abandoning module CollectionManager (303)
[2023.10.08-16.48.45:098][706]LogModuleManager: Shutting down and abandoning module DirectoryWatcher (302)
[2023.10.08-16.48.45:098][706]LogModuleManager: Shutting down and abandoning module ContentBrowserData (299)
[2023.10.08-16.48.45:098][706]LogModuleManager: Shutting down and abandoning module NiagaraCore (294)
[2023.10.08-16.48.45:098][706]LogModuleManager: Shutting down and abandoning module GameplayTagsEditor (292)
[2023.10.08-16.48.45:098][706]LogModuleManager: Shutting down and abandoning module FacialAnimation (290)
[2023.10.08-16.48.45:098][706]LogModuleManager: Shutting down and abandoning module AssetManagerEditor (288)
[2023.10.08-16.48.45:098][706]LogModuleManager: Shutting down and abandoning module TreeMap (287)
[2023.10.08-16.48.45:098][706]LogModuleManager: Shutting down and abandoning module PropertyAccessNode (284)
[2023.10.08-16.48.45:098][706]LogModuleManager: Shutting down and abandoning module AnimationSharing (282)
[2023.10.08-16.48.45:098][706]LogModuleManager: Shutting down and abandoning module GameplayCameras (280)
[2023.10.08-16.48.45:098][706]LogModuleManager: Shutting down and abandoning module EnvironmentQueryEditor (278)
[2023.10.08-16.48.45:098][706]LogModuleManager: Shutting down and abandoning module Paper2D (276)
[2023.10.08-16.48.45:098][706]LogModuleManager: Shutting down and abandoning module WindowsMoviePlayer (274)
[2023.10.08-16.48.45:099][706]LogModuleManager: Shutting down and abandoning module WebMMoviePlayer (272)
[2023.10.08-16.48.45:099][706]LogModuleManager: Shutting down and abandoning module NetworkReplayStreaming (270)
[2023.10.08-16.48.45:099][706]LogModuleManager: Shutting down and abandoning module PacketHandler (268)
[2023.10.08-16.48.45:099][706]LogModuleManager: Shutting down and abandoning module ClothingSystemEditor (266)
[2023.10.08-16.48.45:099][706]LogModuleManager: Shutting down and abandoning module ClothingSystemRuntimeNv (264)
[2023.10.08-16.48.45:099][706]LogModuleManager: Shutting down and abandoning module MediaAssets (262)
[2023.10.08-16.48.45:099][706]LogModuleManager: Shutting down and abandoning module Overlay (260)
[2023.10.08-16.48.45:099][706]LogModuleManager: Shutting down and abandoning module OverlayEditor (259)
[2023.10.08-16.48.45:099][706]LogModuleManager: Shutting down and abandoning module VREditor (256)
[2023.10.08-16.48.45:099][706]LogModuleManager: Shutting down and abandoning module StringTableEditor (254)
[2023.10.08-16.48.45:099][706]LogModuleManager: Shutting down and abandoning module GameplayTasksEditor (252)
[2023.10.08-16.48.45:099][706]LogModuleManager: Shutting down and abandoning module BehaviorTreeEditor (250)
[2023.10.08-16.48.45:099][706]LogModuleManager: Shutting down and abandoning module FunctionalTesting (248)
[2023.10.08-16.48.45:099][706]LogModuleManager: Shutting down and abandoning module CollisionAnalyzer (246)
[2023.10.08-16.48.45:100][706]LogModuleManager: Shutting down and abandoning module WorkspaceMenuStructure (245)
[2023.10.08-16.48.45:100][706]LogModuleManager: Shutting down and abandoning module UMG (242)
[2023.10.08-16.48.45:100][706]LogModuleManager: Shutting down and abandoning module UMGEditor (241)
[2023.10.08-16.48.45:100][706]LogModuleManager: Shutting down and abandoning module Sequencer (240)
[2023.10.08-16.48.45:100][706]LogModuleManager: Shutting down and abandoning module MessageLog (237)
[2023.10.08-16.48.45:100][706]LogModuleManager: Shutting down and abandoning module SlateReflector (232)
[2023.10.08-16.48.45:100][706]LogModuleManager: Shutting down and abandoning module Slate (230)
[2023.10.08-16.48.45:100][706]LogModuleManager: Shutting down and abandoning module SlateCore (228)
[2023.10.08-16.48.45:101][706]LogModuleManager: Shutting down and abandoning module LandscapeEditorUtilities (226)
[2023.10.08-16.48.45:101][706]LogModuleManager: Shutting down and abandoning module UnrealEd (224)
[2023.10.08-16.48.45:101][706]LogModuleManager: Shutting down and abandoning module MRMesh (222)
[2023.10.08-16.48.45:101][706]LogModuleManager: Shutting down and abandoning module Messaging (220)
[2023.10.08-16.48.45:101][706]LogModuleManager: Shutting down and abandoning module SourceCodeAccess (218)
[2023.10.08-16.48.45:101][706]LogModuleManager: Shutting down and abandoning module HeadMountedDisplay (216)
[2023.10.08-16.48.45:101][706]LogModuleManager: Shutting down and abandoning module XAudio2 (214)
[2023.10.08-16.48.45:101][706]LogModuleManager: Shutting down and abandoning module Networking (212)
[2023.10.08-16.48.45:101][706]LogModuleManager: Shutting down and abandoning module Core (210)
[2023.10.08-16.48.45:101][706]LogModuleManager: Shutting down and abandoning module MaterialEditor (208)
[2023.10.08-16.48.45:101][706]LogModuleManager: Shutting down and abandoning module MovieSceneTools (206)
[2023.10.08-16.48.45:101][706]LogModuleManager: Shutting down and abandoning module EditorStyle (205)
[2023.10.08-16.48.45:103][706]LogModuleManager: Shutting down and abandoning module KismetCompiler (202)
[2023.10.08-16.48.45:103][706]LogModuleManager: Shutting down and abandoning module MeshBuilder (200)
[2023.10.08-16.48.45:103][706]LogModuleManager: Shutting down and abandoning module MeshUtilities (198)
[2023.10.08-16.48.45:103][706]LogModuleManager: Shutting down and abandoning module MeshMergeUtilities (197)
[2023.10.08-16.48.45:103][706]LogModuleManager: Shutting down and abandoning module MeshReductionInterface (196)
[2023.10.08-16.48.45:103][706]LogModuleManager: Shutting down and abandoning module MeshBoneReduction (195)
[2023.10.08-16.48.45:103][706]LogModuleManager: Shutting down and abandoning module SkeletalMeshReduction (193)
[2023.10.08-16.48.45:103][706]LogModuleManager: Shutting down and abandoning module ProxyLODMeshReduction (191)
[2023.10.08-16.48.45:103][706]LogModuleManager: Shutting down and abandoning module QuadricMeshReduction (189)
[2023.10.08-16.48.45:103][706]LogModuleManager: Shutting down and abandoning module MaterialBaking (185)
[2023.10.08-16.48.45:103][706]LogModuleManager: Shutting down and abandoning module NullInstallBundleManager (180)
[2023.10.08-16.48.45:103][706]LogModuleManager: Shutting down and abandoning module PIEPreviewDeviceProfileSelector (178)
[2023.10.08-16.48.45:103][706]LogModuleManager: Shutting down and abandoning module DerivedDataCache (176)
[2023.10.08-16.48.45:103][706]LogModuleManager: Shutting down and abandoning module TargetPlatform (174)
[2023.10.08-16.48.45:103][706]LogModuleManager: Shutting down and abandoning module VulkanShaderFormat (173)
[2023.10.08-16.48.45:103][706]LogModuleManager: Shutting down and abandoning module ShaderFormatVectorVM (171)
[2023.10.08-16.48.45:103][706]LogModuleManager: Shutting down and abandoning module ShaderFormatOpenGL (169)
[2023.10.08-16.48.45:103][706]LogModuleManager: Shutting down and abandoning module ShaderFormatD3D (167)
[2023.10.08-16.48.45:103][706]LogModuleManager: Shutting down and abandoning module MetalShaderFormat (165)
[2023.10.08-16.48.45:103][706]LogModuleManager: Shutting down and abandoning module TextureFormatOodle (163)
[2023.10.08-16.48.45:103][706]LogModuleManager: Shutting down and abandoning module TextureFormatUncompressed (161)
[2023.10.08-16.48.45:103][706]LogModuleManager: Shutting down and abandoning module TextureFormatPVR (159)
[2023.10.08-16.48.45:103][706]LogModuleManager: Shutting down and abandoning module TextureFormatETC2 (157)
[2023.10.08-16.48.45:103][706]LogModuleManager: Shutting down and abandoning module TextureFormatDXT (155)
[2023.10.08-16.48.45:103][706]LogModuleManager: Shutting down and abandoning module TextureFormatIntelISPCTexComp (153)
[2023.10.08-16.48.45:103][706]LogModuleManager: Shutting down and abandoning module TextureFormatASTC (151)
[2023.10.08-16.48.45:104][706]LogModuleManager: Shutting down and abandoning module ImageWrapper (150)
[2023.10.08-16.48.45:104][706]LogModuleManager: Shutting down and abandoning module AudioFormatOpus (147)
[2023.10.08-16.48.45:104][706]LogModuleManager: Shutting down and abandoning module AudioFormatOgg (145)
[2023.10.08-16.48.45:104][706]LogModuleManager: Shutting down and abandoning module AudioFormatADPCM (143)
[2023.10.08-16.48.45:104][706]LogModuleManager: Shutting down and abandoning module WindowsServerTargetPlatform (141)
[2023.10.08-16.48.45:104][706]LogModuleManager: Shutting down and abandoning module WindowsClientTargetPlatform (139)
[2023.10.08-16.48.45:104][706]LogModuleManager: Shutting down and abandoning module WindowsTargetPlatform (137)
[2023.10.08-16.48.45:104][706]LogModuleManager: Shutting down and abandoning module WindowsNoEditorTargetPlatform (135)
[2023.10.08-16.48.45:104][706]LogModuleManager: Shutting down and abandoning module D3D11RHI (132)
[2023.10.08-16.48.45:104][706]LogModuleManager: Shutting down and abandoning module InputCore (130)
[2023.10.08-16.48.45:104][706]LogModuleManager: Shutting down and abandoning module Settings (128)
[2023.10.08-16.48.45:104][706]LogModuleManager: Shutting down and abandoning module PhysXCooking (126)
[2023.10.08-16.48.45:104][706]LogModuleManager: Shutting down and abandoning module Chaos (124)
[2023.10.08-16.48.45:104][706]LogModuleManager: Shutting down and abandoning module WindowsPlatformFeatures (122)
[2023.10.08-16.48.45:104][706]LogModuleManager: Shutting down and abandoning module GameplayMediaEncoder (121)
[2023.10.08-16.48.45:104][706]LogModuleManager: Shutting down and abandoning module AVEncoder (120)
[2023.10.08-16.48.45:104][706]LogModuleManager: Shutting down and abandoning module SteamVRInputDevice (116)
[2023.10.08-16.48.45:104][706]LogModuleManager: Shutting down and abandoning module SteamVRInput (114)
[2023.10.08-16.48.45:104][706]LogModuleManager: Shutting down and abandoning module SteamVR (112)
[2023.10.08-16.48.45:104][706]LogHMD: Freeing OpenVRDLLHandle.
[2023.10.08-16.48.45:104][706]LogModuleManager: Shutting down and abandoning module OculusHMD (110)
[2023.10.08-16.48.45:104][706]LogModuleManager: Shutting down and abandoning module OpenXRAR (108)
[2023.10.08-16.48.45:104][706]LogModuleManager: Shutting down and abandoning module AugmentedReality (107)
[2023.10.08-16.48.45:104][706]LogModuleManager: Shutting down and abandoning module OpenXRHandTracking (104)
[2023.10.08-16.48.45:104][706]LogSlate: Slate User Destroyed.  User Index 0, Is Virtual User: 0
[2023.10.08-16.48.45:104][706]LogModuleManager: Shutting down and abandoning module OpenXRHMD (103)
[2023.10.08-16.48.45:104][706]LogModuleManager: Shutting down and abandoning module OpenXREyeTracker (100)
[2023.10.08-16.48.45:104][706]LogModuleManager: Shutting down and abandoning module ExampleDeviceProfileSelector (98)
[2023.10.08-16.48.45:104][706]LogModuleManager: Shutting down and abandoning module ChunkDownloader (96)
[2023.10.08-16.48.45:104][706]LogModuleManager: Shutting down and abandoning module OnlineBlueprintSupport (94)
[2023.10.08-16.48.45:104][706]LogModuleManager: Shutting down and abandoning module LauncherChunkInstaller (90)
[2023.10.08-16.48.45:104][706]LogModuleManager: Shutting down and abandoning module OnlineSubsystem (88)
[2023.10.08-16.48.45:105][706]LogModuleManager: Shutting down and abandoning module XMPP (83)
[2023.10.08-16.48.45:105][706]LogModuleManager: Shutting down and abandoning module WebSockets (82)
[2023.10.08-16.48.45:133][706]LogModuleManager: Shutting down and abandoning module HTTP (79)
[2023.10.08-16.48.45:133][706]LogHttp: Display: cleaning up 0 outstanding Http requests.
[2023.10.08-16.48.45:166][706]LogModuleManager: Shutting down and abandoning module SSL (78)
[2023.10.08-16.48.45:167][706]LogModuleManager: Shutting down and abandoning module ExrReaderGpu (74)
[2023.10.08-16.48.45:168][706]LogModuleManager: Shutting down and abandoning module WmfMedia (72)
[2023.10.08-16.48.45:175][706]LogModuleManager: Shutting down and abandoning module Media (71)
[2023.10.08-16.48.45:176][706]LogModuleManager: Shutting down and abandoning module MediaInfo (70)
[2023.10.08-16.48.45:176][706]LogModuleManager: Shutting down and abandoning module MLSDK (66)
[2023.10.08-16.48.45:176][706]LogModuleManager: Shutting down and abandoning module MagicLeap (64)
[2023.10.08-16.48.45:176][706]LogModuleManager: Shutting down and abandoning module ChaosCloth (62)
[2023.10.08-16.48.45:176][706]LogModuleManager: Shutting down and abandoning module NiagaraVertexFactories (60)
[2023.10.08-16.48.45:176][706]LogModuleManager: Shutting down and abandoning module NiagaraShader (58)
[2023.10.08-16.48.45:176][706]LogModuleManager: Shutting down and abandoning module VariantManagerContent (56)
[2023.10.08-16.48.45:176][706]LogModuleManager: Shutting down and abandoning module DatasmithContent (54)
[2023.10.08-16.48.45:178][706]LogModuleManager: Shutting down and abandoning module PixWinPlugin (52)
[2023.10.08-16.48.45:179][706]LogModuleManager: Shutting down and abandoning module AISupportModule (50)
[2023.10.08-16.48.45:179][706]LogModuleManager: Shutting down and abandoning module DesktopPlatform (48)
[2023.10.08-16.48.45:179][706]LogModuleManager: Shutting down and abandoning module PythonScriptPluginPreload (46)
[2023.10.08-16.48.45:179][706]LogModuleManager: Shutting down and abandoning module PlatformCryptoOpenSSL (44)
[2023.10.08-16.48.45:179][706]LogModuleManager: Shutting down and abandoning module PlatformCryptoTypes (42)
[2023.10.08-16.48.45:179][706]LogModuleManager: Shutting down and abandoning module PlatformCrypto (40)
[2023.10.08-16.48.45:179][706]LogModuleManager: Shutting down and abandoning module OodleDataCompressionFormat (38)
[2023.10.08-16.48.45:179][706]LogModuleManager: Shutting down and abandoning module XGEController (36)
[2023.10.08-16.48.45:179][706]LogModuleManager: Shutting down and abandoning module AnimationModifiers (34)
[2023.10.08-16.48.45:179][706]LogModuleManager: Shutting down and abandoning module AudioEditor (32)
[2023.10.08-16.48.45:179][706]LogModuleManager: Shutting down and abandoning module PropertyEditor (31)
[2023.10.08-16.48.45:179][706]LogModuleManager: Shutting down and abandoning module TextureCompressor (28)
[2023.10.08-16.48.45:179][706]LogModuleManager: Shutting down and abandoning module RenderCore (26)
[2023.10.08-16.48.45:179][706]LogModuleManager: Shutting down and abandoning module Landscape (24)
[2023.10.08-16.48.45:179][706]LogModuleManager: Shutting down and abandoning module SlateRHIRenderer (22)
[2023.10.08-16.48.45:179][706]LogModuleManager: Shutting down and abandoning module AnimGraphRuntime (20)
[2023.10.08-16.48.45:179][706]LogModuleManager: Shutting down and abandoning module Renderer (18)
[2023.10.08-16.48.45:179][706]LogModuleManager: Shutting down and abandoning module Engine (16)
[2023.10.08-16.48.45:180][706]LogModuleManager: Shutting down and abandoning module CoreUObject (14)
[2023.10.08-16.48.45:180][706]LogModuleManager: Shutting down and abandoning module NetworkFile (12)
[2023.10.08-16.48.45:180][706]LogModuleManager: Shutting down and abandoning module CookedIterativeFile (10)
[2023.10.08-16.48.45:180][706]LogModuleManager: Shutting down and abandoning module StreamingFile (8)
[2023.10.08-16.48.45:180][706]LogModuleManager: Shutting down and abandoning module SandboxFile (6)
[2023.10.08-16.48.45:180][706]LogModuleManager: Shutting down and abandoning module PakFile (4)
[2023.10.08-16.48.45:180][706]LogModuleManager: Shutting down and abandoning module RSA (3)
[2023.10.08-16.48.45:400][706]LogContentStreaming: Display: There are 1 unreleased StreamingManagers
[2023.10.08-16.48.45:416][706]LogD3D11RHI: Shutdown
[2023.10.08-16.48.45:416][706]LogD3D11RHI: CleanupD3DDevice
[2023.10.08-16.48.45:419][706]LogExit: Exiting.
[2023.10.08-16.48.45:434][706]Log file closed, 10/08/23 10:48:45
